#
# There is insufficient memory for the Java Runtime Environment to continue.
# Native memory allocation (malloc) failed to allocate 1094656 bytes for Chunk::new
# Possible reasons:
#   The system is out of physical RAM or swap space
#   The process is running with CompressedOops enabled, and the Java Heap may be blocking the growth of the native heap
# Possible solutions:
#   Reduce memory load on the system
#   Increase physical memory or swap space
#   Check if swap backing store is full
#   Decrease Java heap size (-Xmx/-Xms)
#   Decrease number of Java threads
#   Decrease Java thread stack sizes (-Xss)
#   Set larger code cache with -XX:ReservedCodeCacheSize=
#   JVM is running with Unscaled Compressed Oops mode in which the Java heap is
#     placed in the first 4GB address space. The Java Heap base address is the
#     maximum limit for the native heap growth. Please use -XX:HeapBaseMinAddress
#     to set the Java Heap base and to place the Java Heap above 4GB virtual address.
# This output file may be truncated or incomplete.
#
#  Out of Memory Error (allocation.cpp:389), pid=23120, tid=0x0000000000004f80
#
# JRE version: OpenJDK Runtime Environment (8.0_202-b03) (build 1.8.0_202-release-1483-b03)
# Java VM: OpenJDK 64-Bit Server VM (25.202-b03 mixed mode windows-amd64 compressed oops)
# Failed to write core dump. Minidumps are not enabled by default on client versions of Windows
#

---------------  T H R E A D  ---------------

Current thread (0x000000001607d000):  JavaThread "C2 CompilerThread1" daemon [_thread_in_native, id=20352, stack(0x00000000177d0000,0x00000000178d0000)]

Stack: [0x00000000177d0000,0x00000000178d0000]
[error occurred during error reporting (printing stack bounds), id 0xc0000005]

Native frames: (J=compiled Java code, j=interpreted, Vv=VM code, C=native code)


Current CompileTask:
C2:19847231 44597       4       org.gradle.api.internal.artifacts.ivyservice.modulecache.PersistentModuleMetadataCache$1::create (5 bytes)


---------------  P R O C E S S  ---------------

Java Threads: ( => current thread )
  0x000000001c900800 JavaThread "Cache worker for Build Output Cleanup Cache (G:\IP\2020\RunningProject\tamasvideoapp_05_Feb\.gradle\buildOutputCleanup)" [_thread_blocked, id=15968, stack(0x0000000029790000,0x0000000029890000)]
  0x000000001c8fd000 JavaThread "Build operations Thread 4" [_thread_blocked, id=11564, stack(0x0000000029690000,0x0000000029790000)]
  0x000000001f837800 JavaThread "Build operations Thread 3" [_thread_blocked, id=22508, stack(0x0000000028790000,0x0000000028890000)]
  0x000000001f83c800 JavaThread "Build operations Thread 2" [_thread_blocked, id=21936, stack(0x0000000027910000,0x0000000027a10000)]
  0x000000001f83c000 JavaThread "Build operations" [_thread_blocked, id=12304, stack(0x0000000027510000,0x0000000027610000)]
  0x000000001f836800 JavaThread "Cache worker for cache directory md-rule (C:\Users\lenovo\.gradle\caches\5.4.1\md-rule)" [_thread_blocked, id=14328, stack(0x00000000237a0000,0x00000000238a0000)]
  0x000000001f833000 JavaThread "Cache worker for cache directory md-supplier (C:\Users\lenovo\.gradle\caches\5.4.1\md-supplier)" [_thread_blocked, id=13256, stack(0x0000000022e60000,0x0000000022f60000)]
  0x000000001f832000 JavaThread "Cache worker for file hash cache (G:\IP\2020\RunningProject\tamasvideoapp_05_Feb\.gradle\5.4.1\fileHashes)" [_thread_blocked, id=16136, stack(0x0000000022160000,0x0000000022260000)]
  0x000000001f830000 JavaThread "Thread-387" [_thread_blocked, id=1484, stack(0x0000000021960000,0x0000000021a60000)]
  0x000000001f836000 JavaThread "Stdin handler" [_thread_blocked, id=6012, stack(0x0000000021860000,0x0000000021960000)]
  0x000000001f833800 JavaThread "Asynchronous log dispatcher for DefaultDaemonConnection: socket connection from /127.0.0.1:65397 to /127.0.0.1:50614" [_thread_blocked, id=21452, stack(0x0000000020310000,0x0000000020410000)]
  0x000000001f82e800 JavaThread "Daemon worker Thread 16" [_thread_in_Java, id=22400, stack(0x000000001ff10000,0x0000000020010000)]
  0x000000001f831800 JavaThread "Cancel handler" [_thread_blocked, id=10192, stack(0x000000001a920000,0x000000001aa20000)]
  0x000000001f835000 JavaThread "Handler for socket connection from /127.0.0.1:65397 to /127.0.0.1:50614" [_thread_in_native, id=20056, stack(0x000000001a620000,0x000000001a720000)]
  0x000000001f834800 JavaThread "Daemon Thread 16" [_thread_blocked, id=20336, stack(0x000000001a120000,0x000000001a220000)]
  0x000000001f83b000 JavaThread "RMI Reaper" [_thread_blocked, id=12424, stack(0x00000000322a0000,0x00000000323a0000)]
  0x000000001f839000 JavaThread "GC Daemon" daemon [_thread_blocked, id=13812, stack(0x00000000321a0000,0x00000000322a0000)]
  0x000000001e997800 JavaThread "RMI TCP Accept-0" daemon [_thread_in_native, id=2036, stack(0x000000002b4d0000,0x000000002b5d0000)]
  0x000000001e99c000 JavaThread "RMI Scheduler(0)" daemon [_thread_blocked, id=16172, stack(0x000000001e790000,0x000000001e890000)]
  0x000000001c8fc000 JavaThread "pool-13-thread-1" [_thread_blocked, id=10184, stack(0x0000000027810000,0x0000000027910000)]
  0x000000001e9a2000 JavaThread "Cache worker for Java compile cache (C:\Users\lenovo\.gradle\caches\5.4.1\javaCompile)" [_thread_blocked, id=23300, stack(0x0000000028690000,0x0000000028790000)]
  0x000000001c909000 JavaThread "Cache worker for file content cache (C:\Users\lenovo\.gradle\caches\5.4.1\fileContent)" [_thread_blocked, id=6428, stack(0x0000000027c90000,0x0000000027d90000)]
  0x000000001e99d800 JavaThread "Memory manager" [_thread_blocked, id=5440, stack(0x0000000000bc0000,0x0000000000cc0000)]
  0x000000001e99a800 JavaThread "pool-1-thread-1" [_thread_blocked, id=18156, stack(0x0000000021e60000,0x0000000021f60000)]
  0x000000001e99b800 JavaThread "Cache worker for execution history cache (C:\Users\lenovo\.gradle\caches\5.4.1\executionHistory)" [_thread_blocked, id=4924, stack(0x0000000020210000,0x0000000020310000)]
  0x0000000017b6e000 JavaThread "Cache worker for journal cache (C:\Users\lenovo\.gradle\caches\journal-1)" [_thread_blocked, id=10780, stack(0x000000001ac20000,0x000000001ad20000)]
  0x0000000017b6d000 JavaThread "File lock request listener" [_thread_in_native, id=20460, stack(0x000000001ab20000,0x000000001ac20000)]
  0x0000000018410800 JavaThread "Cache worker for file hash cache (C:\Users\lenovo\.gradle\caches\5.4.1\fileHashes)" [_thread_blocked, id=2136, stack(0x000000001aa20000,0x000000001ab20000)]
  0x0000000018472800 JavaThread "Daemon periodic checks" [_thread_blocked, id=22968, stack(0x000000001a020000,0x000000001a120000)]
  0x0000000017d79000 JavaThread "Incoming local TCP Connector on port 65397" [_thread_in_native, id=12180, stack(0x0000000019de0000,0x0000000019ee0000)]
  0x000000001914e000 JavaThread "Daemon health stats" [_thread_blocked, id=21320, stack(0x00000000197a0000,0x00000000198a0000)]
  0x0000000016084800 JavaThread "Service Thread" daemon [_thread_blocked, id=21468, stack(0x0000000017dd0000,0x0000000017ed0000)]
  0x0000000016081800 JavaThread "C1 CompilerThread2" daemon [_thread_blocked, id=17540, stack(0x00000000178d0000,0x00000000179d0000)]
=>0x000000001607d000 JavaThread "C2 CompilerThread1" daemon [_thread_in_native, id=20352, stack(0x00000000177d0000,0x00000000178d0000)]
  0x0000000016089000 JavaThread "C2 CompilerThread0" daemon [_thread_in_native, id=7212, stack(0x00000000176d0000,0x00000000177d0000)]
  0x0000000016087800 JavaThread "Attach Listener" daemon [_thread_blocked, id=19888, stack(0x00000000175d0000,0x00000000176d0000)]
  0x0000000016086000 JavaThread "Signal Dispatcher" daemon [_thread_blocked, id=19680, stack(0x00000000174d0000,0x00000000175d0000)]
  0x000000000268c000 JavaThread "Finalizer" daemon [_thread_blocked, id=11972, stack(0x00000000172d0000,0x00000000173d0000)]
  0x0000000016069000 JavaThread "Reference Handler" daemon [_thread_blocked, id=23536, stack(0x00000000171d0000,0x00000000172d0000)]
  0x000000000270e800 JavaThread "main" [_thread_blocked, id=9332, stack(0x0000000002460000,0x0000000002560000)]

Other Threads:
  0x0000000016047800 VMThread [stack: 0x00000000170d0000,0x00000000171d0000] [id=13608]
  0x00000000160de800 WatcherThread [stack: 0x0000000017ed0000,0x0000000017fd0000] [id=13944]

VM state:not at safepoint (normal execution)

VM Mutex/Monitor currently owned by a thread: None

heap address: 0x00000000a0000000, size: 1536 MB, Compressed Oops mode: 32-bit
Narrow klass base: 0x0000000000000000, Narrow klass shift: 3
Compressed class space size: 1073741824 Address: 0x0000000100000000

Heap:
 PSYoungGen      total 351232K, used 90846K [0x00000000e0000000, 0x00000000fe280000, 0x0000000100000000)
  eden space 208384K, 35% used [0x00000000e0000000,0x00000000e484dc30,0x00000000ecb80000)
  from space 142848K, 11% used [0x00000000ecb80000,0x00000000edbe9f98,0x00000000f5700000)
  to   space 137216K, 0% used [0x00000000f5c80000,0x00000000f5c80000,0x00000000fe280000)
 ParOldGen       total 478208K, used 116157K [0x00000000a0000000, 0x00000000bd300000, 0x00000000e0000000)
  object space 478208K, 24% used [0x00000000a0000000,0x00000000a716f788,0x00000000bd300000)
 Metaspace       used 163194K, capacity 172244K, committed 172492K, reserved 1200128K
  class space    used 20220K, capacity 21844K, committed 22016K, reserved 1048576K

Card table byte_map: [0x0000000011ad0000,0x0000000011de0000] byte_map_base: 0x00000000115d0000

Marking Bits: (ParMarkBitMap*) 0x000000006bf29f30
 Begin Bits: [0x00000000123e0000, 0x0000000013be0000)
 End Bits:   [0x0000000013be0000, 0x00000000153e0000)

Polling page: 0x0000000000810000

CodeCache: size=245760Kb used=117834Kb max_used=117834Kb free=127925Kb
 bounds [0x0000000002710000, 0x0000000009b00000, 0x0000000011710000]
 total_blobs=33006 nmethods=31984 adapters=933
 compilation: enabled

Compilation events (10 events):
Event: 19847.070 Thread 0x0000000016081800 44614       3       org.jetbrains.kotlin.gradle.plugin.sources.DefaultKotlinSourceSet::getApiMetadataConfigurationName (20 bytes)
Event: 19847.071 Thread 0x0000000016081800 nmethod 44614 0x00000000067cd150 code [0x00000000067cd2e0, 0x00000000067cd878]
Event: 19847.071 Thread 0x0000000016081800 44613       1       org.jetbrains.kotlin.gradle.plugin.sources.DefaultKotlinSourceSet::getResources (5 bytes)
Event: 19847.071 Thread 0x0000000016081800 nmethod 44613 0x00000000080acb50 code [0x00000000080acca0, 0x00000000080acdb0]
Event: 19847.071 Thread 0x0000000016081800 44615       3       org.gradle.internal.event.BroadcastDispatch$CompositeDispatch::<init> (12 bytes)
Event: 19847.072 Thread 0x0000000016081800 nmethod 44615 0x000000000987cc90 code [0x000000000987ce00, 0x000000000987d110]
Event: 19847.076 Thread 0x0000000016089000 44616       4       org.codehaus.groovy.runtime.MetaClassHelper::getMaximumInterfaceDistance (101 bytes)
Event: 19847.078 Thread 0x0000000016081800 44617       1       org.gradle.api.internal.DefaultNamedDomainObjectCollection::getElementsAsDynamicObject (5 bytes)
Event: 19847.079 Thread 0x0000000016081800 nmethod 44617 0x00000000080ac890 code [0x00000000080ac9e0, 0x00000000080acaf0]
Event: 19847.079 Thread 0x0000000016081800 44618       3       org.gradle.internal.metaobject.BeanDynamicObject$MetaClassAdapter::inferTypes (60 bytes)

GC Heap History (10 events):
Event: 19699.239 GC heap before
{Heap before GC invocations=114 (full 13):
 PSYoungGen      total 345088K, used 194048K [0x00000000e0000000, 0x00000000fea80000, 0x0000000100000000)
  eden space 194048K, 100% used [0x00000000e0000000,0x00000000ebd80000,0x00000000ebd80000)
  from space 151040K, 0% used [0x00000000f5700000,0x00000000f5700000,0x00000000fea80000)
  to   space 154112K, 0% used [0x00000000ebd80000,0x00000000ebd80000,0x00000000f5400000)
 ParOldGen       total 478208K, used 116125K [0x00000000a0000000, 0x00000000bd300000, 0x00000000e0000000)
  object space 478208K, 24% used [0x00000000a0000000,0x00000000a7167788,0x00000000bd300000)
 Metaspace       used 161599K, capacity 170454K, committed 170828K, reserved 1198080K
  class space    used 20064K, capacity 21643K, committed 21888K, reserved 1048576K
Event: 19699.275 GC heap after
Heap after GC invocations=114 (full 13):
 PSYoungGen      total 348160K, used 13929K [0x00000000e0000000, 0x00000000fed00000, 0x0000000100000000)
  eden space 194048K, 0% used [0x00000000e0000000,0x00000000e0000000,0x00000000ebd80000)
  from space 154112K, 9% used [0x00000000ebd80000,0x00000000ecb1a418,0x00000000f5400000)
  to   space 147456K, 0% used [0x00000000f5d00000,0x00000000f5d00000,0x00000000fed00000)
 ParOldGen       total 478208K, used 116133K [0x00000000a0000000, 0x00000000bd300000, 0x00000000e0000000)
  object space 478208K, 24% used [0x00000000a0000000,0x00000000a7169788,0x00000000bd300000)
 Metaspace       used 161599K, capacity 170454K, committed 170828K, reserved 1198080K
  class space    used 20064K, capacity 21643K, committed 21888K, reserved 1048576K
}
Event: 19711.862 GC heap before
{Heap before GC invocations=115 (full 13):
 PSYoungGen      total 348160K, used 207977K [0x00000000e0000000, 0x00000000fed00000, 0x0000000100000000)
  eden space 194048K, 100% used [0x00000000e0000000,0x00000000ebd80000,0x00000000ebd80000)
  from space 154112K, 9% used [0x00000000ebd80000,0x00000000ecb1a418,0x00000000f5400000)
  to   space 147456K, 0% used [0x00000000f5d00000,0x00000000f5d00000,0x00000000fed00000)
 ParOldGen       total 478208K, used 116133K [0x00000000a0000000, 0x00000000bd300000, 0x00000000e0000000)
  object space 478208K, 24% used [0x00000000a0000000,0x00000000a7169788,0x00000000bd300000)
 Metaspace       used 162520K, capacity 171430K, committed 171980K, reserved 1200128K
  class space    used 20148K, capacity 21745K, committed 22016K, reserved 1048576K
Event: 19711.910 GC heap after
Heap after GC invocations=115 (full 13):
 PSYoungGen      total 342016K, used 10029K [0x00000000e0000000, 0x00000000fe000000, 0x0000000100000000)
  eden space 207872K, 0% used [0x00000000e0000000,0x00000000e0000000,0x00000000ecb00000)
  from space 134144K, 7% used [0x00000000f5d00000,0x00000000f66cb418,0x00000000fe000000)
  to   space 141824K, 0% used [0x00000000ecb00000,0x00000000ecb00000,0x00000000f5580000)
 ParOldGen       total 478208K, used 116141K [0x00000000a0000000, 0x00000000bd300000, 0x00000000e0000000)
  object space 478208K, 24% used [0x00000000a0000000,0x00000000a716b788,0x00000000bd300000)
 Metaspace       used 162520K, capacity 171430K, committed 171980K, reserved 1200128K
  class space    used 20148K, capacity 21745K, committed 22016K, reserved 1048576K
}
Event: 19759.608 GC heap before
{Heap before GC invocations=116 (full 13):
 PSYoungGen      total 342016K, used 215574K [0x00000000e0000000, 0x00000000fe000000, 0x0000000100000000)
  eden space 207872K, 98% used [0x00000000e0000000,0x00000000ec8ba6f0,0x00000000ecb00000)
  from space 134144K, 7% used [0x00000000f5d00000,0x00000000f66cb418,0x00000000fe000000)
  to   space 141824K, 0% used [0x00000000ecb00000,0x00000000ecb00000,0x00000000f5580000)
 ParOldGen       total 478208K, used 116141K [0x00000000a0000000, 0x00000000bd300000, 0x00000000e0000000)
  object space 478208K, 24% used [0x00000000a0000000,0x00000000a716b788,0x00000000bd300000)
 Metaspace       used 162616K, capacity 171522K, committed 171980K, reserved 1200128K
  class space    used 20154K, capacity 21752K, committed 22016K, reserved 1048576K
Event: 19759.676 GC heap after
Heap after GC invocations=116 (full 13):
 PSYoungGen      total 349696K, used 35875K [0x00000000e0000000, 0x00000000fd700000, 0x0000000100000000)
  eden space 207872K, 0% used [0x00000000e0000000,0x00000000e0000000,0x00000000ecb00000)
  from space 141824K, 25% used [0x00000000ecb00000,0x00000000eee08d88,0x00000000f5580000)
  to   space 131072K, 0% used [0x00000000f5700000,0x00000000f5700000,0x00000000fd700000)
 ParOldGen       total 478208K, used 116149K [0x00000000a0000000, 0x00000000bd300000, 0x00000000e0000000)
  object space 478208K, 24% used [0x00000000a0000000,0x00000000a716d788,0x00000000bd300000)
 Metaspace       used 162616K, capacity 171522K, committed 171980K, reserved 1200128K
  class space    used 20154K, capacity 21752K, committed 22016K, reserved 1048576K
}
Event: 19762.616 GC heap before
{Heap before GC invocations=117 (full 13):
 PSYoungGen      total 349696K, used 243747K [0x00000000e0000000, 0x00000000fd700000, 0x0000000100000000)
  eden space 207872K, 100% used [0x00000000e0000000,0x00000000ecb00000,0x00000000ecb00000)
  from space 141824K, 25% used [0x00000000ecb00000,0x00000000eee08d88,0x00000000f5580000)
  to   space 131072K, 0% used [0x00000000f5700000,0x00000000f5700000,0x00000000fd700000)
 ParOldGen       total 478208K, used 116149K [0x00000000a0000000, 0x00000000bd300000, 0x00000000e0000000)
  object space 478208K, 24% used [0x00000000a0000000,0x00000000a716d788,0x00000000bd300000)
 Metaspace       used 162876K, capacity 171820K, committed 172236K, reserved 1200128K
  class space    used 20175K, capacity 21790K, committed 22016K, reserved 1048576K
Event: 19762.780 GC heap after
Heap after GC invocations=117 (full 13):
 PSYoungGen      total 339456K, used 93334K [0x00000000e0000000, 0x00000000fef00000, 0x0000000100000000)
  eden space 208384K, 0% used [0x00000000e0000000,0x00000000e0000000,0x00000000ecb80000)
  from space 131072K, 71% used [0x00000000f5700000,0x00000000fb2259e8,0x00000000fd700000)
  to   space 142848K, 0% used [0x00000000ecb80000,0x00000000ecb80000,0x00000000f5700000)
 ParOldGen       total 478208K, used 116149K [0x00000000a0000000, 0x00000000bd300000, 0x00000000e0000000)
  object space 478208K, 24% used [0x00000000a0000000,0x00000000a716d788,0x00000000bd300000)
 Metaspace       used 162876K, capacity 171820K, committed 172236K, reserved 1200128K
  class space    used 20175K, capacity 21790K, committed 22016K, reserved 1048576K
}
Event: 19773.159 GC heap before
{Heap before GC invocations=118 (full 13):
 PSYoungGen      total 339456K, used 301718K [0x00000000e0000000, 0x00000000fef00000, 0x0000000100000000)
  eden space 208384K, 100% used [0x00000000e0000000,0x00000000ecb80000,0x00000000ecb80000)
  from space 131072K, 71% used [0x00000000f5700000,0x00000000fb2259e8,0x00000000fd700000)
  to   space 142848K, 0% used [0x00000000ecb80000,0x00000000ecb80000,0x00000000f5700000)
 ParOldGen       total 478208K, used 116149K [0x00000000a0000000, 0x00000000bd300000, 0x00000000e0000000)
  object space 478208K, 24% used [0x00000000a0000000,0x00000000a716d788,0x00000000bd300000)
 Metaspace       used 163063K, capacity 172094K, committed 172492K, reserved 1200128K
  class space    used 20203K, capacity 21819K, committed 22016K, reserved 1048576K
Event: 19773.189 GC heap after
Heap after GC invocations=118 (full 13):
 PSYoungGen      total 351232K, used 16807K [0x00000000e0000000, 0x00000000fe280000, 0x0000000100000000)
  eden space 208384K, 0% used [0x00000000e0000000,0x00000000e0000000,0x00000000ecb80000)
  from space 142848K, 11% used [0x00000000ecb80000,0x00000000edbe9f98,0x00000000f5700000)
  to   space 137216K, 0% used [0x00000000f5c80000,0x00000000f5c80000,0x00000000fe280000)
 ParOldGen       total 478208K, used 116157K [0x00000000a0000000, 0x00000000bd300000, 0x00000000e0000000)
  object space 478208K, 24% used [0x00000000a0000000,0x00000000a716f788,0x00000000bd300000)
 Metaspace       used 163063K, capacity 172094K, committed 172492K, reserved 1200128K
  class space    used 20203K, capacity 21819K, committed 22016K, reserved 1048576K
}

Deoptimization events (10 events):
Event: 19773.971 Thread 0x0000000020d8f000 Uncommon trap: reason=unloaded action=reinterpret pc=0x0000000008374d58 method=java.util.concurrent.ForkJoinTask$AdaptedCallable.exec()Z @ 22
Event: 19776.636 Thread 0x0000000020d95000 Uncommon trap: reason=unloaded action=reinterpret pc=0x0000000008374d58 method=java.util.concurrent.ForkJoinTask$AdaptedCallable.exec()Z @ 22
Event: 19776.636 Thread 0x000000001f83c800 Uncommon trap: reason=unstable_if action=reinterpret pc=0x00000000085ebfc0 method=java.util.concurrent.ForkJoinTask.setCompletion(I)I @ 6
Event: 19776.690 Thread 0x000000001f83c800 Uncommon trap: reason=unstable_if action=reinterpret pc=0x00000000055ef92c method=org.gradle.internal.operations.DefaultBuildOperationExecutor$3.stop()V @ 61
Event: 19776.750 Thread 0x000000001f83c800 Uncommon trap: reason=class_check action=maybe_recompile pc=0x0000000005a568d0 method=com.google.common.collect.SortedIterables.hasSameComparator(Ljava/util/Comparator;Ljava/lang/Iterable;)Z @ 11
Event: 19776.785 Thread 0x000000001c903800 Uncommon trap: reason=unstable_if action=reinterpret pc=0x0000000006bf2cc8 method=java.io.ObjectOutputStream.writeString(Ljava/lang/String;Z)V @ 31
Event: 19776.822 Thread 0x000000001c903800 Uncommon trap: reason=unstable_if action=reinterpret pc=0x00000000034b5f14 method=java.io.ObjectOutputStream$BlockDataOutputStream.writeByte(I)V @ 7
Event: 19776.824 Thread 0x000000001c8fd000 Uncommon trap: reason=bimorphic action=maybe_recompile pc=0x0000000003d90f1c method=org.gradle.internal.logging.text.AbstractStyledTextOutput.text(Ljava/lang/Object;)Lorg/gradle/internal/logging/text/StyledTextOutput; @ 11
Event: 19776.856 Thread 0x000000001c8fd000 Uncommon trap: reason=unstable_if action=reinterpret pc=0x000000000541bf68 method=java.io.BufferedWriter.min(II)I @ 2
Event: 19776.890 Thread 0x000000001c900000 Uncommon trap: reason=unstable_if action=reinterpret pc=0x0000000002cb56a0 method=com.esotericsoftware.kryo.io.Output.writeUtf8Length(I)V @ 42

Classes redefined (0 events):
No events

Internal exceptions (10 events):
Event: 19773.238 Thread 0x0000000020d95000 Exception <a 'sun/nio/fs/WindowsException'> (0x00000000e00ffef0) thrown at [D:\src\AOSP-openjdk-cygwin\jdk8u\hotspot\src\share\vm\prims\jni.cpp, line 710]
Event: 19773.238 Thread 0x000000001f83c800 Exception <a 'sun/nio/fs/WindowsException'> (0x00000000e0237f68) thrown at [D:\src\AOSP-openjdk-cygwin\jdk8u\hotspot\src\share\vm\prims\jni.cpp, line 710]
Event: 19773.238 Thread 0x000000001f83c800 Exception <a 'sun/nio/fs/WindowsException'> (0x00000000e0238fd8) thrown at [D:\src\AOSP-openjdk-cygwin\jdk8u\hotspot\src\share\vm\prims\jni.cpp, line 710]
Event: 19773.238 Thread 0x0000000020d95000 Exception <a 'sun/nio/fs/WindowsException'> (0x00000000e01009d0) thrown at [D:\src\AOSP-openjdk-cygwin\jdk8u\hotspot\src\share\vm\prims\jni.cpp, line 710]
Event: 19773.239 Thread 0x0000000020d8f000 Exception <a 'sun/nio/fs/WindowsException'> (0x00000000e00b7290) thrown at [D:\src\AOSP-openjdk-cygwin\jdk8u\hotspot\src\share\vm\prims\jni.cpp, line 710]
Event: 19776.780 Thread 0x000000001c903800 Exception <a 'java/lang/NoSuchMethodError': <clinit>> (0x00000000e00374d0) thrown at [D:\src\AOSP-openjdk-cygwin\jdk8u\hotspot\src\share\vm\prims\jni.cpp, line 1614]
Event: 19776.784 Thread 0x000000001c903800 Exception <a 'java/lang/NoSuchMethodError': <clinit>> (0x00000000e1b1a8c0) thrown at [D:\src\AOSP-openjdk-cygwin\jdk8u\hotspot\src\share\vm\prims\jni.cpp, line 1614]
Event: 19776.824 Thread 0x000000001c903800 Exception <a 'java/lang/NoSuchMethodError': <clinit>> (0x00000000e22dbbe8) thrown at [D:\src\AOSP-openjdk-cygwin\jdk8u\hotspot\src\share\vm\prims\jni.cpp, line 1614]
Event: 19846.747 Thread 0x000000001f82e800 Exception <a 'sun/nio/fs/WindowsException'> (0x00000000e4339988) thrown at [D:\src\AOSP-openjdk-cygwin\jdk8u\hotspot\src\share\vm\prims\jni.cpp, line 710]
Event: 19846.751 Thread 0x000000001f82e800 Exception <a 'sun/nio/fs/WindowsException'> (0x00000000e4345fe0) thrown at [D:\src\AOSP-openjdk-cygwin\jdk8u\hotspot\src\share\vm\prims\jni.cpp, line 710]

Events (10 events):
Event: 19846.774 Executing VM operation: RevokeBias
Event: 19846.774 Executing VM operation: RevokeBias done
Event: 19846.775 Executing VM operation: BulkRevokeBias
Event: 19846.775 Executing VM operation: BulkRevokeBias done
Event: 19846.782 Executing VM operation: RevokeBias
Event: 19846.782 Executing VM operation: RevokeBias done
Event: 19847.076 Executing VM operation: RevokeBias
Event: 19847.078 Executing VM operation: RevokeBias done
Event: 19847.078 Executing VM operation: RevokeBias
Event: 19847.079 Executing VM operation: RevokeBias done


Dynamic libraries:
0x00007ff6f5dc0000 - 0x00007ff6f5df1000 	C:\Program Files\Android\Android Studio\jre\bin\java.exe
0x00007fffcecc0000 - 0x00007fffceeb0000 	C:\WINDOWS\SYSTEM32\ntdll.dll
0x00007fffcdab0000 - 0x00007fffcdb62000 	C:\WINDOWS\System32\KERNEL32.DLL
0x00007fffcc720000 - 0x00007fffcc9c3000 	C:\WINDOWS\System32\KERNELBASE.dll
0x00007fffce270000 - 0x00007fffce313000 	C:\WINDOWS\System32\ADVAPI32.dll
0x00007fffcd1a0000 - 0x00007fffcd23e000 	C:\WINDOWS\System32\msvcrt.dll
0x00007fffccf80000 - 0x00007fffcd017000 	C:\WINDOWS\System32\sechost.dll
0x00007fffceb60000 - 0x00007fffcec80000 	C:\WINDOWS\System32\RPCRT4.dll
0x00007fffcd700000 - 0x00007fffcd894000 	C:\WINDOWS\System32\USER32.dll
0x00007fffcc6f0000 - 0x00007fffcc711000 	C:\WINDOWS\System32\win32u.dll
0x00007fffce380000 - 0x00007fffce3a6000 	C:\WINDOWS\System32\GDI32.dll
0x00007fffcc550000 - 0x00007fffcc6e4000 	C:\WINDOWS\System32\gdi32full.dll
0x00007fffcc4b0000 - 0x00007fffcc54e000 	C:\WINDOWS\System32\msvcp_win.dll
0x00007fffcc9d0000 - 0x00007fffccaca000 	C:\WINDOWS\System32\ucrtbase.dll
0x00007fffb8d80000 - 0x00007fffb9005000 	C:\WINDOWS\WinSxS\amd64_microsoft.windows.common-controls_6595b64144ccf1df_6.0.18362.657_none_e6c5b579130e3898\COMCTL32.dll
0x00007fffcd240000 - 0x00007fffcd576000 	C:\WINDOWS\System32\combase.dll
0x00007fffcc430000 - 0x00007fffcc4b0000 	C:\WINDOWS\System32\bcryptPrimitives.dll
0x00007fffcced0000 - 0x00007fffccefe000 	C:\WINDOWS\System32\IMM32.DLL
0x000000006cb50000 - 0x000000006cc22000 	C:\Program Files\Android\Android Studio\jre\jre\bin\msvcr100.dll
0x000000006b760000 - 0x000000006bfa6000 	C:\Program Files\Android\Android Studio\jre\jre\bin\server\jvm.dll
0x00007fffcdb70000 - 0x00007fffcdb78000 	C:\WINDOWS\System32\PSAPI.DLL
0x00007fffb0450000 - 0x00007fffb0459000 	C:\WINDOWS\SYSTEM32\WSOCK32.dll
0x00007fffc97d0000 - 0x00007fffc97f4000 	C:\WINDOWS\SYSTEM32\WINMM.dll
0x00007fffcd690000 - 0x00007fffcd6ff000 	C:\WINDOWS\System32\WS2_32.dll
0x00007fffbb8e0000 - 0x00007fffbb8ea000 	C:\WINDOWS\SYSTEM32\VERSION.dll
0x00007fffc97a0000 - 0x00007fffc97cd000 	C:\WINDOWS\SYSTEM32\WINMMBASE.dll
0x00007fffccc20000 - 0x00007fffccc6a000 	C:\WINDOWS\System32\cfgmgr32.dll
0x00007fffb6560000 - 0x00007fffb656f000 	C:\Program Files\Android\Android Studio\jre\jre\bin\verify.dll
0x00007fff94cc0000 - 0x00007fff94ce9000 	C:\Program Files\Android\Android Studio\jre\jre\bin\java.dll
0x00007fff94970000 - 0x00007fff94986000 	C:\Program Files\Android\Android Studio\jre\jre\bin\zip.dll
0x00007fffcdb80000 - 0x00007fffce265000 	C:\WINDOWS\System32\SHELL32.dll
0x00007fffceab0000 - 0x00007fffceb59000 	C:\WINDOWS\System32\shcore.dll
0x00007fffcbcb0000 - 0x00007fffcc42f000 	C:\WINDOWS\System32\windows.storage.dll
0x00007fffcbc30000 - 0x00007fffcbc4f000 	C:\WINDOWS\System32\profapi.dll
0x00007fffcbbc0000 - 0x00007fffcbc0a000 	C:\WINDOWS\System32\powrprof.dll
0x00007fffcbb90000 - 0x00007fffcbba0000 	C:\WINDOWS\System32\UMPDC.dll
0x00007fffce320000 - 0x00007fffce372000 	C:\WINDOWS\System32\shlwapi.dll
0x00007fffcbba0000 - 0x00007fffcbbb1000 	C:\WINDOWS\System32\kernel.appcore.dll
0x00007fffccc70000 - 0x00007fffccc87000 	C:\WINDOWS\System32\cryptsp.dll
0x00007fff96d30000 - 0x00007fff96d4a000 	C:\Program Files\Android\Android Studio\jre\jre\bin\net.dll
0x00007fffcb400000 - 0x00007fffcb467000 	C:\WINDOWS\system32\mswsock.dll
0x00007fff92170000 - 0x00007fff92181000 	C:\Program Files\Android\Android Studio\jre\jre\bin\nio.dll
0x00007fffb7f90000 - 0x00007fffb7fb6000 	C:\Users\lenovo\.gradle\native\29\windows-amd64\native-platform.dll
0x00007fffb6280000 - 0x00007fffb628d000 	C:\Program Files\Android\Android Studio\jre\jre\bin\management.dll
0x00007fffcaf10000 - 0x00007fffcaf43000 	C:\WINDOWS\system32\rsaenh.dll
0x00007fffccd40000 - 0x00007fffccd66000 	C:\WINDOWS\System32\bcrypt.dll
0x00007fffcbab0000 - 0x00007fffcbad5000 	C:\WINDOWS\SYSTEM32\USERENV.dll
0x00007fffcb5d0000 - 0x00007fffcb5dc000 	C:\WINDOWS\SYSTEM32\CRYPTBASE.dll
0x00007fffcb0b0000 - 0x00007fffcb0ea000 	C:\WINDOWS\SYSTEM32\IPHLPAPI.DLL
0x00007fffcd580000 - 0x00007fffcd588000 	C:\WINDOWS\System32\NSI.dll
0x00007fffc47c0000 - 0x00007fffc47d6000 	C:\WINDOWS\SYSTEM32\dhcpcsvc6.DLL
0x00007fffc5440000 - 0x00007fffc545c000 	C:\WINDOWS\SYSTEM32\dhcpcsvc.DLL
0x00007fffcb140000 - 0x00007fffcb20a000 	C:\WINDOWS\SYSTEM32\DNSAPI.dll
0x00007fffc7c90000 - 0x00007fffc7cb4000 	C:\Program Files\Android\Android Studio\jre\jre\bin\sunec.dll
0x00007fffc2540000 - 0x00007fffc254a000 	C:\Windows\System32\rasadhlp.dll
0x00007fffc4220000 - 0x00007fffc4297000 	C:\WINDOWS\System32\fwpuclnt.dll
0x00007fffbc220000 - 0x00007fffbc22b000 	C:\Program Files\Android\Android Studio\jre\jre\bin\sunmscapi.dll
0x00007fffccad0000 - 0x00007fffccc19000 	C:\WINDOWS\System32\CRYPT32.dll
0x00007fffcbc10000 - 0x00007fffcbc22000 	C:\WINDOWS\System32\MSASN1.dll
0x00007fffcab90000 - 0x00007fffcabc1000 	C:\WINDOWS\SYSTEM32\ntmarta.dll
0x00007fffc9a40000 - 0x00007fffc9acf000 	C:\WINDOWS\system32\apphelp.dll
0x00007fffc3900000 - 0x00007fffc391e000 	C:\Users\lenovo\AppData\Local\Temp\native-platform8451197523156447277dir\native-platform.dll

VM Arguments:
jvm_args: -Xmx1536m -Dfile.encoding=windows-1252 -Duser.country=IN -Duser.language=en -Duser.variant 
java_command: org.gradle.launcher.daemon.bootstrap.GradleDaemon 5.4.1
java_class_path (initial): C:\Users\lenovo\.gradle\wrapper\dists\gradle-5.4.1-all\3221gyojl5jsh0helicew7rwx\gradle-5.4.1\lib\gradle-launcher-5.4.1.jar
Launcher Type: SUN_STANDARD

Environment Variables:
JAVA_HOME=C:\Program Files (x86)\Java\jre1.8.0_161\lib\rt.jar
PATH=C:\ProgramData\Boxstarter;C:\ProgramData\Oracle\Java\javapath;C:\Program Files (x86)\Lenovo\FusionEngine;C:\Windows\system32;C:\Windows;C:\Windows\System32\Wbem;C:\Windows\System32\WindowsPowerShell\v1.0\;C:\Program Files (x86)\Common Files\lenovo\easyplussdk\bin;C:\Program Files (x86)\NVIDIA Corporation\PhysX\Common;C:\WINDOWS\system32;C:\WINDOWS;C:\WINDOWS\System32\Wbem;C:\WINDOWS\System32\WindowsPowerShell\v1.0\;C:\Program Files\TortoiseGit\bin;C:\Program Files (x86)\Microsoft SQL Server\110\Tools\Binn\ManagementStudio\;C:\Program Files (x86)\Microsoft SQL Server\110\Tools\Binn\;C:\Program Files (x86)\Microsoft SQL Server\110\DTS\Binn\;C:\WINDOWS\System32\OpenSSH\;C:\Program Files\nodejs\;C:\ProgramData\chocolatey\bin;C:\Program Files\Microsoft SQL Server\110\Tools\Binn\;C:\Program Files\Microsoft SQL Server\110\DTS\Binn\;C:\Program Files\Git\cmd;C:\xampp\php;C:\ProgramData\ComposerSetup\bin;C:\WINDOWS\system32;C:\WINDOWS;C:\WINDOWS\System32\Wbem;C:\WINDOWS\System32\WindowsPowerShell\v1.0\;C:\WINDOWS\System32\OpenSSH\;C:\xampp\mysql\bin;%USERPROFILE%\AppData\Local\Microsoft\WindowsApps;
USERNAME=lenovo
OS=Windows_NT
PROCESSOR_IDENTIFIER=Intel64 Family 6 Model 78 Stepping 3, GenuineIntel



---------------  S Y S T E M  ---------------

OS: Windows 10.0 , 64 bit Build 18362 (10.0.18362.329)

CPU:total 4 (initial active 4) (2 cores per cpu, 2 threads per core) family 6 model 78 stepping 3, cmov, cx8, fxsr, mmx, sse, sse2, sse3, ssse3, sse4.1, sse4.2, popcnt, avx, avx2, aes, clmul, erms, 3dnowpref, lzcnt, ht, tsc, tscinvbit, bmi1, bmi2, adx

Memory: 4k page, physical 8177720k(782756k free), swap 10020920k(4156k free)

vm_info: OpenJDK 64-Bit Server VM (25.202-b03) for windows-amd64 JRE (1.8.0_202-release-1483-b03), built by "builder" with MS VC++ 10.0 (VS2010)

time: Wed Mar 11 16:14:53 2020
timezone: India Standard Time
elapsed time: 19847 seconds (0d 5h 30m 47s)

