#
# There is insufficient memory for the Java Runtime Environment to continue.
# Native memory allocation (malloc) failed to allocate 32744 bytes for ChunkPool::allocate
# Possible reasons:
#   The system is out of physical RAM or swap space
#   The process is running with CompressedOops enabled, and the Java Heap may be blocking the growth of the native heap
# Possible solutions:
#   Reduce memory load on the system
#   Increase physical memory or swap space
#   Check if swap backing store is full
#   Decrease Java heap size (-Xmx/-Xms)
#   Decrease number of Java threads
#   Decrease Java thread stack sizes (-Xss)
#   Set larger code cache with -XX:ReservedCodeCacheSize=
#   JVM is running with Unscaled Compressed Oops mode in which the Java heap is
#     placed in the first 4GB address space. The Java Heap base address is the
#     maximum limit for the native heap growth. Please use -XX:HeapBaseMinAddress
#     to set the Java Heap base and to place the Java Heap above 4GB virtual address.
# This output file may be truncated or incomplete.
#
#  Out of Memory Error (allocation.cpp:272), pid=12492, tid=0x0000000000001c88
#
# JRE version: OpenJDK Runtime Environment (8.0_202-b03) (build 1.8.0_202-release-1483-b03)
# Java VM: OpenJDK 64-Bit Server VM (25.202-b03 mixed mode windows-amd64 compressed oops)
# Failed to write core dump. Minidumps are not enabled by default on client versions of Windows
#

---------------  T H R E A D  ---------------

Current thread (0x0000000012818800):  JavaThread "C2 CompilerThread0" daemon [_thread_in_native, id=7304, stack(0x0000000013e80000,0x0000000013f80000)]

Stack: [0x0000000013e80000,0x0000000013f80000]
[error occurred during error reporting (printing stack bounds), id 0xc0000005]

Native frames: (J=compiled Java code, j=interpreted, Vv=VM code, C=native code)


Current CompileTask:
C2:   2903  739       4       sun.nio.fs.WindowsPath::getName (47 bytes)


---------------  P R O C E S S  ---------------

Java Threads: ( => current thread )
  0x0000000013f8f800 JavaThread "Service Thread" daemon [_thread_blocked, id=5260, stack(0x0000000014580000,0x0000000014680000)]
  0x0000000013f8c000 JavaThread "C1 CompilerThread2" daemon [_thread_blocked, id=16488, stack(0x0000000014480000,0x0000000014580000)]
  0x0000000013f89000 JavaThread "C2 CompilerThread1" daemon [_thread_blocked, id=15444, stack(0x0000000014380000,0x0000000014480000)]
=>0x0000000012818800 JavaThread "C2 CompilerThread0" daemon [_thread_in_native, id=7304, stack(0x0000000013e80000,0x0000000013f80000)]
  0x0000000012817000 JavaThread "Attach Listener" daemon [_thread_blocked, id=2492, stack(0x0000000013d80000,0x0000000013e80000)]
  0x0000000012815800 JavaThread "Signal Dispatcher" daemon [_thread_blocked, id=20408, stack(0x0000000013c80000,0x0000000013d80000)]
  0x00000000127fd000 JavaThread "Finalizer" daemon [_thread_blocked, id=10728, stack(0x0000000013a70000,0x0000000013b70000)]
  0x00000000127f9000 JavaThread "Reference Handler" daemon [_thread_blocked, id=9852, stack(0x0000000013970000,0x0000000013a70000)]
  0x00000000009ce000 JavaThread "main" [_thread_in_native, id=14448, stack(0x0000000002290000,0x0000000002390000)]

Other Threads:
  0x00000000127d8000 VMThread [stack: 0x0000000013870000,0x0000000013970000] [id=10504]
  0x0000000013f90000 WatcherThread [stack: 0x0000000014680000,0x0000000014780000] [id=6304]

VM state:not at safepoint (normal execution)

VM Mutex/Monitor currently owned by a thread: None

heap address: 0x00000000fc000000, size: 64 MB, Compressed Oops mode: 32-bit
Narrow klass base: 0x0000000000000000, Narrow klass shift: 3
Compressed class space size: 1073741824 Address: 0x0000000100000000

Heap:
 PSYoungGen      total 18944K, used 2865K [0x00000000feb00000, 0x0000000100000000, 0x0000000100000000)
  eden space 16384K, 1% used [0x00000000feb00000,0x00000000feb511a8,0x00000000ffb00000)
  from space 2560K, 99% used [0x00000000ffd80000,0x00000000ffffb350,0x0000000100000000)
  to   space 2560K, 0% used [0x00000000ffb00000,0x00000000ffb00000,0x00000000ffd80000)
 ParOldGen       total 44032K, used 5061K [0x00000000fc000000, 0x00000000feb00000, 0x00000000feb00000)
  object space 44032K, 11% used [0x00000000fc000000,0x00000000fc4f1618,0x00000000feb00000)
 Metaspace       used 6813K, capacity 7016K, committed 7040K, reserved 1056768K
  class space    used 797K, capacity 874K, committed 896K, reserved 1048576K

Card table byte_map: [0x0000000000970000,0x00000000009a0000] byte_map_base: 0x0000000000190000

Marking Bits: (ParMarkBitMap*) 0x000000006bf29f30
 Begin Bits: [0x0000000011c50000, 0x0000000011d50000)
 End Bits:   [0x0000000011d50000, 0x0000000011e50000)

Polling page: 0x0000000000930000

CodeCache: size=245760Kb used=2722Kb max_used=2735Kb free=243037Kb
 bounds [0x0000000002490000, 0x0000000002740000, 0x0000000011490000]
 total_blobs=1085 nmethods=765 adapters=234
 compilation: enabled

Compilation events (10 events):
Event: 2.788 Thread 0x0000000013f8c000  760       1       sun.nio.fs.WindowsNativeDispatcher$FirstFile::name (5 bytes)
Event: 2.788 Thread 0x0000000013f8c000 nmethod 760 0x0000000002720cd0 code [0x0000000002720e20, 0x0000000002720f30]
Event: 2.791 Thread 0x0000000013f89000  761       4       java.util.HashMap::resize (359 bytes)
Event: 2.802 Thread 0x0000000013f8c000  763       3       java.util.zip.ZipEntry::setExtra0 (360 bytes)
Event: 2.808 Thread 0x0000000013f89000 nmethod 761 0x000000000272e550 code [0x000000000272e6e0, 0x000000000272ec18]
Event: 2.808 Thread 0x0000000013f89000  764       4       java.util.zip.ZipUtils::unixTimeToFileTime (8 bytes)
Event: 2.809 Thread 0x0000000013f8c000 nmethod 763 0x0000000002730610 code [0x0000000002730ce0, 0x00000000027357c8]
Event: 2.809 Thread 0x0000000013f89000 nmethod 764 0x0000000002728a50 code [0x0000000002728ba0, 0x0000000002728c88]
Event: 2.809 Thread 0x0000000013f89000  762       4       java.util.zip.ZipUtils::get32 (23 bytes)
Event: 2.811 Thread 0x0000000013f89000 nmethod 762 0x000000000272fdd0 code [0x000000000272ff00, 0x000000000272ffd8]

GC Heap History (2 events):
Event: 2.189 GC heap before
{Heap before GC invocations=1 (full 0):
 PSYoungGen      total 18944K, used 16384K [0x00000000feb00000, 0x0000000100000000, 0x0000000100000000)
  eden space 16384K, 100% used [0x00000000feb00000,0x00000000ffb00000,0x00000000ffb00000)
  from space 2560K, 0% used [0x00000000ffd80000,0x00000000ffd80000,0x0000000100000000)
  to   space 2560K, 0% used [0x00000000ffb00000,0x00000000ffb00000,0x00000000ffd80000)
 ParOldGen       total 44032K, used 0K [0x00000000fc000000, 0x00000000feb00000, 0x00000000feb00000)
  object space 44032K, 0% used [0x00000000fc000000,0x00000000fc000000,0x00000000feb00000)
 Metaspace       used 6656K, capacity 6874K, committed 7040K, reserved 1056768K
  class space    used 785K, capacity 871K, committed 896K, reserved 1048576K
Event: 2.198 GC heap after
Heap after GC invocations=1 (full 0):
 PSYoungGen      total 18944K, used 2545K [0x00000000feb00000, 0x0000000100000000, 0x0000000100000000)
  eden space 16384K, 0% used [0x00000000feb00000,0x00000000feb00000,0x00000000ffb00000)
  from space 2560K, 99% used [0x00000000ffb00000,0x00000000ffd7c670,0x00000000ffd80000)
  to   space 2560K, 0% used [0x00000000ffd80000,0x00000000ffd80000,0x0000000100000000)
 ParOldGen       total 44032K, used 1223K [0x00000000fc000000, 0x00000000feb00000, 0x00000000feb00000)
  object space 44032K, 2% used [0x00000000fc000000,0x00000000fc131fc8,0x00000000feb00000)
 Metaspace       used 6656K, capacity 6874K, committed 7040K, reserved 1056768K
  class space    used 785K, capacity 871K, committed 896K, reserved 1048576K
}

Deoptimization events (3 events):
Event: 2.147 Thread 0x00000000009ce000 Uncommon trap: reason=unstable_if action=reinterpret pc=0x00000000026a4b88 method=java.lang.String.startsWith(Ljava/lang/String;I)Z @ 25
Event: 2.177 Thread 0x00000000009ce000 Uncommon trap: reason=unstable_if action=reinterpret pc=0x00000000026cc85c method=java.util.zip.ZipFile$ZipEntryIterator.hasNext()Z @ 25
Event: 2.801 Thread 0x00000000009ce000 Uncommon trap: reason=unstable_if action=reinterpret pc=0x00000000026d6e5c method=java.util.zip.ZipEntry.setExtra0([BZ)V @ 279

Classes redefined (0 events):
No events

Internal exceptions (10 events):
Event: 1.999 Thread 0x00000000009ce000 Exception <a 'sun/nio/fs/WindowsException'> (0x00000000ff2577f8) thrown at [D:\src\AOSP-openjdk-cygwin\jdk8u\hotspot\src\share\vm\prims\jni.cpp, line 710]
Event: 2.041 Thread 0x00000000009ce000 Exception <a 'sun/nio/fs/WindowsException'> (0x00000000ff25b228) thrown at [D:\src\AOSP-openjdk-cygwin\jdk8u\hotspot\src\share\vm\prims\jni.cpp, line 710]
Event: 2.044 Thread 0x00000000009ce000 Exception <a 'sun/nio/fs/WindowsException'> (0x00000000ff261c10) thrown at [D:\src\AOSP-openjdk-cygwin\jdk8u\hotspot\src\share\vm\prims\jni.cpp, line 710]
Event: 2.047 Thread 0x00000000009ce000 Exception <a 'sun/nio/fs/WindowsException'> (0x00000000ff265e10) thrown at [D:\src\AOSP-openjdk-cygwin\jdk8u\hotspot\src\share\vm\prims\jni.cpp, line 710]
Event: 2.050 Thread 0x00000000009ce000 Exception <a 'sun/nio/fs/WindowsException'> (0x00000000ff26f0a8) thrown at [D:\src\AOSP-openjdk-cygwin\jdk8u\hotspot\src\share\vm\prims\jni.cpp, line 710]
Event: 2.563 Thread 0x00000000009ce000 Exception <a 'sun/nio/fs/WindowsException'> (0x00000000ff2c5408) thrown at [D:\src\AOSP-openjdk-cygwin\jdk8u\hotspot\src\share\vm\prims\jni.cpp, line 710]
Event: 2.564 Thread 0x00000000009ce000 Exception <a 'sun/nio/fs/WindowsException'> (0x00000000ff2c59d8) thrown at [D:\src\AOSP-openjdk-cygwin\jdk8u\hotspot\src\share\vm\prims\jni.cpp, line 710]
Event: 2.564 Thread 0x00000000009ce000 Exception <a 'sun/nio/fs/WindowsException'> (0x00000000ff2c5fb8) thrown at [D:\src\AOSP-openjdk-cygwin\jdk8u\hotspot\src\share\vm\prims\jni.cpp, line 710]
Event: 2.564 Thread 0x00000000009ce000 Exception <a 'sun/nio/fs/WindowsException'> (0x00000000ff2c6788) thrown at [D:\src\AOSP-openjdk-cygwin\jdk8u\hotspot\src\share\vm\prims\jni.cpp, line 710]
Event: 2.574 Thread 0x00000000009ce000 Exception <a 'sun/nio/fs/WindowsException'> (0x00000000ff2cb738) thrown at [D:\src\AOSP-openjdk-cygwin\jdk8u\hotspot\src\share\vm\prims\jni.cpp, line 710]

Events (10 events):
Event: 2.577 loading class java/util/stream/ForEachOps done
Event: 2.577 loading class java/util/stream/ForEachOps$ForEachOp$OfRef
Event: 2.577 loading class java/util/stream/ForEachOps$ForEachOp
Event: 2.577 loading class java/util/stream/ForEachOps$ForEachOp done
Event: 2.577 loading class java/util/stream/ForEachOps$ForEachOp$OfRef done
Event: 2.791 Thread 0x00000000009ce000 DEOPT PACKING pc=0x00000000026b99cf sp=0x000000000238eff0
Event: 2.791 Thread 0x00000000009ce000 DEOPT UNPACKING pc=0x00000000024d75d0 sp=0x000000000238ece0 mode 0
Event: 2.801 Thread 0x00000000009ce000 Uncommon trap: trap_request=0xffffff65 fr.pc=0x00000000026d6e5c
Event: 2.801 Thread 0x00000000009ce000 DEOPT PACKING pc=0x00000000026d6e5c sp=0x000000000238efa0
Event: 2.802 Thread 0x00000000009ce000 DEOPT UNPACKING pc=0x00000000024d557b sp=0x000000000238ef28 mode 2


Dynamic libraries:
0x00007ff75c530000 - 0x00007ff75c561000 	C:\Program Files\Android\Android Studio\jre\bin\java.exe
0x00007fffcecc0000 - 0x00007fffceeb0000 	C:\WINDOWS\SYSTEM32\ntdll.dll
0x00007fffcdab0000 - 0x00007fffcdb62000 	C:\WINDOWS\System32\KERNEL32.DLL
0x00007fffcc720000 - 0x00007fffcc9c3000 	C:\WINDOWS\System32\KERNELBASE.dll
0x00007fffce270000 - 0x00007fffce313000 	C:\WINDOWS\System32\ADVAPI32.dll
0x00007fffcd1a0000 - 0x00007fffcd23e000 	C:\WINDOWS\System32\msvcrt.dll
0x00007fffccf80000 - 0x00007fffcd017000 	C:\WINDOWS\System32\sechost.dll
0x00007fffceb60000 - 0x00007fffcec80000 	C:\WINDOWS\System32\RPCRT4.dll
0x00007fffcd700000 - 0x00007fffcd894000 	C:\WINDOWS\System32\USER32.dll
0x00007fffcc6f0000 - 0x00007fffcc711000 	C:\WINDOWS\System32\win32u.dll
0x00007fffce380000 - 0x00007fffce3a6000 	C:\WINDOWS\System32\GDI32.dll
0x00007fffcc550000 - 0x00007fffcc6e4000 	C:\WINDOWS\System32\gdi32full.dll
0x00007fffcc4b0000 - 0x00007fffcc54e000 	C:\WINDOWS\System32\msvcp_win.dll
0x00007fffcc9d0000 - 0x00007fffccaca000 	C:\WINDOWS\System32\ucrtbase.dll
0x00007fffb8d80000 - 0x00007fffb9005000 	C:\WINDOWS\WinSxS\amd64_microsoft.windows.common-controls_6595b64144ccf1df_6.0.18362.657_none_e6c5b579130e3898\COMCTL32.dll
0x00007fffcd240000 - 0x00007fffcd576000 	C:\WINDOWS\System32\combase.dll
0x00007fffcc430000 - 0x00007fffcc4b0000 	C:\WINDOWS\System32\bcryptPrimitives.dll
0x00007fffcced0000 - 0x00007fffccefe000 	C:\WINDOWS\System32\IMM32.DLL
0x000000006cb50000 - 0x000000006cc22000 	C:\Program Files\Android\Android Studio\jre\jre\bin\msvcr100.dll
0x000000006b760000 - 0x000000006bfa6000 	C:\Program Files\Android\Android Studio\jre\jre\bin\server\jvm.dll
0x00007fffcdb70000 - 0x00007fffcdb78000 	C:\WINDOWS\System32\PSAPI.DLL
0x00007fffbb8e0000 - 0x00007fffbb8ea000 	C:\WINDOWS\SYSTEM32\VERSION.dll
0x00007fffc97d0000 - 0x00007fffc97f4000 	C:\WINDOWS\SYSTEM32\WINMM.dll
0x00007fffb0450000 - 0x00007fffb0459000 	C:\WINDOWS\SYSTEM32\WSOCK32.dll
0x00007fffc97a0000 - 0x00007fffc97cd000 	C:\WINDOWS\SYSTEM32\winmmbase.dll
0x00007fffccc20000 - 0x00007fffccc6a000 	C:\WINDOWS\System32\cfgmgr32.dll
0x00007fffcd690000 - 0x00007fffcd6ff000 	C:\WINDOWS\System32\WS2_32.dll
0x00007fffbbc40000 - 0x00007fffbbc4f000 	C:\Program Files\Android\Android Studio\jre\jre\bin\verify.dll
0x00007fffa5670000 - 0x00007fffa5699000 	C:\Program Files\Android\Android Studio\jre\jre\bin\java.dll
0x00007fffa6390000 - 0x00007fffa63a6000 	C:\Program Files\Android\Android Studio\jre\jre\bin\zip.dll
0x00007fffcdb80000 - 0x00007fffce265000 	C:\WINDOWS\System32\SHELL32.dll
0x00007fffceab0000 - 0x00007fffceb59000 	C:\WINDOWS\System32\shcore.dll
0x00007fffcbcb0000 - 0x00007fffcc42f000 	C:\WINDOWS\System32\windows.storage.dll
0x00007fffcbc30000 - 0x00007fffcbc4f000 	C:\WINDOWS\System32\profapi.dll
0x00007fffcbbc0000 - 0x00007fffcbc0a000 	C:\WINDOWS\System32\powrprof.dll
0x00007fffcbb90000 - 0x00007fffcbba0000 	C:\WINDOWS\System32\UMPDC.dll
0x00007fffce320000 - 0x00007fffce372000 	C:\WINDOWS\System32\shlwapi.dll
0x00007fffcbba0000 - 0x00007fffcbbb1000 	C:\WINDOWS\System32\kernel.appcore.dll
0x00007fffccc70000 - 0x00007fffccc87000 	C:\WINDOWS\System32\cryptsp.dll
0x00007fffcaf10000 - 0x00007fffcaf43000 	C:\WINDOWS\system32\rsaenh.dll
0x00007fffccd40000 - 0x00007fffccd66000 	C:\WINDOWS\System32\bcrypt.dll
0x00007fffcbab0000 - 0x00007fffcbad5000 	C:\WINDOWS\SYSTEM32\USERENV.dll
0x00007fffcb5d0000 - 0x00007fffcb5dc000 	C:\WINDOWS\SYSTEM32\CRYPTBASE.dll
0x00007fffa5650000 - 0x00007fffa566a000 	C:\Program Files\Android\Android Studio\jre\jre\bin\net.dll
0x00007fffcb400000 - 0x00007fffcb467000 	C:\WINDOWS\system32\mswsock.dll
0x00007fffcb0b0000 - 0x00007fffcb0ea000 	C:\WINDOWS\SYSTEM32\IPHLPAPI.DLL
0x00007fffcd580000 - 0x00007fffcd588000 	C:\WINDOWS\System32\NSI.dll
0x00007fffc47c0000 - 0x00007fffc47d6000 	C:\WINDOWS\SYSTEM32\dhcpcsvc6.DLL
0x00007fffc5440000 - 0x00007fffc545c000 	C:\WINDOWS\SYSTEM32\dhcpcsvc.DLL
0x00007fffcb140000 - 0x00007fffcb20a000 	C:\WINDOWS\SYSTEM32\DNSAPI.dll
0x00007fffa3100000 - 0x00007fffa3111000 	C:\Program Files\Android\Android Studio\jre\jre\bin\nio.dll

VM Arguments:
jvm_args: -Djava.awt.headless=true -Xmx64M -Dfile.encoding=windows-1252 -Duser.country=IN -Duser.language=en -Duser.variant 
java_command: com.google.devtools.build.android.desugar.Desugar --input G:\IP\2020\RunningProject\tamasvideoapp_05_Feb\app\build\intermediates\transforms\stackFramesFixer\debug\96.jar --output G:\IP\2020\RunningProject\tamasvideoapp_05_Feb\app\build\intermediates\transforms\desugar\debug\98.jar --input G:\IP\2020\RunningProject\tamasvideoapp_05_Feb\app\build\intermediates\transforms\stackFramesFixer\debug\28.jar --output G:\IP\2020\RunningProject\tamasvideoapp_05_Feb\app\build\intermediates\transforms\desugar\debug\30.jar --input G:\IP\2020\RunningProject\tamasvideoapp_05_Feb\app\build\intermediates\transforms\stackFramesFixer\debug\23.jar --output G:\IP\2020\RunningProject\tamasvideoapp_05_Feb\app\build\intermediates\transforms\desugar\debug\25.jar --input G:\IP\2020\RunningProject\tamasvideoapp_05_Feb\app\build\intermediates\transforms\stackFramesFixer\debug\83.jar --output G:\IP\2020\RunningProject\tamasvideoapp_05_Feb\app\build\intermediates\transforms\desugar\debug\85.jar --input G:\IP\2020\RunningProject\tamasvideoapp_05_Feb\app\build\intermediates\transforms\stackFramesFixer\debug\88.jar --output G:\IP\2020\RunningProject\tamasvideoapp_05_Feb\app\build\intermediates\transforms\desugar\debug\90.jar --input G:\IP\2020\RunningProject\tamasvideoapp_05_Feb\app\build\intermediates\transforms\stackFramesFixer\debug\75.jar --output G:\IP\2020\RunningProject\tamasvideoapp_05_Feb\app\build\intermediates\transforms\desugar\debug\77.jar --input G:\IP\2020\RunningProject\tamasvideoapp_05_Feb\app\build\intermediates\transforms\stackFramesFixer\debug\7.jar --output G:\IP\2020\RunningProject\tamasvideoapp_05_Feb\app\build\intermediates\transforms\desugar\debug\9.jar --input G:\IP\2020\RunningProject\tamasvideoapp_05_Feb\app\build\intermediates\transforms\stackFramesFixer\debug\52.jar --output G:\IP\2020\RunningProject\tamasvideoapp_05_Feb\app\build\intermediates\transforms\desugar\debug\54.jar --input G:\IP\2020\RunningProject\tamasvideoapp_05_Feb\app\build\intermediates\t
java_class_path (initial): C:\Users\lenovo\AppData\Local\Temp\desugar_deploy.jar2323112568054946454
Launcher Type: SUN_STANDARD

Environment Variables:
JAVA_HOME=C:\Program Files (x86)\Java\jre1.8.0_161\lib\rt.jar
PATH=C:\ProgramData\Boxstarter;C:\ProgramData\Oracle\Java\javapath;C:\Program Files (x86)\Lenovo\FusionEngine;C:\Windows\system32;C:\Windows;C:\Windows\System32\Wbem;C:\Windows\System32\WindowsPowerShell\v1.0\;C:\Program Files (x86)\Common Files\lenovo\easyplussdk\bin;C:\Program Files (x86)\NVIDIA Corporation\PhysX\Common;C:\WINDOWS\system32;C:\WINDOWS;C:\WINDOWS\System32\Wbem;C:\WINDOWS\System32\WindowsPowerShell\v1.0\;C:\Program Files\TortoiseGit\bin;C:\Program Files (x86)\Microsoft SQL Server\110\Tools\Binn\ManagementStudio\;C:\Program Files (x86)\Microsoft SQL Server\110\Tools\Binn\;C:\Program Files (x86)\Microsoft SQL Server\110\DTS\Binn\;C:\WINDOWS\System32\OpenSSH\;C:\Program Files\nodejs\;C:\ProgramData\chocolatey\bin;C:\Program Files\Microsoft SQL Server\110\Tools\Binn\;C:\Program Files\Microsoft SQL Server\110\DTS\Binn\;C:\Program Files\Git\cmd;C:\xampp\php;C:\ProgramData\ComposerSetup\bin;C:\WINDOWS\system32;C:\WINDOWS;C:\WINDOWS\System32\Wbem;C:\WINDOWS\System32\WindowsPowerShell\v1.0\;C:\WINDOWS\System32\OpenSSH\;C:\xampp\mysql\bin;%USERPROFILE%\AppData\Local\Microsoft\WindowsApps;
USERNAME=lenovo
OS=Windows_NT
PROCESSOR_IDENTIFIER=Intel64 Family 6 Model 78 Stepping 3, GenuineIntel



---------------  S Y S T E M  ---------------

OS: Windows 10.0 , 64 bit Build 18362 (10.0.18362.329)

CPU:total 4 (initial active 4) (2 cores per cpu, 2 threads per core) family 6 model 78 stepping 3, cmov, cx8, fxsr, mmx, sse, sse2, sse3, ssse3, sse4.1, sse4.2, popcnt, avx, avx2, aes, clmul, erms, 3dnowpref, lzcnt, ht, tsc, tscinvbit, bmi1, bmi2, adx

Memory: 4k page, physical 8177720k(363152k free), swap 10020920k(6068k free)

vm_info: OpenJDK 64-Bit Server VM (25.202-b03) for windows-amd64 JRE (1.8.0_202-release-1483-b03), built by "builder" with MS VC++ 10.0 (VS2010)

time: Fri Mar 06 17:55:25 2020
timezone: India Standard Time
elapsed time: 2 seconds (0d 0h 0m 2s)

