#
# There is insufficient memory for the Java Runtime Environment to continue.
# Native memory allocation (malloc) failed to allocate 131088 bytes for Chunk::new
# Possible reasons:
#   The system is out of physical RAM or swap space
#   The process is running with CompressedOops enabled, and the Java Heap may be blocking the growth of the native heap
# Possible solutions:
#   Reduce memory load on the system
#   Increase physical memory or swap space
#   Check if swap backing store is full
#   Decrease Java heap size (-Xmx/-Xms)
#   Decrease number of Java threads
#   Decrease Java thread stack sizes (-Xss)
#   Set larger code cache with -XX:ReservedCodeCacheSize=
#   JVM is running with Unscaled Compressed Oops mode in which the Java heap is
#     placed in the first 4GB address space. The Java Heap base address is the
#     maximum limit for the native heap growth. Please use -XX:HeapBaseMinAddress
#     to set the Java Heap base and to place the Java Heap above 4GB virtual address.
# This output file may be truncated or incomplete.
#
#  Out of Memory Error (allocation.cpp:389), pid=2368, tid=0x0000000000000c94
#
# JRE version: OpenJDK Runtime Environment (8.0_202-b03) (build 1.8.0_202-release-1483-b03)
# Java VM: OpenJDK 64-Bit Server VM (25.202-b03 mixed mode windows-amd64 compressed oops)
# Failed to write core dump. Minidumps are not enabled by default on client versions of Windows
#

---------------  T H R E A D  ---------------

Current thread (0x000000001326f000):  JavaThread "C2 CompilerThread1" daemon [_thread_in_native, id=3220, stack(0x00000000149b0000,0x0000000014ab0000)]

Stack: [0x00000000149b0000,0x0000000014ab0000]
[error occurred during error reporting (printing stack bounds), id 0xc0000005]

Native frames: (J=compiled Java code, j=interpreted, Vv=VM code, C=native code)


Current CompileTask:
C2:   3557  936       4       org.objectweb.asm.ClassReader::readCode (3575 bytes)


---------------  P R O C E S S  ---------------

Java Threads: ( => current thread )
  0x00000000132bd000 JavaThread "Service Thread" daemon [_thread_blocked, id=2036, stack(0x0000000014fb0000,0x00000000150b0000)]
  0x0000000013274800 JavaThread "C1 CompilerThread2" daemon [_thread_in_native, id=10164, stack(0x0000000014ab0000,0x0000000014bb0000)]
=>0x000000001326f000 JavaThread "C2 CompilerThread1" daemon [_thread_in_native, id=3220, stack(0x00000000149b0000,0x0000000014ab0000)]
  0x0000000013269000 JavaThread "C2 CompilerThread0" daemon [_thread_in_native, id=2700, stack(0x00000000148b0000,0x00000000149b0000)]
  0x0000000013267800 JavaThread "Attach Listener" daemon [_thread_blocked, id=18852, stack(0x00000000147b0000,0x00000000148b0000)]
  0x0000000013266000 JavaThread "Signal Dispatcher" daemon [_thread_blocked, id=7400, stack(0x00000000146b0000,0x00000000147b0000)]
  0x0000000002efd800 JavaThread "Finalizer" daemon [_thread_blocked, id=1240, stack(0x00000000144b0000,0x00000000145b0000)]
  0x0000000013249000 JavaThread "Reference Handler" daemon [_thread_blocked, id=16808, stack(0x00000000143b0000,0x00000000144b0000)]
  0x0000000002dfe000 JavaThread "main" [_thread_in_native, id=3856, stack(0x0000000002c30000,0x0000000002d30000)]

Other Threads:
  0x0000000013228800 VMThread [stack: 0x00000000142b0000,0x00000000143b0000] [id=8344]
  0x00000000132a8800 WatcherThread [stack: 0x00000000150b0000,0x00000000151b0000] [id=9088]

VM state:not at safepoint (normal execution)

VM Mutex/Monitor currently owned by a thread: None

heap address: 0x00000000fc000000, size: 64 MB, Compressed Oops mode: 32-bit
Narrow klass base: 0x0000000000000000, Narrow klass shift: 3
Compressed class space size: 1073741824 Address: 0x0000000100000000

Heap:
 PSYoungGen      total 18944K, used 15049K [0x00000000feb00000, 0x0000000100000000, 0x0000000100000000)
  eden space 16384K, 76% used [0x00000000feb00000,0x00000000ff737498,0x00000000ffb00000)
  from space 2560K, 99% used [0x00000000ffd80000,0x00000000ffffb300,0x0000000100000000)
  to   space 2560K, 0% used [0x00000000ffb00000,0x00000000ffb00000,0x00000000ffd80000)
 ParOldGen       total 44032K, used 5095K [0x00000000fc000000, 0x00000000feb00000, 0x00000000feb00000)
  object space 44032K, 11% used [0x00000000fc000000,0x00000000fc4f9f60,0x00000000feb00000)
 Metaspace       used 7543K, capacity 7816K, committed 7936K, reserved 1056768K
  class space    used 859K, capacity 970K, committed 1024K, reserved 1048576K

Card table byte_map: [0x0000000002d30000,0x0000000002d60000] byte_map_base: 0x0000000002550000

Marking Bits: (ParMarkBitMap*) 0x000000006bf29f30
 Begin Bits: [0x00000000126c0000, 0x00000000127c0000)
 End Bits:   [0x00000000127c0000, 0x00000000128c0000)

Polling page: 0x0000000001310000

CodeCache: size=245760Kb used=3609Kb max_used=3620Kb free=242150Kb
 bounds [0x0000000002f00000, 0x0000000003290000, 0x0000000011f00000]
 total_blobs=1306 nmethods=974 adapters=245
 compilation: enabled

Compilation events (10 events):
Event: 3.437 Thread 0x0000000013274800  972       3       org.objectweb.asm.MethodVisitor::visitParameterAnnotation (20 bytes)
Event: 3.438 Thread 0x0000000013274800 nmethod 972 0x0000000003287a10 code [0x0000000003287b80, 0x0000000003287de8]
Event: 3.498 Thread 0x0000000013274800  973   !   3       java.util.zip.ZipFile$ZipFileInputStream::read (131 bytes)
Event: 3.499 Thread 0x0000000013274800 nmethod 973 0x0000000003286a50 code [0x0000000003286c20, 0x00000000032874a8]
Event: 3.500 Thread 0x0000000013269000  974       4       org.objectweb.asm.Label::resolve (214 bytes)
Event: 3.505 Thread 0x0000000013269000 nmethod 974 0x000000000328aa10 code [0x000000000328ab60, 0x000000000328ae78]
Event: 3.505 Thread 0x0000000013269000  975       4       org.objectweb.asm.MethodWriter::visitLabel (321 bytes)
Event: 3.509 Thread 0x0000000013274800  977       3       org.objectweb.asm.ClassVisitor::visit (24 bytes)
Event: 3.509 Thread 0x0000000013274800 nmethod 977 0x0000000003286590 code [0x0000000003286700, 0x0000000003286968]
Event: 3.511 Thread 0x0000000013274800  978       3       org.objectweb.asm.MethodWriter::visitIntInsn (112 bytes)

GC Heap History (4 events):
Event: 1.601 GC heap before
{Heap before GC invocations=1 (full 0):
 PSYoungGen      total 18944K, used 16384K [0x00000000feb00000, 0x0000000100000000, 0x0000000100000000)
  eden space 16384K, 100% used [0x00000000feb00000,0x00000000ffb00000,0x00000000ffb00000)
  from space 2560K, 0% used [0x00000000ffd80000,0x00000000ffd80000,0x0000000100000000)
  to   space 2560K, 0% used [0x00000000ffb00000,0x00000000ffb00000,0x00000000ffd80000)
 ParOldGen       total 44032K, used 0K [0x00000000fc000000, 0x00000000feb00000, 0x00000000feb00000)
  object space 44032K, 0% used [0x00000000fc000000,0x00000000fc000000,0x00000000feb00000)
 Metaspace       used 6648K, capacity 6874K, committed 7040K, reserved 1056768K
  class space    used 785K, capacity 871K, committed 896K, reserved 1048576K
Event: 1.607 GC heap after
Heap after GC invocations=1 (full 0):
 PSYoungGen      total 18944K, used 2545K [0x00000000feb00000, 0x0000000100000000, 0x0000000100000000)
  eden space 16384K, 0% used [0x00000000feb00000,0x00000000feb00000,0x00000000ffb00000)
  from space 2560K, 99% used [0x00000000ffb00000,0x00000000ffd7c630,0x00000000ffd80000)
  to   space 2560K, 0% used [0x00000000ffd80000,0x00000000ffd80000,0x0000000100000000)
 ParOldGen       total 44032K, used 1242K [0x00000000fc000000, 0x00000000feb00000, 0x00000000feb00000)
  object space 44032K, 2% used [0x00000000fc000000,0x00000000fc136920,0x00000000feb00000)
 Metaspace       used 6648K, capacity 6874K, committed 7040K, reserved 1056768K
  class space    used 785K, capacity 871K, committed 896K, reserved 1048576K
}
Event: 3.127 GC heap before
{Heap before GC invocations=2 (full 0):
 PSYoungGen      total 18944K, used 18929K [0x00000000feb00000, 0x0000000100000000, 0x0000000100000000)
  eden space 16384K, 100% used [0x00000000feb00000,0x00000000ffb00000,0x00000000ffb00000)
  from space 2560K, 99% used [0x00000000ffb00000,0x00000000ffd7c630,0x00000000ffd80000)
  to   space 2560K, 0% used [0x00000000ffd80000,0x00000000ffd80000,0x0000000100000000)
 ParOldGen       total 44032K, used 1242K [0x00000000fc000000, 0x00000000feb00000, 0x00000000feb00000)
  object space 44032K, 2% used [0x00000000fc000000,0x00000000fc136920,0x00000000feb00000)
 Metaspace       used 6805K, capacity 7016K, committed 7040K, reserved 1056768K
  class space    used 797K, capacity 874K, committed 896K, reserved 1048576K
Event: 3.137 GC heap after
Heap after GC invocations=2 (full 0):
 PSYoungGen      total 18944K, used 2540K [0x00000000feb00000, 0x0000000100000000, 0x0000000100000000)
  eden space 16384K, 0% used [0x00000000feb00000,0x00000000feb00000,0x00000000ffb00000)
  from space 2560K, 99% used [0x00000000ffd80000,0x00000000ffffb300,0x0000000100000000)
  to   space 2560K, 0% used [0x00000000ffb00000,0x00000000ffb00000,0x00000000ffd80000)
 ParOldGen       total 44032K, used 5095K [0x00000000fc000000, 0x00000000feb00000, 0x00000000feb00000)
  object space 44032K, 11% used [0x00000000fc000000,0x00000000fc4f9f60,0x00000000feb00000)
 Metaspace       used 6805K, capacity 7016K, committed 7040K, reserved 1056768K
  class space    used 797K, capacity 874K, committed 896K, reserved 1048576K
}

Deoptimization events (7 events):
Event: 1.458 Thread 0x0000000002dfe000 Uncommon trap: reason=unstable_if action=reinterpret pc=0x000000000311ec08 method=java.lang.String.startsWith(Ljava/lang/String;I)Z @ 25
Event: 1.491 Thread 0x0000000002dfe000 Uncommon trap: reason=unstable_if action=reinterpret pc=0x0000000003144dfc method=java.util.zip.ZipCoder.decoder()Ljava/nio/charset/CharsetDecoder; @ 4
Event: 1.516 Thread 0x0000000002dfe000 Uncommon trap: reason=unstable_if action=reinterpret pc=0x000000000315612c method=java.util.zip.ZipCoder.decoder()Ljava/nio/charset/CharsetDecoder; @ 4
Event: 3.078 Thread 0x0000000002dfe000 Uncommon trap: reason=unstable_if action=reinterpret pc=0x000000000314e21c method=java.util.zip.ZipEntry.setExtra0([BZ)V @ 279
Event: 3.359 Thread 0x0000000002dfe000 Uncommon trap: reason=unstable_if action=reinterpret pc=0x00000000031ebef0 method=java.lang.String.<init>([CII)V @ 18
Event: 3.383 Thread 0x0000000002dfe000 Uncommon trap: reason=unstable_if action=reinterpret pc=0x000000000324419c method=org.objectweb.asm.Item.isEqualTo(Lorg/objectweb/asm/Item;)Z @ 345
Event: 3.523 Thread 0x0000000002dfe000 Uncommon trap: reason=unstable_if action=reinterpret pc=0x0000000003245644 method=org.objectweb.asm.Type.getArgumentsAndReturnSizes(Ljava/lang/String;)I @ 100

Classes redefined (0 events):
No events

Internal exceptions (10 events):
Event: 1.337 Thread 0x0000000002dfe000 Exception <a 'sun/nio/fs/WindowsException'> (0x00000000ff26bb20) thrown at [D:\src\AOSP-openjdk-cygwin\jdk8u\hotspot\src\share\vm\prims\jni.cpp, line 710]
Event: 1.491 Thread 0x0000000002dfe000 Implicit null exception at 0x0000000003144978 to 0x0000000003144de1
Event: 1.516 Thread 0x0000000002dfe000 Implicit null exception at 0x0000000003155aed to 0x00000000031560fd
Event: 2.863 Thread 0x0000000002dfe000 Exception <a 'sun/nio/fs/WindowsException'> (0x00000000ff2c1d00) thrown at [D:\src\AOSP-openjdk-cygwin\jdk8u\hotspot\src\share\vm\prims\jni.cpp, line 710]
Event: 2.863 Thread 0x0000000002dfe000 Exception <a 'sun/nio/fs/WindowsException'> (0x00000000ff2c22d0) thrown at [D:\src\AOSP-openjdk-cygwin\jdk8u\hotspot\src\share\vm\prims\jni.cpp, line 710]
Event: 2.865 Thread 0x0000000002dfe000 Exception <a 'sun/nio/fs/WindowsException'> (0x00000000ff2c28b0) thrown at [D:\src\AOSP-openjdk-cygwin\jdk8u\hotspot\src\share\vm\prims\jni.cpp, line 710]
Event: 2.865 Thread 0x0000000002dfe000 Exception <a 'sun/nio/fs/WindowsException'> (0x00000000ff2c3080) thrown at [D:\src\AOSP-openjdk-cygwin\jdk8u\hotspot\src\share\vm\prims\jni.cpp, line 710]
Event: 2.871 Thread 0x0000000002dfe000 Exception <a 'sun/nio/fs/WindowsException'> (0x00000000ff2c8030) thrown at [D:\src\AOSP-openjdk-cygwin\jdk8u\hotspot\src\share\vm\prims\jni.cpp, line 710]
Event: 3.164 Thread 0x0000000002dfe000 Exception <a 'sun/nio/fs/WindowsException'> (0x00000000fed9c4d8) thrown at [D:\src\AOSP-openjdk-cygwin\jdk8u\hotspot\src\share\vm\prims\jni.cpp, line 710]
Event: 3.165 Thread 0x0000000002dfe000 Exception <a 'sun/nio/fs/WindowsException'> (0x00000000fed9ca80) thrown at [D:\src\AOSP-openjdk-cygwin\jdk8u\hotspot\src\share\vm\prims\jni.cpp, line 710]

Events (10 events):
Event: 3.289 loading class org/objectweb/asm/tree/InsnList done
Event: 3.359 Thread 0x0000000002dfe000 Uncommon trap: trap_request=0xffffff65 fr.pc=0x00000000031ebef0
Event: 3.359 Thread 0x0000000002dfe000 DEOPT PACKING pc=0x00000000031ebef0 sp=0x0000000002d2e970
Event: 3.359 Thread 0x0000000002dfe000 DEOPT UNPACKING pc=0x0000000002f4557b sp=0x0000000002d2e830 mode 2
Event: 3.383 Thread 0x0000000002dfe000 Uncommon trap: trap_request=0xffffff65 fr.pc=0x000000000324419c
Event: 3.383 Thread 0x0000000002dfe000 DEOPT PACKING pc=0x000000000324419c sp=0x0000000002d2e750
Event: 3.383 Thread 0x0000000002dfe000 DEOPT UNPACKING pc=0x0000000002f4557b sp=0x0000000002d2e6e8 mode 2
Event: 3.523 Thread 0x0000000002dfe000 Uncommon trap: trap_request=0xffffff65 fr.pc=0x0000000003245644
Event: 3.523 Thread 0x0000000002dfe000 DEOPT PACKING pc=0x0000000003245644 sp=0x0000000002d2e840
Event: 3.523 Thread 0x0000000002dfe000 DEOPT UNPACKING pc=0x0000000002f4557b sp=0x0000000002d2e7d0 mode 2


Dynamic libraries:
0x00007ff64a260000 - 0x00007ff64a291000 	C:\Program Files\Android\Android Studio\jre\bin\java.exe
0x00007fffcecc0000 - 0x00007fffceeb0000 	C:\WINDOWS\SYSTEM32\ntdll.dll
0x00007fffcdab0000 - 0x00007fffcdb62000 	C:\WINDOWS\System32\KERNEL32.DLL
0x00007fffcc720000 - 0x00007fffcc9c3000 	C:\WINDOWS\System32\KERNELBASE.dll
0x00007fffce270000 - 0x00007fffce313000 	C:\WINDOWS\System32\ADVAPI32.dll
0x00007fffcd1a0000 - 0x00007fffcd23e000 	C:\WINDOWS\System32\msvcrt.dll
0x00007fffccf80000 - 0x00007fffcd017000 	C:\WINDOWS\System32\sechost.dll
0x00007fffceb60000 - 0x00007fffcec80000 	C:\WINDOWS\System32\RPCRT4.dll
0x00007fffcd700000 - 0x00007fffcd894000 	C:\WINDOWS\System32\USER32.dll
0x00007fffcc6f0000 - 0x00007fffcc711000 	C:\WINDOWS\System32\win32u.dll
0x00007fffce380000 - 0x00007fffce3a6000 	C:\WINDOWS\System32\GDI32.dll
0x00007fffcc550000 - 0x00007fffcc6e4000 	C:\WINDOWS\System32\gdi32full.dll
0x00007fffcc4b0000 - 0x00007fffcc54e000 	C:\WINDOWS\System32\msvcp_win.dll
0x00007fffcc9d0000 - 0x00007fffccaca000 	C:\WINDOWS\System32\ucrtbase.dll
0x00007fffb8d80000 - 0x00007fffb9005000 	C:\WINDOWS\WinSxS\amd64_microsoft.windows.common-controls_6595b64144ccf1df_6.0.18362.657_none_e6c5b579130e3898\COMCTL32.dll
0x00007fffcd240000 - 0x00007fffcd576000 	C:\WINDOWS\System32\combase.dll
0x00007fffcc430000 - 0x00007fffcc4b0000 	C:\WINDOWS\System32\bcryptPrimitives.dll
0x00007fffcced0000 - 0x00007fffccefe000 	C:\WINDOWS\System32\IMM32.DLL
0x000000006cb50000 - 0x000000006cc22000 	C:\Program Files\Android\Android Studio\jre\jre\bin\msvcr100.dll
0x000000006b760000 - 0x000000006bfa6000 	C:\Program Files\Android\Android Studio\jre\jre\bin\server\jvm.dll
0x00007fffcdb70000 - 0x00007fffcdb78000 	C:\WINDOWS\System32\PSAPI.DLL
0x00007fffb0450000 - 0x00007fffb0459000 	C:\WINDOWS\SYSTEM32\WSOCK32.dll
0x00007fffcd690000 - 0x00007fffcd6ff000 	C:\WINDOWS\System32\WS2_32.dll
0x00007fffc97d0000 - 0x00007fffc97f4000 	C:\WINDOWS\SYSTEM32\WINMM.dll
0x00007fffbb8e0000 - 0x00007fffbb8ea000 	C:\WINDOWS\SYSTEM32\VERSION.dll
0x00007fffc97a0000 - 0x00007fffc97cd000 	C:\WINDOWS\SYSTEM32\winmmbase.dll
0x00007fffccc20000 - 0x00007fffccc6a000 	C:\WINDOWS\System32\cfgmgr32.dll
0x00007fffc5000000 - 0x00007fffc500f000 	C:\Program Files\Android\Android Studio\jre\jre\bin\verify.dll
0x00007fffb0ac0000 - 0x00007fffb0ae9000 	C:\Program Files\Android\Android Studio\jre\jre\bin\java.dll
0x00007fffb0aa0000 - 0x00007fffb0ab6000 	C:\Program Files\Android\Android Studio\jre\jre\bin\zip.dll
0x00007fffcdb80000 - 0x00007fffce265000 	C:\WINDOWS\System32\SHELL32.dll
0x00007fffceab0000 - 0x00007fffceb59000 	C:\WINDOWS\System32\shcore.dll
0x00007fffcbcb0000 - 0x00007fffcc42f000 	C:\WINDOWS\System32\windows.storage.dll
0x00007fffcbc30000 - 0x00007fffcbc4f000 	C:\WINDOWS\System32\profapi.dll
0x00007fffcbbc0000 - 0x00007fffcbc0a000 	C:\WINDOWS\System32\powrprof.dll
0x00007fffcbb90000 - 0x00007fffcbba0000 	C:\WINDOWS\System32\UMPDC.dll
0x00007fffce320000 - 0x00007fffce372000 	C:\WINDOWS\System32\shlwapi.dll
0x00007fffcbba0000 - 0x00007fffcbbb1000 	C:\WINDOWS\System32\kernel.appcore.dll
0x00007fffccc70000 - 0x00007fffccc87000 	C:\WINDOWS\System32\cryptsp.dll
0x00007fffcaf10000 - 0x00007fffcaf43000 	C:\WINDOWS\system32\rsaenh.dll
0x00007fffccd40000 - 0x00007fffccd66000 	C:\WINDOWS\System32\bcrypt.dll
0x00007fffcbab0000 - 0x00007fffcbad5000 	C:\WINDOWS\SYSTEM32\USERENV.dll
0x00007fffcb5d0000 - 0x00007fffcb5dc000 	C:\WINDOWS\SYSTEM32\CRYPTBASE.dll
0x00007fffb0a80000 - 0x00007fffb0a9a000 	C:\Program Files\Android\Android Studio\jre\jre\bin\net.dll
0x00007fffcb400000 - 0x00007fffcb467000 	C:\WINDOWS\system32\mswsock.dll
0x00007fffcb0b0000 - 0x00007fffcb0ea000 	C:\WINDOWS\SYSTEM32\IPHLPAPI.DLL
0x00007fffcd580000 - 0x00007fffcd588000 	C:\WINDOWS\System32\NSI.dll
0x00007fffc47c0000 - 0x00007fffc47d6000 	C:\WINDOWS\SYSTEM32\dhcpcsvc6.DLL
0x00007fffc5440000 - 0x00007fffc545c000 	C:\WINDOWS\SYSTEM32\dhcpcsvc.DLL
0x00007fffcb140000 - 0x00007fffcb20a000 	C:\WINDOWS\SYSTEM32\DNSAPI.dll
0x00007fffb0a60000 - 0x00007fffb0a71000 	C:\Program Files\Android\Android Studio\jre\jre\bin\nio.dll

VM Arguments:
jvm_args: -Djava.awt.headless=true -Xmx64M -Dfile.encoding=windows-1252 -Duser.country=IN -Duser.language=en -Duser.variant 
java_command: com.google.devtools.build.android.desugar.Desugar --input G:\IP\2020\RunningProject\tamasvideoapp_05_Feb\app\build\intermediates\transforms\stackFramesFixer\debug\74.jar --output G:\IP\2020\RunningProject\tamasvideoapp_05_Feb\app\build\intermediates\transforms\desugar\debug\76.jar --input G:\IP\2020\RunningProject\tamasvideoapp_05_Feb\app\build\intermediates\transforms\stackFramesFixer\debug\49.jar --output G:\IP\2020\RunningProject\tamasvideoapp_05_Feb\app\build\intermediates\transforms\desugar\debug\51.jar --input G:\IP\2020\RunningProject\tamasvideoapp_05_Feb\app\build\intermediates\transforms\stackFramesFixer\debug\106.jar --output G:\IP\2020\RunningProject\tamasvideoapp_05_Feb\app\build\intermediates\transforms\desugar\debug\108.jar --input G:\IP\2020\RunningProject\tamasvideoapp_05_Feb\app\build\intermediates\transforms\stackFramesFixer\debug\101.jar --output G:\IP\2020\RunningProject\tamasvideoapp_05_Feb\app\build\intermediates\transforms\desugar\debug\103.jar --input G:\IP\2020\RunningProject\tamasvideoapp_05_Feb\app\build\intermediates\transforms\stackFramesFixer\debug\15.jar --output G:\IP\2020\RunningProject\tamasvideoapp_05_Feb\app\build\intermediates\transforms\desugar\debug\17.jar --input G:\IP\2020\RunningProject\tamasvideoapp_05_Feb\app\build\intermediates\transforms\stackFramesFixer\debug\52.jar --output G:\IP\2020\RunningProject\tamasvideoapp_05_Feb\app\build\intermediates\transforms\desugar\debug\54.jar --input G:\IP\2020\RunningProject\tamasvideoapp_05_Feb\app\build\intermediates\transforms\stackFramesFixer\debug\67.jar --output G:\IP\2020\RunningProject\tamasvideoapp_05_Feb\app\build\intermediates\transforms\desugar\debug\69.jar --input G:\IP\2020\RunningProject\tamasvideoapp_05_Feb\app\build\intermediates\transforms\stackFramesFixer\debug\97.jar --output G:\IP\2020\RunningProject\tamasvideoapp_05_Feb\app\build\intermediates\transforms\desugar\debug\99.jar --input G:\IP\2020\RunningProject\tamasvideoapp_05_Feb\app\build\intermedi
java_class_path (initial): C:\Users\lenovo\AppData\Local\Temp\desugar_deploy.jar8962144235624688641
Launcher Type: SUN_STANDARD

Environment Variables:
JAVA_HOME=C:\Program Files (x86)\Java\jre1.8.0_161\lib\rt.jar
PATH=C:\ProgramData\Boxstarter;C:\ProgramData\Oracle\Java\javapath;C:\Program Files (x86)\Lenovo\FusionEngine;C:\Windows\system32;C:\Windows;C:\Windows\System32\Wbem;C:\Windows\System32\WindowsPowerShell\v1.0\;C:\Program Files (x86)\Common Files\lenovo\easyplussdk\bin;C:\Program Files (x86)\NVIDIA Corporation\PhysX\Common;C:\WINDOWS\system32;C:\WINDOWS;C:\WINDOWS\System32\Wbem;C:\WINDOWS\System32\WindowsPowerShell\v1.0\;C:\Program Files\TortoiseGit\bin;C:\Program Files (x86)\Microsoft SQL Server\110\Tools\Binn\ManagementStudio\;C:\Program Files (x86)\Microsoft SQL Server\110\Tools\Binn\;C:\Program Files (x86)\Microsoft SQL Server\110\DTS\Binn\;C:\WINDOWS\System32\OpenSSH\;C:\Program Files\nodejs\;C:\ProgramData\chocolatey\bin;C:\Program Files\Microsoft SQL Server\110\Tools\Binn\;C:\Program Files\Microsoft SQL Server\110\DTS\Binn\;C:\Program Files\Git\cmd;C:\xampp\php;C:\ProgramData\ComposerSetup\bin;C:\WINDOWS\system32;C:\WINDOWS;C:\WINDOWS\System32\Wbem;C:\WINDOWS\System32\WindowsPowerShell\v1.0\;C:\WINDOWS\System32\OpenSSH\;C:\xampp\mysql\bin;%USERPROFILE%\AppData\Local\Microsoft\WindowsApps;
USERNAME=lenovo
OS=Windows_NT
PROCESSOR_IDENTIFIER=Intel64 Family 6 Model 78 Stepping 3, GenuineIntel



---------------  S Y S T E M  ---------------

OS: Windows 10.0 , 64 bit Build 18362 (10.0.18362.329)

CPU:total 4 (initial active 4) (2 cores per cpu, 2 threads per core) family 6 model 78 stepping 3, cmov, cx8, fxsr, mmx, sse, sse2, sse3, ssse3, sse4.1, sse4.2, popcnt, avx, avx2, aes, clmul, erms, 3dnowpref, lzcnt, ht, tsc, tscinvbit, bmi1, bmi2, adx

Memory: 4k page, physical 8177720k(1044284k free), swap 10020920k(3064k free)

vm_info: OpenJDK 64-Bit Server VM (25.202-b03) for windows-amd64 JRE (1.8.0_202-release-1483-b03), built by "builder" with MS VC++ 10.0 (VS2010)

time: Sat Mar 07 17:29:09 2020
timezone: India Standard Time
elapsed time: 3 seconds (0d 0h 0m 3s)

