#
# There is insufficient memory for the Java Runtime Environment to continue.
# Native memory allocation (malloc) failed to allocate 32784 bytes for Chunk::new
# Possible reasons:
#   The system is out of physical RAM or swap space
#   The process is running with CompressedOops enabled, and the Java Heap may be blocking the growth of the native heap
# Possible solutions:
#   Reduce memory load on the system
#   Increase physical memory or swap space
#   Check if swap backing store is full
#   Decrease Java heap size (-Xmx/-Xms)
#   Decrease number of Java threads
#   Decrease Java thread stack sizes (-Xss)
#   Set larger code cache with -XX:ReservedCodeCacheSize=
#   JVM is running with Unscaled Compressed Oops mode in which the Java heap is
#     placed in the first 4GB address space. The Java Heap base address is the
#     maximum limit for the native heap growth. Please use -XX:HeapBaseMinAddress
#     to set the Java Heap base and to place the Java Heap above 4GB virtual address.
# This output file may be truncated or incomplete.
#
#  Out of Memory Error (allocation.cpp:389), pid=3108, tid=0x00000000000022a4
#
# JRE version: OpenJDK Runtime Environment (8.0_202-b03) (build 1.8.0_202-release-1483-b03)
# Java VM: OpenJDK 64-Bit Server VM (25.202-b03 mixed mode windows-amd64 compressed oops)
# Failed to write core dump. Minidumps are not enabled by default on client versions of Windows
#

---------------  T H R E A D  ---------------

Current thread (0x00000000130af000):  JavaThread "C2 CompilerThread1" daemon [_thread_in_native, id=8868, stack(0x0000000014810000,0x0000000014910000)]

Stack: [0x0000000014810000,0x0000000014910000]
[error occurred during error reporting (printing stack bounds), id 0xc0000005]

Native frames: (J=compiled Java code, j=interpreted, Vv=VM code, C=native code)


Current CompileTask:
C2:   4158 1195       4       org.objectweb.asm.ClassReader::readConst (259 bytes)


---------------  P R O C E S S  ---------------

Java Threads: ( => current thread )
  0x0000000014a48000 JavaThread "Service Thread" daemon [_thread_blocked, id=8692, stack(0x0000000014e10000,0x0000000014f10000)]
  0x00000000130b2000 JavaThread "C1 CompilerThread2" daemon [_thread_blocked, id=8016, stack(0x0000000014910000,0x0000000014a10000)]
=>0x00000000130af000 JavaThread "C2 CompilerThread1" daemon [_thread_in_native, id=8868, stack(0x0000000014810000,0x0000000014910000)]
  0x00000000130aa800 JavaThread "C2 CompilerThread0" daemon [_thread_blocked, id=16616, stack(0x0000000014710000,0x0000000014810000)]
  0x00000000130a9000 JavaThread "Attach Listener" daemon [_thread_blocked, id=18020, stack(0x0000000014610000,0x0000000014710000)]
  0x00000000130a7800 JavaThread "Signal Dispatcher" daemon [_thread_blocked, id=6352, stack(0x0000000014510000,0x0000000014610000)]
  0x0000000013092800 JavaThread "Finalizer" daemon [_thread_blocked, id=7300, stack(0x0000000014300000,0x0000000014400000)]
  0x0000000013089000 JavaThread "Reference Handler" daemon [_thread_blocked, id=9964, stack(0x0000000014200000,0x0000000014300000)]
  0x0000000002bce000 JavaThread "main" [_thread_blocked, id=6112, stack(0x0000000002ac0000,0x0000000002bc0000)]

Other Threads:
  0x0000000013068000 VMThread [stack: 0x0000000014100000,0x0000000014200000] [id=13788]
  0x0000000014a48800 WatcherThread [stack: 0x0000000014f10000,0x0000000015010000] [id=17948]

VM state:at safepoint (normal execution)

VM Mutex/Monitor currently owned by a thread:  ([mutex/lock_event])
[0x0000000002bca610] Threads_lock - owner thread: 0x0000000013068000
[0x0000000002bcb290] Heap_lock - owner thread: 0x0000000002bce000

heap address: 0x00000000fc000000, size: 64 MB, Compressed Oops mode: 32-bit
Narrow klass base: 0x0000000000000000, Narrow klass shift: 3
Compressed class space size: 1073741824 Address: 0x0000000100000000

Heap:
 PSYoungGen      total 18944K, used 18924K [0x00000000feb00000, 0x0000000100000000, 0x0000000100000000)
  eden space 16384K, 100% used [0x00000000feb00000,0x00000000ffb00000,0x00000000ffb00000)
  from space 2560K, 99% used [0x00000000ffb00000,0x00000000ffd7b2e8,0x00000000ffd80000)
  to   space 2560K, 98% used [0x00000000ffd80000,0x00000000ffff8a80,0x0000000100000000)
 ParOldGen       total 44032K, used 6820K [0x00000000fc000000, 0x00000000feb00000, 0x00000000feb00000)
  object space 44032K, 15% used [0x00000000fc000000,0x00000000fc6a90b0,0x00000000feb00000)
 Metaspace       used 7681K, capacity 7948K, committed 8192K, reserved 1056768K
  class space    used 860K, capacity 970K, committed 1024K, reserved 1048576K

Card table byte_map: [0x0000000012090000,0x00000000120c0000] byte_map_base: 0x00000000118b0000

Marking Bits: (ParMarkBitMap*) 0x000000006bf29f30
 Begin Bits: [0x00000000124e0000, 0x00000000125e0000)
 End Bits:   [0x00000000125e0000, 0x00000000126e0000)

Polling page: 0x00000000010d0000

CodeCache: size=245760Kb used=4621Kb max_used=4632Kb free=241138Kb
 bounds [0x0000000002cd0000, 0x0000000003170000, 0x0000000011cd0000]
 total_blobs=1520 nmethods=1188 adapters=245
 compilation: enabled

Compilation events (10 events):
Event: 4.057 Thread 0x00000000130b2000 nmethod 1187% 0x0000000003135150 code [0x0000000003136460, 0x00000000031497b8]
Event: 4.057 Thread 0x00000000130b2000 1188       3       org.objectweb.asm.AnnotationWriter::put (170 bytes)
Event: 4.058 Thread 0x00000000130b2000 nmethod 1188 0x0000000003110610 code [0x0000000003110820, 0x00000000031110c8]
Event: 4.058 Thread 0x00000000130b2000 1194 %     3       org.objectweb.asm.ClassReader::readCode @ 1446 (3575 bytes)
Event: 4.059 Thread 0x00000000130af000 nmethod 1191 0x00000000030fda10 code [0x00000000030fdb60, 0x00000000030fdc98]
Event: 4.059 Thread 0x00000000130af000 1192       4       org.objectweb.asm.ClassReader::readShort (27 bytes)
Event: 4.060 Thread 0x00000000130af000 nmethod 1192 0x0000000003110310 code [0x0000000003110440, 0x0000000003110518]
Event: 4.060 Thread 0x00000000130af000 1193       4       org.objectweb.asm.MethodVisitor::visitMaxs (17 bytes)
Event: 4.061 Thread 0x00000000130af000 nmethod 1193 0x00000000030fb390 code [0x00000000030fb4c0, 0x00000000030fb558]
Event: 4.062 Thread 0x00000000130af000 1195       4       org.objectweb.asm.ClassReader::readConst (259 bytes)

GC Heap History (7 events):
Event: 2.222 GC heap before
{Heap before GC invocations=1 (full 0):
 PSYoungGen      total 18944K, used 16384K [0x00000000feb00000, 0x0000000100000000, 0x0000000100000000)
  eden space 16384K, 100% used [0x00000000feb00000,0x00000000ffb00000,0x00000000ffb00000)
  from space 2560K, 0% used [0x00000000ffd80000,0x00000000ffd80000,0x0000000100000000)
  to   space 2560K, 0% used [0x00000000ffb00000,0x00000000ffb00000,0x00000000ffd80000)
 ParOldGen       total 44032K, used 0K [0x00000000fc000000, 0x00000000feb00000, 0x00000000feb00000)
  object space 44032K, 0% used [0x00000000fc000000,0x00000000fc000000,0x00000000feb00000)
 Metaspace       used 6649K, capacity 6878K, committed 7040K, reserved 1056768K
  class space    used 785K, capacity 871K, committed 896K, reserved 1048576K
Event: 2.229 GC heap after
Heap after GC invocations=1 (full 0):
 PSYoungGen      total 18944K, used 2545K [0x00000000feb00000, 0x0000000100000000, 0x0000000100000000)
  eden space 16384K, 0% used [0x00000000feb00000,0x00000000feb00000,0x00000000ffb00000)
  from space 2560K, 99% used [0x00000000ffb00000,0x00000000ffd7c658,0x00000000ffd80000)
  to   space 2560K, 0% used [0x00000000ffd80000,0x00000000ffd80000,0x0000000100000000)
 ParOldGen       total 44032K, used 1225K [0x00000000fc000000, 0x00000000feb00000, 0x00000000feb00000)
  object space 44032K, 2% used [0x00000000fc000000,0x00000000fc1326e8,0x00000000feb00000)
 Metaspace       used 6649K, capacity 6878K, committed 7040K, reserved 1056768K
  class space    used 785K, capacity 871K, committed 896K, reserved 1048576K
}
Event: 2.679 GC heap before
{Heap before GC invocations=2 (full 0):
 PSYoungGen      total 18944K, used 18929K [0x00000000feb00000, 0x0000000100000000, 0x0000000100000000)
  eden space 16384K, 100% used [0x00000000feb00000,0x00000000ffb00000,0x00000000ffb00000)
  from space 2560K, 99% used [0x00000000ffb00000,0x00000000ffd7c658,0x00000000ffd80000)
  to   space 2560K, 0% used [0x00000000ffd80000,0x00000000ffd80000,0x0000000100000000)
 ParOldGen       total 44032K, used 1225K [0x00000000fc000000, 0x00000000feb00000, 0x00000000feb00000)
  object space 44032K, 2% used [0x00000000fc000000,0x00000000fc1326e8,0x00000000feb00000)
 Metaspace       used 6806K, capacity 7020K, committed 7296K, reserved 1056768K
  class space    used 797K, capacity 874K, committed 896K, reserved 1048576K
Event: 2.693 GC heap after
Heap after GC invocations=2 (full 0):
 PSYoungGen      total 18944K, used 2556K [0x00000000feb00000, 0x0000000100000000, 0x0000000100000000)
  eden space 16384K, 0% used [0x00000000feb00000,0x00000000feb00000,0x00000000ffb00000)
  from space 2560K, 99% used [0x00000000ffd80000,0x00000000fffff318,0x0000000100000000)
  to   space 2560K, 0% used [0x00000000ffb00000,0x00000000ffb00000,0x00000000ffd80000)
 ParOldGen       total 44032K, used 5071K [0x00000000fc000000, 0x00000000feb00000, 0x00000000feb00000)
  object space 44032K, 11% used [0x00000000fc000000,0x00000000fc4f3d28,0x00000000feb00000)
 Metaspace       used 6806K, capacity 7020K, committed 7296K, reserved 1056768K
  class space    used 797K, capacity 874K, committed 896K, reserved 1048576K
}
Event: 3.044 GC heap before
{Heap before GC invocations=3 (full 0):
 PSYoungGen      total 18944K, used 18940K [0x00000000feb00000, 0x0000000100000000, 0x0000000100000000)
  eden space 16384K, 100% used [0x00000000feb00000,0x00000000ffb00000,0x00000000ffb00000)
  from space 2560K, 99% used [0x00000000ffd80000,0x00000000fffff318,0x0000000100000000)
  to   space 2560K, 0% used [0x00000000ffb00000,0x00000000ffb00000,0x00000000ffd80000)
 ParOldGen       total 44032K, used 5071K [0x00000000fc000000, 0x00000000feb00000, 0x00000000feb00000)
  object space 44032K, 11% used [0x00000000fc000000,0x00000000fc4f3d28,0x00000000feb00000)
 Metaspace       used 7600K, capacity 7884K, committed 8192K, reserved 1056768K
  class space    used 860K, capacity 970K, committed 1024K, reserved 1048576K
Event: 3.062 GC heap after
Heap after GC invocations=3 (full 0):
 PSYoungGen      total 18944K, used 2540K [0x00000000feb00000, 0x0000000100000000, 0x0000000100000000)
  eden space 16384K, 0% used [0x00000000feb00000,0x00000000feb00000,0x00000000ffb00000)
  from space 2560K, 99% used [0x00000000ffb00000,0x00000000ffd7b2e8,0x00000000ffd80000)
  to   space 2560K, 0% used [0x00000000ffd80000,0x00000000ffd80000,0x0000000100000000)
 ParOldGen       total 44032K, used 6804K [0x00000000fc000000, 0x00000000feb00000, 0x00000000feb00000)
  object space 44032K, 15% used [0x00000000fc000000,0x00000000fc6a50b0,0x00000000feb00000)
 Metaspace       used 7600K, capacity 7884K, committed 8192K, reserved 1056768K
  class space    used 860K, capacity 970K, committed 1024K, reserved 1048576K
}
Event: 4.070 GC heap before
{Heap before GC invocations=4 (full 0):
 PSYoungGen      total 18944K, used 18924K [0x00000000feb00000, 0x0000000100000000, 0x0000000100000000)
  eden space 16384K, 100% used [0x00000000feb00000,0x00000000ffb00000,0x00000000ffb00000)
  from space 2560K, 99% used [0x00000000ffb00000,0x00000000ffd7b2e8,0x00000000ffd80000)
  to   space 2560K, 0% used [0x00000000ffd80000,0x00000000ffd80000,0x0000000100000000)
 ParOldGen       total 44032K, used 6804K [0x00000000fc000000, 0x00000000feb00000, 0x00000000feb00000)
  object space 44032K, 15% used [0x00000000fc000000,0x00000000fc6a50b0,0x00000000feb00000)
 Metaspace       used 7681K, capacity 7948K, committed 8192K, reserved 1056768K
  class space    used 860K, capacity 970K, committed 1024K, reserved 1048576K

Deoptimization events (10 events):
Event: 3.511 Thread 0x0000000002bce000 Uncommon trap: reason=unstable_if action=reinterpret pc=0x0000000002fc7c7c method=org.objectweb.asm.ByteVector.putUTF8(Ljava/lang/String;)Lorg/objectweb/asm/ByteVector; @ 91
Event: 3.519 Thread 0x0000000002bce000 Uncommon trap: reason=bimorphic action=maybe_recompile pc=0x00000000030b35e8 method=org.objectweb.asm.MethodVisitor.visitJumpInsn(ILorg/objectweb/asm/Label;)V @ 13
Event: 3.519 Thread 0x0000000002bce000 Uncommon trap: reason=bimorphic action=maybe_recompile pc=0x00000000030e1b34 method=org.objectweb.asm.MethodVisitor.visitFrame(II[Ljava/lang/Object;I[Ljava/lang/Object;)V @ 18
Event: 3.519 Thread 0x0000000002bce000 Uncommon trap: reason=bimorphic action=maybe_recompile pc=0x00000000030e1b34 method=org.objectweb.asm.MethodVisitor.visitFrame(II[Ljava/lang/Object;I[Ljava/lang/Object;)V @ 18
Event: 3.519 Thread 0x0000000002bce000 Uncommon trap: reason=bimorphic action=maybe_recompile pc=0x00000000030b35e8 method=org.objectweb.asm.MethodVisitor.visitJumpInsn(ILorg/objectweb/asm/Label;)V @ 13
Event: 3.519 Thread 0x0000000002bce000 Uncommon trap: reason=bimorphic action=maybe_recompile pc=0x00000000030e1b34 method=org.objectweb.asm.MethodVisitor.visitFrame(II[Ljava/lang/Object;I[Ljava/lang/Object;)V @ 18
Event: 3.520 Thread 0x0000000002bce000 Uncommon trap: reason=bimorphic action=maybe_recompile pc=0x00000000030e1b34 method=org.objectweb.asm.MethodVisitor.visitFrame(II[Ljava/lang/Object;I[Ljava/lang/Object;)V @ 18
Event: 3.520 Thread 0x0000000002bce000 Uncommon trap: reason=bimorphic action=maybe_recompile pc=0x00000000030b35e8 method=org.objectweb.asm.MethodVisitor.visitJumpInsn(ILorg/objectweb/asm/Label;)V @ 13
Event: 3.520 Thread 0x0000000002bce000 Uncommon trap: reason=bimorphic action=maybe_recompile pc=0x00000000030b35e8 method=org.objectweb.asm.MethodVisitor.visitJumpInsn(ILorg/objectweb/asm/Label;)V @ 13
Event: 4.026 Thread 0x0000000002bce000 Uncommon trap: reason=unstable_if action=reinterpret pc=0x0000000003121a48 method=org.objectweb.asm.ClassReader.readCode(Lorg/objectweb/asm/MethodVisitor;Lorg/objectweb/asm/Context;I)V @ 673

Classes redefined (0 events):
No events

Internal exceptions (10 events):
Event: 3.346 Thread 0x0000000002bce000 Exception <a 'sun/nio/fs/WindowsException'> (0x00000000ff109458) thrown at [D:\src\AOSP-openjdk-cygwin\jdk8u\hotspot\src\share\vm\prims\jni.cpp, line 710]
Event: 3.346 Thread 0x0000000002bce000 Exception <a 'sun/nio/fs/WindowsException'> (0x00000000ff109980) thrown at [D:\src\AOSP-openjdk-cygwin\jdk8u\hotspot\src\share\vm\prims\jni.cpp, line 710]
Event: 3.488 Thread 0x0000000002bce000 Exception <a 'sun/nio/fs/WindowsException'> (0x00000000ff204bf8) thrown at [D:\src\AOSP-openjdk-cygwin\jdk8u\hotspot\src\share\vm\prims\jni.cpp, line 710]
Event: 3.488 Thread 0x0000000002bce000 Exception <a 'sun/nio/fs/WindowsException'> (0x00000000ff205120) thrown at [D:\src\AOSP-openjdk-cygwin\jdk8u\hotspot\src\share\vm\prims\jni.cpp, line 710]
Event: 3.576 Thread 0x0000000002bce000 Exception <a 'sun/nio/fs/WindowsException'> (0x00000000ff863060) thrown at [D:\src\AOSP-openjdk-cygwin\jdk8u\hotspot\src\share\vm\prims\jni.cpp, line 710]
Event: 3.576 Thread 0x0000000002bce000 Exception <a 'sun/nio/fs/WindowsException'> (0x00000000ff863588) thrown at [D:\src\AOSP-openjdk-cygwin\jdk8u\hotspot\src\share\vm\prims\jni.cpp, line 710]
Event: 4.024 Thread 0x0000000002bce000 Exception <a 'sun/nio/fs/WindowsException'> (0x00000000ff9a6990) thrown at [D:\src\AOSP-openjdk-cygwin\jdk8u\hotspot\src\share\vm\prims\jni.cpp, line 710]
Event: 4.024 Thread 0x0000000002bce000 Exception <a 'sun/nio/fs/WindowsException'> (0x00000000ff9a6eb8) thrown at [D:\src\AOSP-openjdk-cygwin\jdk8u\hotspot\src\share\vm\prims\jni.cpp, line 710]
Event: 4.051 Thread 0x0000000002bce000 Exception <a 'sun/nio/fs/WindowsException'> (0x00000000ffa05920) thrown at [D:\src\AOSP-openjdk-cygwin\jdk8u\hotspot\src\share\vm\prims\jni.cpp, line 710]
Event: 4.051 Thread 0x0000000002bce000 Exception <a 'sun/nio/fs/WindowsException'> (0x00000000ffa05e48) thrown at [D:\src\AOSP-openjdk-cygwin\jdk8u\hotspot\src\share\vm\prims\jni.cpp, line 710]

Events (10 events):
Event: 3.520 Thread 0x0000000002bce000 Uncommon trap: trap_request=0xffffffc6 fr.pc=0x00000000030b35e8
Event: 3.520 Thread 0x0000000002bce000 DEOPT PACKING pc=0x00000000030b35e8 sp=0x0000000002bbe9a0
Event: 3.520 Thread 0x0000000002bce000 DEOPT UNPACKING pc=0x0000000002d1557b sp=0x0000000002bbe920 mode 2
Event: 3.520 Thread 0x0000000002bce000 Uncommon trap: trap_request=0xffffffc6 fr.pc=0x00000000030b35e8
Event: 3.520 Thread 0x0000000002bce000 DEOPT PACKING pc=0x00000000030b35e8 sp=0x0000000002bbe9a0
Event: 3.520 Thread 0x0000000002bce000 DEOPT UNPACKING pc=0x0000000002d1557b sp=0x0000000002bbe920 mode 2
Event: 4.026 Thread 0x0000000002bce000 Uncommon trap: trap_request=0xffffff65 fr.pc=0x0000000003121a48
Event: 4.027 Thread 0x0000000002bce000 DEOPT PACKING pc=0x0000000003121a48 sp=0x0000000002bbeb50
Event: 4.027 Thread 0x0000000002bce000 DEOPT UNPACKING pc=0x0000000002d1557b sp=0x0000000002bbeaa0 mode 2
Event: 4.070 Executing VM operation: ParallelGCFailedAllocation


Dynamic libraries:
0x00007ff75c530000 - 0x00007ff75c561000 	C:\Program Files\Android\Android Studio\jre\bin\java.exe
0x00007fffcecc0000 - 0x00007fffceeb0000 	C:\WINDOWS\SYSTEM32\ntdll.dll
0x00007fffcdab0000 - 0x00007fffcdb62000 	C:\WINDOWS\System32\KERNEL32.DLL
0x00007fffcc720000 - 0x00007fffcc9c3000 	C:\WINDOWS\System32\KERNELBASE.dll
0x00007fffce270000 - 0x00007fffce313000 	C:\WINDOWS\System32\ADVAPI32.dll
0x00007fffcd1a0000 - 0x00007fffcd23e000 	C:\WINDOWS\System32\msvcrt.dll
0x00007fffccf80000 - 0x00007fffcd017000 	C:\WINDOWS\System32\sechost.dll
0x00007fffceb60000 - 0x00007fffcec80000 	C:\WINDOWS\System32\RPCRT4.dll
0x00007fffcd700000 - 0x00007fffcd894000 	C:\WINDOWS\System32\USER32.dll
0x00007fffcc6f0000 - 0x00007fffcc711000 	C:\WINDOWS\System32\win32u.dll
0x00007fffce380000 - 0x00007fffce3a6000 	C:\WINDOWS\System32\GDI32.dll
0x00007fffcc550000 - 0x00007fffcc6e4000 	C:\WINDOWS\System32\gdi32full.dll
0x00007fffcc4b0000 - 0x00007fffcc54e000 	C:\WINDOWS\System32\msvcp_win.dll
0x00007fffcc9d0000 - 0x00007fffccaca000 	C:\WINDOWS\System32\ucrtbase.dll
0x00007fffb8d80000 - 0x00007fffb9005000 	C:\WINDOWS\WinSxS\amd64_microsoft.windows.common-controls_6595b64144ccf1df_6.0.18362.657_none_e6c5b579130e3898\COMCTL32.dll
0x00007fffcd240000 - 0x00007fffcd576000 	C:\WINDOWS\System32\combase.dll
0x00007fffcc430000 - 0x00007fffcc4b0000 	C:\WINDOWS\System32\bcryptPrimitives.dll
0x00007fffcced0000 - 0x00007fffccefe000 	C:\WINDOWS\System32\IMM32.DLL
0x000000006cb50000 - 0x000000006cc22000 	C:\Program Files\Android\Android Studio\jre\jre\bin\msvcr100.dll
0x000000006b760000 - 0x000000006bfa6000 	C:\Program Files\Android\Android Studio\jre\jre\bin\server\jvm.dll
0x00007fffcdb70000 - 0x00007fffcdb78000 	C:\WINDOWS\System32\PSAPI.DLL
0x00007fffb0450000 - 0x00007fffb0459000 	C:\WINDOWS\SYSTEM32\WSOCK32.dll
0x00007fffcd690000 - 0x00007fffcd6ff000 	C:\WINDOWS\System32\WS2_32.dll
0x00007fffc97d0000 - 0x00007fffc97f4000 	C:\WINDOWS\SYSTEM32\WINMM.dll
0x00007fffbb8e0000 - 0x00007fffbb8ea000 	C:\WINDOWS\SYSTEM32\VERSION.dll
0x00007fffc97a0000 - 0x00007fffc97cd000 	C:\WINDOWS\SYSTEM32\WINMMBASE.dll
0x00007fffccc20000 - 0x00007fffccc6a000 	C:\WINDOWS\System32\cfgmgr32.dll
0x00007fffbbc40000 - 0x00007fffbbc4f000 	C:\Program Files\Android\Android Studio\jre\jre\bin\verify.dll
0x00007fffa5670000 - 0x00007fffa5699000 	C:\Program Files\Android\Android Studio\jre\jre\bin\java.dll
0x00007fffa6390000 - 0x00007fffa63a6000 	C:\Program Files\Android\Android Studio\jre\jre\bin\zip.dll
0x00007fffcdb80000 - 0x00007fffce265000 	C:\WINDOWS\System32\SHELL32.dll
0x00007fffceab0000 - 0x00007fffceb59000 	C:\WINDOWS\System32\shcore.dll
0x00007fffcbcb0000 - 0x00007fffcc42f000 	C:\WINDOWS\System32\windows.storage.dll
0x00007fffcbc30000 - 0x00007fffcbc4f000 	C:\WINDOWS\System32\profapi.dll
0x00007fffcbbc0000 - 0x00007fffcbc0a000 	C:\WINDOWS\System32\powrprof.dll
0x00007fffcbb90000 - 0x00007fffcbba0000 	C:\WINDOWS\System32\UMPDC.dll
0x00007fffce320000 - 0x00007fffce372000 	C:\WINDOWS\System32\shlwapi.dll
0x00007fffcbba0000 - 0x00007fffcbbb1000 	C:\WINDOWS\System32\kernel.appcore.dll
0x00007fffccc70000 - 0x00007fffccc87000 	C:\WINDOWS\System32\cryptsp.dll
0x00007fffcaf10000 - 0x00007fffcaf43000 	C:\WINDOWS\system32\rsaenh.dll
0x00007fffccd40000 - 0x00007fffccd66000 	C:\WINDOWS\System32\bcrypt.dll
0x00007fffcbab0000 - 0x00007fffcbad5000 	C:\WINDOWS\SYSTEM32\USERENV.dll
0x00007fffcb5d0000 - 0x00007fffcb5dc000 	C:\WINDOWS\SYSTEM32\CRYPTBASE.dll
0x00007fffa5650000 - 0x00007fffa566a000 	C:\Program Files\Android\Android Studio\jre\jre\bin\net.dll
0x00007fffcb400000 - 0x00007fffcb467000 	C:\WINDOWS\system32\mswsock.dll
0x00007fffcb0b0000 - 0x00007fffcb0ea000 	C:\WINDOWS\SYSTEM32\IPHLPAPI.DLL
0x00007fffcd580000 - 0x00007fffcd588000 	C:\WINDOWS\System32\NSI.dll
0x00007fffc47c0000 - 0x00007fffc47d6000 	C:\WINDOWS\SYSTEM32\dhcpcsvc6.DLL
0x00007fffc5440000 - 0x00007fffc545c000 	C:\WINDOWS\SYSTEM32\dhcpcsvc.DLL
0x00007fffcb140000 - 0x00007fffcb20a000 	C:\WINDOWS\SYSTEM32\DNSAPI.dll
0x00007fffa3100000 - 0x00007fffa3111000 	C:\Program Files\Android\Android Studio\jre\jre\bin\nio.dll

VM Arguments:
jvm_args: -Djava.awt.headless=true -Xmx64M -Dfile.encoding=windows-1252 -Duser.country=IN -Duser.language=en -Duser.variant 
java_command: com.google.devtools.build.android.desugar.Desugar --input G:\IP\2020\RunningProject\tamasvideoapp_05_Feb\app\build\intermediates\transforms\stackFramesFixer\debug\96.jar --output G:\IP\2020\RunningProject\tamasvideoapp_05_Feb\app\build\intermediates\transforms\desugar\debug\98.jar --input G:\IP\2020\RunningProject\tamasvideoapp_05_Feb\app\build\intermediates\transforms\stackFramesFixer\debug\23.jar --output G:\IP\2020\RunningProject\tamasvideoapp_05_Feb\app\build\intermediates\transforms\desugar\debug\25.jar --input G:\IP\2020\RunningProject\tamasvideoapp_05_Feb\app\build\intermediates\transforms\stackFramesFixer\debug\58.jar --output G:\IP\2020\RunningProject\tamasvideoapp_05_Feb\app\build\intermediates\transforms\desugar\debug\60.jar --input G:\IP\2020\RunningProject\tamasvideoapp_05_Feb\app\build\intermediates\transforms\stackFramesFixer\debug\66.jar --output G:\IP\2020\RunningProject\tamasvideoapp_05_Feb\app\build\intermediates\transforms\desugar\debug\68.jar --input G:\IP\2020\RunningProject\tamasvideoapp_05_Feb\app\build\intermediates\transforms\stackFramesFixer\debug\49.jar --output G:\IP\2020\RunningProject\tamasvideoapp_05_Feb\app\build\intermediates\transforms\desugar\debug\51.jar --input G:\IP\2020\RunningProject\tamasvideoapp_05_Feb\app\build\intermediates\transforms\stackFramesFixer\debug\75.jar --output G:\IP\2020\RunningProject\tamasvideoapp_05_Feb\app\build\intermediates\transforms\desugar\debug\77.jar --input G:\IP\2020\RunningProject\tamasvideoapp_05_Feb\app\build\intermediates\transforms\stackFramesFixer\debug\15.jar --output G:\IP\2020\RunningProject\tamasvideoapp_05_Feb\app\build\intermediates\transforms\desugar\debug\17.jar --input G:\IP\2020\RunningProject\tamasvideoapp_05_Feb\app\build\intermediates\transforms\stackFramesFixer\debug\114.jar --output G:\IP\2020\RunningProject\tamasvideoapp_05_Feb\app\build\intermediates\transforms\desugar\debug\116.jar --input G:\IP\2020\RunningProject\tamasvideoapp_05_Feb\app\build\intermediat
java_class_path (initial): C:\Users\lenovo\AppData\Local\Temp\desugar_deploy.jar2323112568054946454
Launcher Type: SUN_STANDARD

Environment Variables:
JAVA_HOME=C:\Program Files (x86)\Java\jre1.8.0_161\lib\rt.jar
PATH=C:\ProgramData\Boxstarter;C:\ProgramData\Oracle\Java\javapath;C:\Program Files (x86)\Lenovo\FusionEngine;C:\Windows\system32;C:\Windows;C:\Windows\System32\Wbem;C:\Windows\System32\WindowsPowerShell\v1.0\;C:\Program Files (x86)\Common Files\lenovo\easyplussdk\bin;C:\Program Files (x86)\NVIDIA Corporation\PhysX\Common;C:\WINDOWS\system32;C:\WINDOWS;C:\WINDOWS\System32\Wbem;C:\WINDOWS\System32\WindowsPowerShell\v1.0\;C:\Program Files\TortoiseGit\bin;C:\Program Files (x86)\Microsoft SQL Server\110\Tools\Binn\ManagementStudio\;C:\Program Files (x86)\Microsoft SQL Server\110\Tools\Binn\;C:\Program Files (x86)\Microsoft SQL Server\110\DTS\Binn\;C:\WINDOWS\System32\OpenSSH\;C:\Program Files\nodejs\;C:\ProgramData\chocolatey\bin;C:\Program Files\Microsoft SQL Server\110\Tools\Binn\;C:\Program Files\Microsoft SQL Server\110\DTS\Binn\;C:\Program Files\Git\cmd;C:\xampp\php;C:\ProgramData\ComposerSetup\bin;C:\WINDOWS\system32;C:\WINDOWS;C:\WINDOWS\System32\Wbem;C:\WINDOWS\System32\WindowsPowerShell\v1.0\;C:\WINDOWS\System32\OpenSSH\;C:\xampp\mysql\bin;%USERPROFILE%\AppData\Local\Microsoft\WindowsApps;
USERNAME=lenovo
OS=Windows_NT
PROCESSOR_IDENTIFIER=Intel64 Family 6 Model 78 Stepping 3, GenuineIntel



---------------  S Y S T E M  ---------------

OS: Windows 10.0 , 64 bit Build 18362 (10.0.18362.329)

CPU:total 4 (initial active 4) (2 cores per cpu, 2 threads per core) family 6 model 78 stepping 3, cmov, cx8, fxsr, mmx, sse, sse2, sse3, ssse3, sse4.1, sse4.2, popcnt, avx, avx2, aes, clmul, erms, 3dnowpref, lzcnt, ht, tsc, tscinvbit, bmi1, bmi2, adx

Memory: 4k page, physical 8177720k(454416k free), swap 10020920k(5136k free)

vm_info: OpenJDK 64-Bit Server VM (25.202-b03) for windows-amd64 JRE (1.8.0_202-release-1483-b03), built by "builder" with MS VC++ 10.0 (VS2010)

time: Fri Mar 06 17:59:47 2020
timezone: India Standard Time
elapsed time: 4 seconds (0d 0h 0m 4s)

