#
# There is insufficient memory for the Java Runtime Environment to continue.
# Native memory allocation (malloc) failed to allocate 98496 bytes for Chunk::new
# Possible reasons:
#   The system is out of physical RAM or swap space
#   The process is running with CompressedOops enabled, and the Java Heap may be blocking the growth of the native heap
# Possible solutions:
#   Reduce memory load on the system
#   Increase physical memory or swap space
#   Check if swap backing store is full
#   Decrease Java heap size (-Xmx/-Xms)
#   Decrease number of Java threads
#   Decrease Java thread stack sizes (-Xss)
#   Set larger code cache with -XX:ReservedCodeCacheSize=
#   JVM is running with Unscaled Compressed Oops mode in which the Java heap is
#     placed in the first 4GB address space. The Java Heap base address is the
#     maximum limit for the native heap growth. Please use -XX:HeapBaseMinAddress
#     to set the Java Heap base and to place the Java Heap above 4GB virtual address.
# This output file may be truncated or incomplete.
#
#  Out of Memory Error (allocation.cpp:389), pid=19584, tid=0x0000000000003b28
#
# JRE version: OpenJDK Runtime Environment (8.0_202-b03) (build 1.8.0_202-release-1483-b03)
# Java VM: OpenJDK 64-Bit Server VM (25.202-b03 mixed mode windows-amd64 compressed oops)
# Failed to write core dump. Minidumps are not enabled by default on client versions of Windows
#

---------------  T H R E A D  ---------------

Current thread (0x000000001329b000):  JavaThread "C2 CompilerThread0" daemon [_thread_in_native, id=15144, stack(0x00000000148f0000,0x00000000149f0000)]

Stack: [0x00000000148f0000,0x00000000149f0000]
[error occurred during error reporting (printing stack bounds), id 0xc0000005]

Native frames: (J=compiled Java code, j=interpreted, Vv=VM code, C=native code)


Current CompileTask:
C2:   3570  864       4       org.objectweb.asm.ClassReader::readUTF8 (60 bytes)


---------------  P R O C E S S  ---------------

Java Threads: ( => current thread )
  0x00000000132ee800 JavaThread "Service Thread" daemon [_thread_blocked, id=13420, stack(0x0000000014ff0000,0x00000000150f0000)]
  0x00000000132d5800 JavaThread "C1 CompilerThread2" daemon [_thread_in_native, id=18664, stack(0x0000000014af0000,0x0000000014bf0000)]
  0x000000001329f000 JavaThread "C2 CompilerThread1" daemon [_thread_blocked, id=19336, stack(0x00000000149f0000,0x0000000014af0000)]
=>0x000000001329b000 JavaThread "C2 CompilerThread0" daemon [_thread_in_native, id=15144, stack(0x00000000148f0000,0x00000000149f0000)]
  0x0000000013299800 JavaThread "Attach Listener" daemon [_thread_blocked, id=856, stack(0x00000000147f0000,0x00000000148f0000)]
  0x0000000013296800 JavaThread "Signal Dispatcher" daemon [_thread_blocked, id=13000, stack(0x00000000146f0000,0x00000000147f0000)]
  0x0000000013282800 JavaThread "Finalizer" daemon [_thread_blocked, id=3456, stack(0x00000000144f0000,0x00000000145f0000)]
  0x0000000013279000 JavaThread "Reference Handler" daemon [_thread_blocked, id=20300, stack(0x00000000143f0000,0x00000000144f0000)]
  0x0000000002cce000 JavaThread "main" [_thread_in_Java, id=3032, stack(0x0000000002d10000,0x0000000002e10000)]

Other Threads:
  0x0000000013258000 VMThread [stack: 0x00000000142f0000,0x00000000143f0000] [id=1484]
  0x0000000014c26800 WatcherThread [stack: 0x00000000150f0000,0x00000000151f0000] [id=20052]

VM state:not at safepoint (normal execution)

VM Mutex/Monitor currently owned by a thread: None

heap address: 0x00000000fc000000, size: 64 MB, Compressed Oops mode: 32-bit
Narrow klass base: 0x0000000000000000, Narrow klass shift: 3
Compressed class space size: 1073741824 Address: 0x0000000100000000

Heap:
 PSYoungGen      total 18944K, used 7288K [0x00000000feb00000, 0x0000000100000000, 0x0000000100000000)
  eden space 16384K, 28% used [0x00000000feb00000,0x00000000fef9ed90,0x00000000ffb00000)
  from space 2560K, 99% used [0x00000000ffd80000,0x00000000fffff318,0x0000000100000000)
  to   space 2560K, 0% used [0x00000000ffb00000,0x00000000ffb00000,0x00000000ffd80000)
 ParOldGen       total 44032K, used 5050K [0x00000000fc000000, 0x00000000feb00000, 0x00000000feb00000)
  object space 44032K, 11% used [0x00000000fc000000,0x00000000fc4eeaa8,0x00000000feb00000)
 Metaspace       used 7439K, capacity 7688K, committed 7936K, reserved 1056768K
  class space    used 859K, capacity 970K, committed 1024K, reserved 1048576K

Card table byte_map: [0x0000000002c80000,0x0000000002cb0000] byte_map_base: 0x00000000024a0000

Marking Bits: (ParMarkBitMap*) 0x000000006bf29f30
 Begin Bits: [0x00000000126d0000, 0x00000000127d0000)
 End Bits:   [0x00000000127d0000, 0x00000000128d0000)

Polling page: 0x0000000002c50000

CodeCache: size=245760Kb used=3002Kb max_used=3014Kb free=242757Kb
 bounds [0x0000000002f10000, 0x0000000003210000, 0x0000000011f10000]
 total_blobs=1192 nmethods=861 adapters=245
 compilation: enabled

Compilation events (10 events):
Event: 3.560 Thread 0x00000000132d5800 nmethod 849 0x00000000031fddd0 code [0x00000000031fe000, 0x00000000031feaa8]
Event: 3.560 Thread 0x00000000132d5800  860       3       org.objectweb.asm.MethodVisitor::visitFieldInsn (20 bytes)
Event: 3.560 Thread 0x00000000132d5800 nmethod 860 0x00000000031fee90 code [0x00000000031ff000, 0x00000000031ff268]
Event: 3.560 Thread 0x00000000132d5800  861       3       org.objectweb.asm.MethodVisitor::visitMethodInsn (68 bytes)
Event: 3.561 Thread 0x00000000132d5800 nmethod 861 0x00000000031ff350 code [0x00000000031ff4e0, 0x00000000031ff988]
Event: 3.561 Thread 0x00000000132d5800  862       3       org.objectweb.asm.ClassReader::readCode (3575 bytes)
Event: 3.563 Thread 0x000000001329f000  863       4       org.objectweb.asm.ClassReader::readInt (52 bytes)
Event: 3.563 Thread 0x000000001329b000  864       4       org.objectweb.asm.ClassReader::readUTF8 (60 bytes)
Event: 3.564 Thread 0x000000001329f000 nmethod 863 0x0000000003202810 code [0x0000000003202940, 0x0000000003202a38]
Event: 3.568 Thread 0x000000001329f000  869       4       org.objectweb.asm.ClassReader::readShort (27 bytes)

GC Heap History (4 events):
Event: 1.589 GC heap before
{Heap before GC invocations=1 (full 0):
 PSYoungGen      total 18944K, used 16384K [0x00000000feb00000, 0x0000000100000000, 0x0000000100000000)
  eden space 16384K, 100% used [0x00000000feb00000,0x00000000ffb00000,0x00000000ffb00000)
  from space 2560K, 0% used [0x00000000ffd80000,0x00000000ffd80000,0x0000000100000000)
  to   space 2560K, 0% used [0x00000000ffb00000,0x00000000ffb00000,0x00000000ffd80000)
 ParOldGen       total 44032K, used 0K [0x00000000fc000000, 0x00000000feb00000, 0x00000000feb00000)
  object space 44032K, 0% used [0x00000000fc000000,0x00000000fc000000,0x00000000feb00000)
 Metaspace       used 6705K, capacity 6938K, committed 7040K, reserved 1056768K
  class space    used 787K, capacity 871K, committed 896K, reserved 1048576K
Event: 1.595 GC heap after
Heap after GC invocations=1 (full 0):
 PSYoungGen      total 18944K, used 2529K [0x00000000feb00000, 0x0000000100000000, 0x0000000100000000)
  eden space 16384K, 0% used [0x00000000feb00000,0x00000000feb00000,0x00000000ffb00000)
  from space 2560K, 98% used [0x00000000ffb00000,0x00000000ffd78648,0x00000000ffd80000)
  to   space 2560K, 0% used [0x00000000ffd80000,0x00000000ffd80000,0x0000000100000000)
 ParOldGen       total 44032K, used 1237K [0x00000000fc000000, 0x00000000feb00000, 0x00000000feb00000)
  object space 44032K, 2% used [0x00000000fc000000,0x00000000fc135468,0x00000000feb00000)
 Metaspace       used 6705K, capacity 6938K, committed 7040K, reserved 1056768K
  class space    used 787K, capacity 871K, committed 896K, reserved 1048576K
}
Event: 3.152 GC heap before
{Heap before GC invocations=2 (full 0):
 PSYoungGen      total 18944K, used 18913K [0x00000000feb00000, 0x0000000100000000, 0x0000000100000000)
  eden space 16384K, 100% used [0x00000000feb00000,0x00000000ffb00000,0x00000000ffb00000)
  from space 2560K, 98% used [0x00000000ffb00000,0x00000000ffd78648,0x00000000ffd80000)
  to   space 2560K, 0% used [0x00000000ffd80000,0x00000000ffd80000,0x0000000100000000)
 ParOldGen       total 44032K, used 1237K [0x00000000fc000000, 0x00000000feb00000, 0x00000000feb00000)
  object space 44032K, 2% used [0x00000000fc000000,0x00000000fc135468,0x00000000feb00000)
 Metaspace       used 6852K, capacity 7016K, committed 7040K, reserved 1056768K
  class space    used 799K, capacity 874K, committed 896K, reserved 1048576K
Event: 3.161 GC heap after
Heap after GC invocations=2 (full 0):
 PSYoungGen      total 18944K, used 2556K [0x00000000feb00000, 0x0000000100000000, 0x0000000100000000)
  eden space 16384K, 0% used [0x00000000feb00000,0x00000000feb00000,0x00000000ffb00000)
  from space 2560K, 99% used [0x00000000ffd80000,0x00000000fffff318,0x0000000100000000)
  to   space 2560K, 0% used [0x00000000ffb00000,0x00000000ffb00000,0x00000000ffd80000)
 ParOldGen       total 44032K, used 5050K [0x00000000fc000000, 0x00000000feb00000, 0x00000000feb00000)
  object space 44032K, 11% used [0x00000000fc000000,0x00000000fc4eeaa8,0x00000000feb00000)
 Metaspace       used 6852K, capacity 7016K, committed 7040K, reserved 1056768K
  class space    used 799K, capacity 874K, committed 896K, reserved 1048576K
}

Deoptimization events (10 events):
Event: 1.488 Thread 0x0000000002cce000 Uncommon trap: reason=unstable_if action=reinterpret pc=0x000000000312e7c8 method=java.lang.String.startsWith(Ljava/lang/String;I)Z @ 25
Event: 1.570 Thread 0x0000000002cce000 Uncommon trap: reason=unstable_if action=reinterpret pc=0x0000000003160fec method=java.util.zip.ZipFile$ZipEntryIterator.hasNext()Z @ 25
Event: 1.571 Thread 0x0000000002cce000 Uncommon trap: reason=unstable_if action=reinterpret pc=0x000000000316f0b8 method=java.util.zip.ZipCoder.decoder()Ljava/nio/charset/CharsetDecoder; @ 4
Event: 1.572 Thread 0x0000000002cce000 Uncommon trap: reason=unstable_if action=reinterpret pc=0x000000000316c92c method=java.util.zip.ZipCoder.decoder()Ljava/nio/charset/CharsetDecoder; @ 4
Event: 1.573 Thread 0x0000000002cce000 Uncommon trap: reason=unstable_if action=reinterpret pc=0x00000000031623ec method=java.util.zip.ZipCoder.decoder()Ljava/nio/charset/CharsetDecoder; @ 4
Event: 1.573 Thread 0x0000000002cce000 Uncommon trap: reason=unstable_if action=reinterpret pc=0x000000000315b7bc method=java.util.zip.ZipCoder.decoder()Ljava/nio/charset/CharsetDecoder; @ 4
Event: 1.641 Thread 0x0000000002cce000 Uncommon trap: reason=unstable_if action=reinterpret pc=0x00000000031795e0 method=java.util.zip.ZipCoder.decoder()Ljava/nio/charset/CharsetDecoder; @ 4
Event: 1.641 Thread 0x0000000002cce000 Uncommon trap: reason=unstable_if action=reinterpret pc=0x0000000003177460 method=java.util.zip.ZipCoder.decoder()Ljava/nio/charset/CharsetDecoder; @ 4
Event: 3.117 Thread 0x0000000002cce000 Uncommon trap: reason=unstable_if action=reinterpret pc=0x0000000003164b3c method=java.util.zip.ZipEntry.setExtra0([BZ)V @ 279
Event: 3.560 Thread 0x0000000002cce000 Uncommon trap: reason=unstable_if action=reinterpret pc=0x000000000310e3b8 method=java.lang.String.<init>([CII)V @ 18

Classes redefined (0 events):
No events

Internal exceptions (10 events):
Event: 1.573 Thread 0x0000000002cce000 Implicit null exception at 0x000000000315b338 to 0x000000000315b7a1
Event: 1.641 Thread 0x0000000002cce000 Implicit null exception at 0x0000000003178c00 to 0x00000000031795a1
Event: 1.641 Thread 0x0000000002cce000 Implicit null exception at 0x0000000003176a80 to 0x0000000003177421
Event: 2.841 Thread 0x0000000002cce000 Exception <a 'sun/nio/fs/WindowsException'> (0x00000000ff2c1b90) thrown at [D:\src\AOSP-openjdk-cygwin\jdk8u\hotspot\src\share\vm\prims\jni.cpp, line 710]
Event: 2.842 Thread 0x0000000002cce000 Exception <a 'sun/nio/fs/WindowsException'> (0x00000000ff2c2160) thrown at [D:\src\AOSP-openjdk-cygwin\jdk8u\hotspot\src\share\vm\prims\jni.cpp, line 710]
Event: 2.842 Thread 0x0000000002cce000 Exception <a 'sun/nio/fs/WindowsException'> (0x00000000ff2c2740) thrown at [D:\src\AOSP-openjdk-cygwin\jdk8u\hotspot\src\share\vm\prims\jni.cpp, line 710]
Event: 2.843 Thread 0x0000000002cce000 Exception <a 'sun/nio/fs/WindowsException'> (0x00000000ff2c2f10) thrown at [D:\src\AOSP-openjdk-cygwin\jdk8u\hotspot\src\share\vm\prims\jni.cpp, line 710]
Event: 2.852 Thread 0x0000000002cce000 Exception <a 'sun/nio/fs/WindowsException'> (0x00000000ff2c7ec0) thrown at [D:\src\AOSP-openjdk-cygwin\jdk8u\hotspot\src\share\vm\prims\jni.cpp, line 710]
Event: 3.201 Thread 0x0000000002cce000 Exception <a 'sun/nio/fs/WindowsException'> (0x00000000fed9c130) thrown at [D:\src\AOSP-openjdk-cygwin\jdk8u\hotspot\src\share\vm\prims\jni.cpp, line 710]
Event: 3.201 Thread 0x0000000002cce000 Exception <a 'sun/nio/fs/WindowsException'> (0x00000000fed9c6d8) thrown at [D:\src\AOSP-openjdk-cygwin\jdk8u\hotspot\src\share\vm\prims\jni.cpp, line 710]

Events (10 events):
Event: 3.548 loading class org/objectweb/asm/tree/VarInsnNode done
Event: 3.549 loading class org/objectweb/asm/tree/TypeInsnNode
Event: 3.549 loading class org/objectweb/asm/tree/TypeInsnNode done
Event: 3.549 loading class org/objectweb/asm/tree/FieldInsnNode
Event: 3.549 loading class org/objectweb/asm/tree/FieldInsnNode done
Event: 3.551 loading class org/objectweb/asm/tree/InsnList
Event: 3.551 loading class org/objectweb/asm/tree/InsnList done
Event: 3.560 Thread 0x0000000002cce000 Uncommon trap: trap_request=0xffffff65 fr.pc=0x000000000310e3b8
Event: 3.560 Thread 0x0000000002cce000 DEOPT PACKING pc=0x000000000310e3b8 sp=0x0000000002e0ead0
Event: 3.560 Thread 0x0000000002cce000 DEOPT UNPACKING pc=0x0000000002f5557b sp=0x0000000002e0ea98 mode 2


Dynamic libraries:
0x00007ff64a260000 - 0x00007ff64a291000 	C:\Program Files\Android\Android Studio\jre\bin\java.exe
0x00007fffcecc0000 - 0x00007fffceeb0000 	C:\WINDOWS\SYSTEM32\ntdll.dll
0x00007fffcdab0000 - 0x00007fffcdb62000 	C:\WINDOWS\System32\KERNEL32.DLL
0x00007fffcc720000 - 0x00007fffcc9c3000 	C:\WINDOWS\System32\KERNELBASE.dll
0x00007fffce270000 - 0x00007fffce313000 	C:\WINDOWS\System32\ADVAPI32.dll
0x00007fffcd1a0000 - 0x00007fffcd23e000 	C:\WINDOWS\System32\msvcrt.dll
0x00007fffccf80000 - 0x00007fffcd017000 	C:\WINDOWS\System32\sechost.dll
0x00007fffceb60000 - 0x00007fffcec80000 	C:\WINDOWS\System32\RPCRT4.dll
0x00007fffcd700000 - 0x00007fffcd894000 	C:\WINDOWS\System32\USER32.dll
0x00007fffcc6f0000 - 0x00007fffcc711000 	C:\WINDOWS\System32\win32u.dll
0x00007fffce380000 - 0x00007fffce3a6000 	C:\WINDOWS\System32\GDI32.dll
0x00007fffcc550000 - 0x00007fffcc6e4000 	C:\WINDOWS\System32\gdi32full.dll
0x00007fffcc4b0000 - 0x00007fffcc54e000 	C:\WINDOWS\System32\msvcp_win.dll
0x00007fffcc9d0000 - 0x00007fffccaca000 	C:\WINDOWS\System32\ucrtbase.dll
0x00007fffb8d80000 - 0x00007fffb9005000 	C:\WINDOWS\WinSxS\amd64_microsoft.windows.common-controls_6595b64144ccf1df_6.0.18362.657_none_e6c5b579130e3898\COMCTL32.dll
0x00007fffcd240000 - 0x00007fffcd576000 	C:\WINDOWS\System32\combase.dll
0x00007fffcc430000 - 0x00007fffcc4b0000 	C:\WINDOWS\System32\bcryptPrimitives.dll
0x00007fffcced0000 - 0x00007fffccefe000 	C:\WINDOWS\System32\IMM32.DLL
0x000000006cb50000 - 0x000000006cc22000 	C:\Program Files\Android\Android Studio\jre\jre\bin\msvcr100.dll
0x000000006b760000 - 0x000000006bfa6000 	C:\Program Files\Android\Android Studio\jre\jre\bin\server\jvm.dll
0x00007fffcdb70000 - 0x00007fffcdb78000 	C:\WINDOWS\System32\PSAPI.DLL
0x00007fffb0450000 - 0x00007fffb0459000 	C:\WINDOWS\SYSTEM32\WSOCK32.dll
0x00007fffc97d0000 - 0x00007fffc97f4000 	C:\WINDOWS\SYSTEM32\WINMM.dll
0x00007fffcd690000 - 0x00007fffcd6ff000 	C:\WINDOWS\System32\WS2_32.dll
0x00007fffc97a0000 - 0x00007fffc97cd000 	C:\WINDOWS\SYSTEM32\winmmbase.dll
0x00007fffccc20000 - 0x00007fffccc6a000 	C:\WINDOWS\System32\cfgmgr32.dll
0x00007fffbb8e0000 - 0x00007fffbb8ea000 	C:\WINDOWS\SYSTEM32\VERSION.dll
0x00007fffc5000000 - 0x00007fffc500f000 	C:\Program Files\Android\Android Studio\jre\jre\bin\verify.dll
0x00007fffb0ac0000 - 0x00007fffb0ae9000 	C:\Program Files\Android\Android Studio\jre\jre\bin\java.dll
0x00007fffb0aa0000 - 0x00007fffb0ab6000 	C:\Program Files\Android\Android Studio\jre\jre\bin\zip.dll
0x00007fffcdb80000 - 0x00007fffce265000 	C:\WINDOWS\System32\SHELL32.dll
0x00007fffceab0000 - 0x00007fffceb59000 	C:\WINDOWS\System32\shcore.dll
0x00007fffcbcb0000 - 0x00007fffcc42f000 	C:\WINDOWS\System32\windows.storage.dll
0x00007fffcbc30000 - 0x00007fffcbc4f000 	C:\WINDOWS\System32\profapi.dll
0x00007fffcbbc0000 - 0x00007fffcbc0a000 	C:\WINDOWS\System32\powrprof.dll
0x00007fffcbb90000 - 0x00007fffcbba0000 	C:\WINDOWS\System32\UMPDC.dll
0x00007fffce320000 - 0x00007fffce372000 	C:\WINDOWS\System32\shlwapi.dll
0x00007fffcbba0000 - 0x00007fffcbbb1000 	C:\WINDOWS\System32\kernel.appcore.dll
0x00007fffccc70000 - 0x00007fffccc87000 	C:\WINDOWS\System32\cryptsp.dll
0x00007fffcaf10000 - 0x00007fffcaf43000 	C:\WINDOWS\system32\rsaenh.dll
0x00007fffccd40000 - 0x00007fffccd66000 	C:\WINDOWS\System32\bcrypt.dll
0x00007fffcbab0000 - 0x00007fffcbad5000 	C:\WINDOWS\SYSTEM32\USERENV.dll
0x00007fffcb5d0000 - 0x00007fffcb5dc000 	C:\WINDOWS\SYSTEM32\CRYPTBASE.dll
0x00007fffb0a80000 - 0x00007fffb0a9a000 	C:\Program Files\Android\Android Studio\jre\jre\bin\net.dll
0x00007fffcb400000 - 0x00007fffcb467000 	C:\WINDOWS\system32\mswsock.dll
0x00007fffcb0b0000 - 0x00007fffcb0ea000 	C:\WINDOWS\SYSTEM32\IPHLPAPI.DLL
0x00007fffcd580000 - 0x00007fffcd588000 	C:\WINDOWS\System32\NSI.dll
0x00007fffc47c0000 - 0x00007fffc47d6000 	C:\WINDOWS\SYSTEM32\dhcpcsvc6.DLL
0x00007fffc5440000 - 0x00007fffc545c000 	C:\WINDOWS\SYSTEM32\dhcpcsvc.DLL
0x00007fffcb140000 - 0x00007fffcb20a000 	C:\WINDOWS\SYSTEM32\DNSAPI.dll
0x00007fffb0a60000 - 0x00007fffb0a71000 	C:\Program Files\Android\Android Studio\jre\jre\bin\nio.dll

VM Arguments:
jvm_args: -Djava.awt.headless=true -Xmx64M -Dfile.encoding=windows-1252 -Duser.country=IN -Duser.language=en -Duser.variant 
java_command: com.google.devtools.build.android.desugar.Desugar --input G:\IP\2020\RunningProject\tamasvideoapp_05_Feb\app\build\intermediates\transforms\stackFramesFixer\debug\110.jar --output G:\IP\2020\RunningProject\tamasvideoapp_05_Feb\app\build\intermediates\transforms\desugar\debug\112.jar --input G:\IP\2020\RunningProject\tamasvideoapp_05_Feb\app\build\intermediates\transforms\stackFramesFixer\debug\23.jar --output G:\IP\2020\RunningProject\tamasvideoapp_05_Feb\app\build\intermediates\transforms\desugar\debug\25.jar --input G:\IP\2020\RunningProject\tamasvideoapp_05_Feb\app\build\intermediates\transforms\stackFramesFixer\debug\83.jar --output G:\IP\2020\RunningProject\tamasvideoapp_05_Feb\app\build\intermediates\transforms\desugar\debug\85.jar --input G:\IP\2020\RunningProject\tamasvideoapp_05_Feb\app\build\intermediates\transforms\stackFramesFixer\debug\10.jar --output G:\IP\2020\RunningProject\tamasvideoapp_05_Feb\app\build\intermediates\transforms\desugar\debug\12.jar --input G:\IP\2020\RunningProject\tamasvideoapp_05_Feb\app\build\intermediates\transforms\stackFramesFixer\debug\88.jar --output G:\IP\2020\RunningProject\tamasvideoapp_05_Feb\app\build\intermediates\transforms\desugar\debug\90.jar --input G:\IP\2020\RunningProject\tamasvideoapp_05_Feb\app\build\intermediates\transforms\stackFramesFixer\debug\107.jar --output G:\IP\2020\RunningProject\tamasvideoapp_05_Feb\app\build\intermediates\transforms\desugar\debug\109.jar --input G:\IP\2020\RunningProject\tamasvideoapp_05_Feb\app\build\intermediates\transforms\stackFramesFixer\debug\32.jar --output G:\IP\2020\RunningProject\tamasvideoapp_05_Feb\app\build\intermediates\transforms\desugar\debug\34.jar --input G:\IP\2020\RunningProject\tamasvideoapp_05_Feb\app\build\intermediates\transforms\stackFramesFixer\debug\45.jar --output G:\IP\2020\RunningProject\tamasvideoapp_05_Feb\app\build\intermediates\transforms\desugar\debug\47.jar --input G:\IP\2020\RunningProject\tamasvideoapp_05_Feb\app\build\intermedi
java_class_path (initial): C:\Users\lenovo\AppData\Local\Temp\desugar_deploy.jar8962144235624688641
Launcher Type: SUN_STANDARD

Environment Variables:
JAVA_HOME=C:\Program Files (x86)\Java\jre1.8.0_161\lib\rt.jar
PATH=C:\ProgramData\Boxstarter;C:\ProgramData\Oracle\Java\javapath;C:\Program Files (x86)\Lenovo\FusionEngine;C:\Windows\system32;C:\Windows;C:\Windows\System32\Wbem;C:\Windows\System32\WindowsPowerShell\v1.0\;C:\Program Files (x86)\Common Files\lenovo\easyplussdk\bin;C:\Program Files (x86)\NVIDIA Corporation\PhysX\Common;C:\WINDOWS\system32;C:\WINDOWS;C:\WINDOWS\System32\Wbem;C:\WINDOWS\System32\WindowsPowerShell\v1.0\;C:\Program Files\TortoiseGit\bin;C:\Program Files (x86)\Microsoft SQL Server\110\Tools\Binn\ManagementStudio\;C:\Program Files (x86)\Microsoft SQL Server\110\Tools\Binn\;C:\Program Files (x86)\Microsoft SQL Server\110\DTS\Binn\;C:\WINDOWS\System32\OpenSSH\;C:\Program Files\nodejs\;C:\ProgramData\chocolatey\bin;C:\Program Files\Microsoft SQL Server\110\Tools\Binn\;C:\Program Files\Microsoft SQL Server\110\DTS\Binn\;C:\Program Files\Git\cmd;C:\xampp\php;C:\ProgramData\ComposerSetup\bin;C:\WINDOWS\system32;C:\WINDOWS;C:\WINDOWS\System32\Wbem;C:\WINDOWS\System32\WindowsPowerShell\v1.0\;C:\WINDOWS\System32\OpenSSH\;C:\xampp\mysql\bin;%USERPROFILE%\AppData\Local\Microsoft\WindowsApps;
USERNAME=lenovo
OS=Windows_NT
PROCESSOR_IDENTIFIER=Intel64 Family 6 Model 78 Stepping 3, GenuineIntel



---------------  S Y S T E M  ---------------

OS: Windows 10.0 , 64 bit Build 18362 (10.0.18362.329)

CPU:total 4 (initial active 4) (2 cores per cpu, 2 threads per core) family 6 model 78 stepping 3, cmov, cx8, fxsr, mmx, sse, sse2, sse3, ssse3, sse4.1, sse4.2, popcnt, avx, avx2, aes, clmul, erms, 3dnowpref, lzcnt, ht, tsc, tscinvbit, bmi1, bmi2, adx

Memory: 4k page, physical 8177720k(1044284k free), swap 10020920k(3064k free)

vm_info: OpenJDK 64-Bit Server VM (25.202-b03) for windows-amd64 JRE (1.8.0_202-release-1483-b03), built by "builder" with MS VC++ 10.0 (VS2010)

time: Sat Mar 07 17:29:09 2020
timezone: India Standard Time
elapsed time: 3 seconds (0d 0h 0m 3s)

