#
# There is insufficient memory for the Java Runtime Environment to continue.
# Native memory allocation (malloc) failed to allocate 1048576 bytes for AllocateHeap
# Possible reasons:
#   The system is out of physical RAM or swap space
#   The process is running with CompressedOops enabled, and the Java Heap may be blocking the growth of the native heap
# Possible solutions:
#   Reduce memory load on the system
#   Increase physical memory or swap space
#   Check if swap backing store is full
#   Decrease Java heap size (-Xmx/-Xms)
#   Decrease number of Java threads
#   Decrease Java thread stack sizes (-Xss)
#   Set larger code cache with -XX:ReservedCodeCacheSize=
#   JVM is running with Unscaled Compressed Oops mode in which the Java heap is
#     placed in the first 4GB address space. The Java Heap base address is the
#     maximum limit for the native heap growth. Please use -XX:HeapBaseMinAddress
#     to set the Java Heap base and to place the Java Heap above 4GB virtual address.
# This output file may be truncated or incomplete.
#
#  Out of Memory Error (memory/allocation.inline.hpp:61), pid=20648, tid=0x0000000000005780
#
# JRE version:  (8.0_202-b03) (build )
# Java VM: OpenJDK 64-Bit Server VM (25.202-b03 mixed mode windows-amd64 compressed oops)
# Failed to write core dump. Minidumps are not enabled by default on client versions of Windows
#

---------------  T H R E A D  ---------------

Current thread (0x000000000166e000):  JavaThread "Unknown thread" [_thread_in_vm, id=22400, stack(0x0000000002e40000,0x0000000002f40000)]

Stack: [0x0000000002e40000,0x0000000002f40000]
[error occurred during error reporting (printing stack bounds), id 0xc0000005]

Native frames: (J=compiled Java code, j=interpreted, Vv=VM code, C=native code)


---------------  P R O C E S S  ---------------

Java Threads: ( => current thread )

Other Threads:

=>0x000000000166e000 (exited) JavaThread "Unknown thread" [_thread_in_vm, id=22400, stack(0x0000000002e40000,0x0000000002f40000)]

VM state:not at safepoint (normal execution)

VM Mutex/Monitor currently owned by a thread: None

heap address: 0x00000000fc000000, size: 64 MB, Compressed Oops mode: 32-bit
Narrow klass base: 0x0000000000000000, Narrow klass shift: 3
Compressed class space size: 1073741824 Address: 0x0000000100000000

Heap:
 PSYoungGen      total 18944K, used 327K [0x00000000feb00000, 0x0000000100000000, 0x0000000100000000)
  eden space 16384K, 2% used [0x00000000feb00000,0x00000000feb51ec8,0x00000000ffb00000)
  from space 2560K, 0% used [0x00000000ffd80000,0x00000000ffd80000,0x0000000100000000)
  to   space 2560K, 0% used [0x00000000ffb00000,0x00000000ffb00000,0x00000000ffd80000)
 ParOldGen       total 44032K, used 0K [0x00000000fc000000, 0x00000000feb00000, 0x00000000feb00000)
  object space 44032K, 0% used [0x00000000fc000000,0x00000000fc000000,0x00000000feb00000)
 Metaspace       used 778K, capacity 4480K, committed 4480K, reserved 1056768K
  class space    used 74K, capacity 384K, committed 384K, reserved 1048576K

Card table byte_map: [0x0000000001610000,0x0000000001640000] byte_map_base: 0x0000000000e30000

Marking Bits: (ParMarkBitMap*) 0x000000006bf29f30
 Begin Bits: [0x00000000128e0000, 0x00000000129e0000)
 End Bits:   [0x00000000129e0000, 0x0000000012ae0000)

Polling page: 0x00000000010e0000

CodeCache: size=245760Kb used=328Kb max_used=328Kb free=245431Kb
 bounds [0x0000000003120000, 0x0000000003390000, 0x0000000012120000]
 total_blobs=57 nmethods=0 adapters=38
 compilation: enabled

Compilation events (0 events):
No events

GC Heap History (0 events):
No events

Deoptimization events (0 events):
No events

Classes redefined (0 events):
No events

Internal exceptions (0 events):
No events

Events (10 events):
Event: 0.108 loading class java/lang/Short
Event: 0.108 loading class java/lang/Short done
Event: 0.108 loading class java/lang/Integer
Event: 0.108 loading class java/lang/Integer done
Event: 0.108 loading class java/lang/Long
Event: 0.108 loading class java/lang/Long done
Event: 0.109 loading class java/lang/NullPointerException
Event: 0.109 loading class java/lang/NullPointerException done
Event: 0.109 loading class java/lang/ArithmeticException
Event: 0.109 loading class java/lang/ArithmeticException done


Dynamic libraries:
0x00007ff6f5dc0000 - 0x00007ff6f5df1000 	C:\Program Files\Android\Android Studio\jre\bin\java.exe
0x00007fffcecc0000 - 0x00007fffceeb0000 	C:\WINDOWS\SYSTEM32\ntdll.dll
0x00007fffcdab0000 - 0x00007fffcdb62000 	C:\WINDOWS\System32\KERNEL32.DLL
0x00007fffcc720000 - 0x00007fffcc9c3000 	C:\WINDOWS\System32\KERNELBASE.dll
0x00007fffce270000 - 0x00007fffce313000 	C:\WINDOWS\System32\ADVAPI32.dll
0x00007fffcd1a0000 - 0x00007fffcd23e000 	C:\WINDOWS\System32\msvcrt.dll
0x00007fffccf80000 - 0x00007fffcd017000 	C:\WINDOWS\System32\sechost.dll
0x00007fffceb60000 - 0x00007fffcec80000 	C:\WINDOWS\System32\RPCRT4.dll
0x00007fffcd700000 - 0x00007fffcd894000 	C:\WINDOWS\System32\USER32.dll
0x00007fffcc6f0000 - 0x00007fffcc711000 	C:\WINDOWS\System32\win32u.dll
0x00007fffce380000 - 0x00007fffce3a6000 	C:\WINDOWS\System32\GDI32.dll
0x00007fffcc550000 - 0x00007fffcc6e4000 	C:\WINDOWS\System32\gdi32full.dll
0x00007fffcc4b0000 - 0x00007fffcc54e000 	C:\WINDOWS\System32\msvcp_win.dll
0x00007fffcc9d0000 - 0x00007fffccaca000 	C:\WINDOWS\System32\ucrtbase.dll
0x00007fffb8d80000 - 0x00007fffb9005000 	C:\WINDOWS\WinSxS\amd64_microsoft.windows.common-controls_6595b64144ccf1df_6.0.18362.657_none_e6c5b579130e3898\COMCTL32.dll
0x00007fffcd240000 - 0x00007fffcd576000 	C:\WINDOWS\System32\combase.dll
0x00007fffcc430000 - 0x00007fffcc4b0000 	C:\WINDOWS\System32\bcryptPrimitives.dll
0x00007fffcced0000 - 0x00007fffccefe000 	C:\WINDOWS\System32\IMM32.DLL
0x000000006cb50000 - 0x000000006cc22000 	C:\Program Files\Android\Android Studio\jre\jre\bin\msvcr100.dll
0x000000006b760000 - 0x000000006bfa6000 	C:\Program Files\Android\Android Studio\jre\jre\bin\server\jvm.dll
0x00007fffcdb70000 - 0x00007fffcdb78000 	C:\WINDOWS\System32\PSAPI.DLL
0x00007fffb0450000 - 0x00007fffb0459000 	C:\WINDOWS\SYSTEM32\WSOCK32.dll
0x00007fffcd690000 - 0x00007fffcd6ff000 	C:\WINDOWS\System32\WS2_32.dll
0x00007fffbb8e0000 - 0x00007fffbb8ea000 	C:\WINDOWS\SYSTEM32\VERSION.dll
0x00007fffc97d0000 - 0x00007fffc97f4000 	C:\WINDOWS\SYSTEM32\WINMM.dll
0x00007fffc97a0000 - 0x00007fffc97cd000 	C:\WINDOWS\SYSTEM32\WINMMBASE.dll
0x00007fffccc20000 - 0x00007fffccc6a000 	C:\WINDOWS\System32\cfgmgr32.dll
0x00007fffb6560000 - 0x00007fffb656f000 	C:\Program Files\Android\Android Studio\jre\jre\bin\verify.dll
0x00007fff94cc0000 - 0x00007fff94ce9000 	C:\Program Files\Android\Android Studio\jre\jre\bin\java.dll
0x00007fff94970000 - 0x00007fff94986000 	C:\Program Files\Android\Android Studio\jre\jre\bin\zip.dll

VM Arguments:
jvm_args: -Djava.awt.headless=true -Xmx64M -Dfile.encoding=windows-1252 -Duser.country=IN -Duser.language=en -Duser.variant 
java_command: com.google.devtools.build.android.desugar.Desugar --input G:\IP\2020\RunningProject\tamasvideoapp_05_Feb\app\build\intermediates\transforms\stackFramesFixer\debug\110.jar --output G:\IP\2020\RunningProject\tamasvideoapp_05_Feb\app\build\intermediates\transforms\desugar\debug\112.jar --input G:\IP\2020\RunningProject\tamasvideoapp_05_Feb\app\build\intermediates\transforms\stackFramesFixer\debug\96.jar --output G:\IP\2020\RunningProject\tamasvideoapp_05_Feb\app\build\intermediates\transforms\desugar\debug\98.jar --input G:\IP\2020\RunningProject\tamasvideoapp_05_Feb\app\build\intermediates\transforms\stackFramesFixer\debug\28.jar --output G:\IP\2020\RunningProject\tamasvideoapp_05_Feb\app\build\intermediates\transforms\desugar\debug\30.jar --input G:\IP\2020\RunningProject\tamasvideoapp_05_Feb\app\build\intermediates\transforms\stackFramesFixer\debug\53.jar --output G:\IP\2020\RunningProject\tamasvideoapp_05_Feb\app\build\intermediates\transforms\desugar\debug\55.jar --input G:\IP\2020\RunningProject\tamasvideoapp_05_Feb\app\build\intermediates\transforms\stackFramesFixer\debug\23.jar --output G:\IP\2020\RunningProject\tamasvideoapp_05_Feb\app\build\intermediates\transforms\desugar\debug\25.jar --input G:\IP\2020\RunningProject\tamasvideoapp_05_Feb\app\build\intermediates\transforms\stackFramesFixer\debug\10.jar --output G:\IP\2020\RunningProject\tamasvideoapp_05_Feb\app\build\intermediates\transforms\desugar\debug\12.jar --input G:\IP\2020\RunningProject\tamasvideoapp_05_Feb\app\build\intermediates\transforms\stackFramesFixer\debug\61.jar --output G:\IP\2020\RunningProject\tamasvideoapp_05_Feb\app\build\intermediates\transforms\desugar\debug\63.jar --input G:\IP\2020\RunningProject\tamasvideoapp_05_Feb\app\build\intermediates\transforms\stackFramesFixer\debug\106.jar --output G:\IP\2020\RunningProject\tamasvideoapp_05_Feb\app\build\intermediates\transforms\desugar\debug\108.jar --input G:\IP\2020\RunningProject\tamasvideoapp_05_Feb\app\build\intermedi
java_class_path (initial): C:\Users\lenovo\AppData\Local\Temp\desugar_deploy.jar3445374624969959504
Launcher Type: SUN_STANDARD

Environment Variables:
JAVA_HOME=C:\Program Files (x86)\Java\jre1.8.0_161\lib\rt.jar
PATH=C:\ProgramData\Boxstarter;C:\ProgramData\Oracle\Java\javapath;C:\Program Files (x86)\Lenovo\FusionEngine;C:\Windows\system32;C:\Windows;C:\Windows\System32\Wbem;C:\Windows\System32\WindowsPowerShell\v1.0\;C:\Program Files (x86)\Common Files\lenovo\easyplussdk\bin;C:\Program Files (x86)\NVIDIA Corporation\PhysX\Common;C:\WINDOWS\system32;C:\WINDOWS;C:\WINDOWS\System32\Wbem;C:\WINDOWS\System32\WindowsPowerShell\v1.0\;C:\Program Files\TortoiseGit\bin;C:\Program Files (x86)\Microsoft SQL Server\110\Tools\Binn\ManagementStudio\;C:\Program Files (x86)\Microsoft SQL Server\110\Tools\Binn\;C:\Program Files (x86)\Microsoft SQL Server\110\DTS\Binn\;C:\WINDOWS\System32\OpenSSH\;C:\Program Files\nodejs\;C:\ProgramData\chocolatey\bin;C:\Program Files\Microsoft SQL Server\110\Tools\Binn\;C:\Program Files\Microsoft SQL Server\110\DTS\Binn\;C:\Program Files\Git\cmd;C:\xampp\php;C:\ProgramData\ComposerSetup\bin;C:\WINDOWS\system32;C:\WINDOWS;C:\WINDOWS\System32\Wbem;C:\WINDOWS\System32\WindowsPowerShell\v1.0\;C:\WINDOWS\System32\OpenSSH\;C:\xampp\mysql\bin;%USERPROFILE%\AppData\Local\Microsoft\WindowsApps;
USERNAME=lenovo
OS=Windows_NT
PROCESSOR_IDENTIFIER=Intel64 Family 6 Model 78 Stepping 3, GenuineIntel



---------------  S Y S T E M  ---------------

OS: Windows 10.0 , 64 bit Build 18362 (10.0.18362.329)

CPU:total 4 (initial active 4) (2 cores per cpu, 2 threads per core) family 6 model 78 stepping 3, cmov, cx8, fxsr, mmx, sse, sse2, sse3, ssse3, sse4.1, sse4.2, popcnt, avx, avx2, aes, clmul, erms, 3dnowpref, lzcnt, ht, tsc, tscinvbit, bmi1, bmi2, adx

Memory: 4k page, physical 8177720k(824804k free), swap 10020344k(15548k free)

vm_info: OpenJDK 64-Bit Server VM (25.202-b03) for windows-amd64 JRE (1.8.0_202-release-1483-b03), built by "builder" with MS VC++ 10.0 (VS2010)

time: Wed Mar 11 16:13:39 2020
timezone: India Standard Time
elapsed time: 0 seconds (0d 0h 0m 0s)

