#
# There is insufficient memory for the Java Runtime Environment to continue.
# Native memory allocation (malloc) failed to allocate 702416 bytes for Chunk::new
# Possible reasons:
#   The system is out of physical RAM or swap space
#   The process is running with CompressedOops enabled, and the Java Heap may be blocking the growth of the native heap
# Possible solutions:
#   Reduce memory load on the system
#   Increase physical memory or swap space
#   Check if swap backing store is full
#   Decrease Java heap size (-Xmx/-Xms)
#   Decrease number of Java threads
#   Decrease Java thread stack sizes (-Xss)
#   Set larger code cache with -XX:ReservedCodeCacheSize=
#   JVM is running with Unscaled Compressed Oops mode in which the Java heap is
#     placed in the first 4GB address space. The Java Heap base address is the
#     maximum limit for the native heap growth. Please use -XX:HeapBaseMinAddress
#     to set the Java Heap base and to place the Java Heap above 4GB virtual address.
# This output file may be truncated or incomplete.
#
#  Out of Memory Error (allocation.cpp:389), pid=18072, tid=0x00000000000011d8
#
# JRE version: OpenJDK Runtime Environment (8.0_202-b03) (build 1.8.0_202-release-1483-b03)
# Java VM: OpenJDK 64-Bit Server VM (25.202-b03 mixed mode windows-amd64 compressed oops)
# Failed to write core dump. Minidumps are not enabled by default on client versions of Windows
#

---------------  T H R E A D  ---------------

Current thread (0x00000000133ed000):  JavaThread "C2 CompilerThread1" daemon [_thread_in_native, id=4568, stack(0x0000000014b40000,0x0000000014c40000)]

Stack: [0x0000000014b40000,0x0000000014c40000]
[error occurred during error reporting (printing stack bounds), id 0xc0000005]

Native frames: (J=compiled Java code, j=interpreted, Vv=VM code, C=native code)


Current CompileTask:
C2:   4342  909       4       org.objectweb.asm.ClassReader::readCode (3575 bytes)


---------------  P R O C E S S  ---------------

Java Threads: ( => current thread )
  0x0000000014c73800 JavaThread "Service Thread" daemon [_thread_blocked, id=15000, stack(0x0000000015140000,0x0000000015240000)]
  0x0000000014c50800 JavaThread "C1 CompilerThread2" daemon [_thread_blocked, id=11980, stack(0x0000000015040000,0x0000000015140000)]
=>0x00000000133ed000 JavaThread "C2 CompilerThread1" daemon [_thread_in_native, id=4568, stack(0x0000000014b40000,0x0000000014c40000)]
  0x00000000133e8800 JavaThread "C2 CompilerThread0" daemon [_thread_blocked, id=14180, stack(0x0000000014a40000,0x0000000014b40000)]
  0x00000000133e7000 JavaThread "Attach Listener" daemon [_thread_blocked, id=12192, stack(0x0000000014940000,0x0000000014a40000)]
  0x00000000133e5800 JavaThread "Signal Dispatcher" daemon [_thread_blocked, id=8684, stack(0x0000000014840000,0x0000000014940000)]
  0x00000000133d2800 JavaThread "Finalizer" daemon [_thread_blocked, id=16716, stack(0x0000000014640000,0x0000000014740000)]
  0x00000000133c9000 JavaThread "Reference Handler" daemon [_thread_blocked, id=17404, stack(0x0000000014540000,0x0000000014640000)]
  0x0000000002e5e000 JavaThread "main" [_thread_in_vm, id=20440, stack(0x0000000002e60000,0x0000000002f60000)]

Other Threads:
  0x00000000133a8000 VMThread [stack: 0x0000000014440000,0x0000000014540000] [id=10024]
  0x0000000014c69000 WatcherThread [stack: 0x0000000015240000,0x0000000015340000] [id=13912]

VM state:not at safepoint (normal execution)

VM Mutex/Monitor currently owned by a thread:  ([mutex/lock_event])
[0x0000000002e5ab10] AdapterHandlerLibrary_lock - owner thread: 0x0000000002e5e000

heap address: 0x00000000fc000000, size: 64 MB, Compressed Oops mode: 32-bit
Narrow klass base: 0x0000000000000000, Narrow klass shift: 3
Compressed class space size: 1073741824 Address: 0x0000000100000000

Heap:
 PSYoungGen      total 18944K, used 16577K [0x00000000feb00000, 0x0000000100000000, 0x0000000100000000)
  eden space 16384K, 85% used [0x00000000feb00000,0x00000000ff8b1468,0x00000000ffb00000)
  from space 2560K, 99% used [0x00000000ffd80000,0x00000000fffff300,0x0000000100000000)
  to   space 2560K, 0% used [0x00000000ffb00000,0x00000000ffb00000,0x00000000ffd80000)
 ParOldGen       total 44032K, used 5049K [0x00000000fc000000, 0x00000000feb00000, 0x00000000feb00000)
  object space 44032K, 11% used [0x00000000fc000000,0x00000000fc4ee548,0x00000000feb00000)
 Metaspace       used 7566K, capacity 7816K, committed 7936K, reserved 1058816K
  class space    used 860K, capacity 970K, committed 1024K, reserved 1048576K

Card table byte_map: [0x0000000002de0000,0x0000000002e10000] byte_map_base: 0x0000000002600000

Marking Bits: (ParMarkBitMap*) 0x000000006bf29f30
 Begin Bits: [0x0000000012820000, 0x0000000012920000)
 End Bits:   [0x0000000012920000, 0x0000000012a20000)

Polling page: 0x0000000000de0000

CodeCache: size=245760Kb used=3840Kb max_used=3853Kb free=241919Kb
 bounds [0x0000000003060000, 0x0000000003430000, 0x0000000012060000]
 total_blobs=1355 nmethods=1023 adapters=245
 compilation: enabled

Compilation events (10 events):
Event: 4.334 Thread 0x0000000014c50800 nmethod 1021 0x0000000003410e10 code [0x0000000003410f60, 0x00000000034110d0]
Event: 4.334 Thread 0x0000000014c50800 1022       3       java.util.zip.ZipOutputStream::writeExtra (106 bytes)
Event: 4.335 Thread 0x0000000014c50800 nmethod 1022 0x000000000341e950 code [0x000000000341eb40, 0x000000000341f608]
Event: 4.336 Thread 0x0000000014c50800 1023       3       sun.misc.SharedSecrets::getJavaLangAccess (4 bytes)
Event: 4.336 Thread 0x0000000014c50800 nmethod 1023 0x0000000003412910 code [0x0000000003412a60, 0x0000000003412b90]
Event: 4.336 Thread 0x0000000014c50800 1024       3       com.google.common.collect.ImmutableList::copyOf (61 bytes)
Event: 4.337 Thread 0x0000000014c50800 nmethod 1024 0x000000000341fb90 code [0x000000000341fdc0, 0x0000000003420928]
Event: 4.338 Thread 0x00000000133e8800 nmethod 1008 0x0000000003424410 code [0x0000000003424580, 0x0000000003424dd8]
Event: 4.338 Thread 0x00000000133e8800 1013       4       org.objectweb.asm.ClassVisitor::visitMethod (24 bytes)
Event: 4.339 Thread 0x00000000133e8800 nmethod 1013 0x000000000340f410 code [0x000000000340f540, 0x000000000340f5d8]

GC Heap History (4 events):
Event: 3.173 GC heap before
{Heap before GC invocations=1 (full 0):
 PSYoungGen      total 18944K, used 16384K [0x00000000feb00000, 0x0000000100000000, 0x0000000100000000)
  eden space 16384K, 100% used [0x00000000feb00000,0x00000000ffb00000,0x00000000ffb00000)
  from space 2560K, 0% used [0x00000000ffd80000,0x00000000ffd80000,0x0000000100000000)
  to   space 2560K, 0% used [0x00000000ffb00000,0x00000000ffb00000,0x00000000ffd80000)
 ParOldGen       total 44032K, used 0K [0x00000000fc000000, 0x00000000feb00000, 0x00000000feb00000)
  object space 44032K, 0% used [0x00000000fc000000,0x00000000fc000000,0x00000000feb00000)
 Metaspace       used 6689K, capacity 6938K, committed 7040K, reserved 1058816K
  class space    used 787K, capacity 871K, committed 896K, reserved 1048576K
Event: 3.179 GC heap after
Heap after GC invocations=1 (full 0):
 PSYoungGen      total 18944K, used 2545K [0x00000000feb00000, 0x0000000100000000, 0x0000000100000000)
  eden space 16384K, 0% used [0x00000000feb00000,0x00000000feb00000,0x00000000ffb00000)
  from space 2560K, 99% used [0x00000000ffb00000,0x00000000ffd7c650,0x00000000ffd80000)
  to   space 2560K, 0% used [0x00000000ffd80000,0x00000000ffd80000,0x0000000100000000)
 ParOldGen       total 44032K, used 1187K [0x00000000fc000000, 0x00000000feb00000, 0x00000000feb00000)
  object space 44032K, 2% used [0x00000000fc000000,0x00000000fc128ef8,0x00000000feb00000)
 Metaspace       used 6689K, capacity 6938K, committed 7040K, reserved 1058816K
  class space    used 787K, capacity 871K, committed 896K, reserved 1048576K
}
Event: 3.744 GC heap before
{Heap before GC invocations=2 (full 0):
 PSYoungGen      total 18944K, used 18929K [0x00000000feb00000, 0x0000000100000000, 0x0000000100000000)
  eden space 16384K, 100% used [0x00000000feb00000,0x00000000ffb00000,0x00000000ffb00000)
  from space 2560K, 99% used [0x00000000ffb00000,0x00000000ffd7c650,0x00000000ffd80000)
  to   space 2560K, 0% used [0x00000000ffd80000,0x00000000ffd80000,0x0000000100000000)
 ParOldGen       total 44032K, used 1187K [0x00000000fc000000, 0x00000000feb00000, 0x00000000feb00000)
  object space 44032K, 2% used [0x00000000fc000000,0x00000000fc128ef8,0x00000000feb00000)
 Metaspace       used 6833K, capacity 7016K, committed 7040K, reserved 1058816K
  class space    used 799K, capacity 874K, committed 896K, reserved 1048576K
Event: 3.794 GC heap after
Heap after GC invocations=2 (full 0):
 PSYoungGen      total 18944K, used 2556K [0x00000000feb00000, 0x0000000100000000, 0x0000000100000000)
  eden space 16384K, 0% used [0x00000000feb00000,0x00000000feb00000,0x00000000ffb00000)
  from space 2560K, 99% used [0x00000000ffd80000,0x00000000fffff300,0x0000000100000000)
  to   space 2560K, 0% used [0x00000000ffb00000,0x00000000ffb00000,0x00000000ffd80000)
 ParOldGen       total 44032K, used 5049K [0x00000000fc000000, 0x00000000feb00000, 0x00000000feb00000)
  object space 44032K, 11% used [0x00000000fc000000,0x00000000fc4ee548,0x00000000feb00000)
 Metaspace       used 6833K, capacity 7016K, committed 7040K, reserved 1058816K
  class space    used 799K, capacity 874K, committed 896K, reserved 1048576K
}

Deoptimization events (10 events):
Event: 3.154 Thread 0x0000000002e5e000 Uncommon trap: reason=unstable_if action=reinterpret pc=0x00000000032b9060 method=java.util.zip.ZipCoder.decoder()Ljava/nio/charset/CharsetDecoder; @ 4
Event: 3.158 Thread 0x0000000002e5e000 Uncommon trap: reason=unstable_if action=reinterpret pc=0x00000000032b2748 method=java.util.zip.ZipFile$ZipEntryIterator.hasNext()Z @ 25
Event: 3.158 Thread 0x0000000002e5e000 Uncommon trap: reason=unstable_if action=reinterpret pc=0x00000000032b33ec method=java.util.zip.ZipCoder.decoder()Ljava/nio/charset/CharsetDecoder; @ 4
Event: 3.158 Thread 0x0000000002e5e000 Uncommon trap: reason=unstable_if action=reinterpret pc=0x00000000032abd7c method=java.util.zip.ZipCoder.decoder()Ljava/nio/charset/CharsetDecoder; @ 4
Event: 3.222 Thread 0x0000000002e5e000 Uncommon trap: reason=unstable_if action=reinterpret pc=0x00000000032c33b8 method=java.util.zip.ZipCoder.decoder()Ljava/nio/charset/CharsetDecoder; @ 4
Event: 3.714 Thread 0x0000000002e5e000 Uncommon trap: reason=unstable_if action=reinterpret pc=0x00000000032ad6e8 method=java.util.zip.ZipEntry.setExtra0([BZ)V @ 279
Event: 3.983 Thread 0x0000000002e5e000 Uncommon trap: reason=unstable_if action=reinterpret pc=0x00000000033a3794 method=org.objectweb.asm.MethodWriter.visitVarInsn(II)V @ 142
Event: 4.083 Thread 0x0000000002e5e000 Uncommon trap: reason=unstable_if action=reinterpret pc=0x00000000033cba28 method=org.objectweb.asm.Type.getArgumentsAndReturnSizes(Ljava/lang/String;)I @ 130
Event: 4.241 Thread 0x0000000002e5e000 Uncommon trap: reason=unstable_if action=reinterpret pc=0x0000000003347d68 method=java.lang.String.<init>([CII)V @ 18
Event: 4.255 Thread 0x0000000002e5e000 Uncommon trap: reason=unstable_if action=reinterpret pc=0x0000000003259b38 method=java.lang.String.<init>([CII)V @ 18

Classes redefined (0 events):
No events

Internal exceptions (10 events):
Event: 3.830 Thread 0x0000000002e5e000 Exception <a 'sun/nio/fs/WindowsException'> (0x00000000fed9b460) thrown at [D:\src\AOSP-openjdk-cygwin\jdk8u\hotspot\src\share\vm\prims\jni.cpp, line 710]
Event: 3.830 Thread 0x0000000002e5e000 Exception <a 'sun/nio/fs/WindowsException'> (0x00000000fed9ba08) thrown at [D:\src\AOSP-openjdk-cygwin\jdk8u\hotspot\src\share\vm\prims\jni.cpp, line 710]
Event: 4.003 Thread 0x0000000002e5e000 Exception <a 'sun/nio/fs/WindowsException'> (0x00000000ff4b4a78) thrown at [D:\src\AOSP-openjdk-cygwin\jdk8u\hotspot\src\share\vm\prims\jni.cpp, line 710]
Event: 4.003 Thread 0x0000000002e5e000 Exception <a 'sun/nio/fs/WindowsException'> (0x00000000ff4b4fa0) thrown at [D:\src\AOSP-openjdk-cygwin\jdk8u\hotspot\src\share\vm\prims\jni.cpp, line 710]
Event: 4.234 Thread 0x0000000002e5e000 Exception <a 'sun/nio/fs/WindowsException'> (0x00000000ff663d40) thrown at [D:\src\AOSP-openjdk-cygwin\jdk8u\hotspot\src\share\vm\prims\jni.cpp, line 710]
Event: 4.234 Thread 0x0000000002e5e000 Exception <a 'sun/nio/fs/WindowsException'> (0x00000000ff664268) thrown at [D:\src\AOSP-openjdk-cygwin\jdk8u\hotspot\src\share\vm\prims\jni.cpp, line 710]
Event: 4.256 Thread 0x0000000002e5e000 Exception <a 'sun/nio/fs/WindowsException'> (0x00000000ff6d41f8) thrown at [D:\src\AOSP-openjdk-cygwin\jdk8u\hotspot\src\share\vm\prims\jni.cpp, line 710]
Event: 4.256 Thread 0x0000000002e5e000 Exception <a 'sun/nio/fs/WindowsException'> (0x00000000ff6d4720) thrown at [D:\src\AOSP-openjdk-cygwin\jdk8u\hotspot\src\share\vm\prims\jni.cpp, line 710]
Event: 4.261 Thread 0x0000000002e5e000 Exception <a 'sun/nio/fs/WindowsException'> (0x00000000ff6f49d8) thrown at [D:\src\AOSP-openjdk-cygwin\jdk8u\hotspot\src\share\vm\prims\jni.cpp, line 710]
Event: 4.261 Thread 0x0000000002e5e000 Exception <a 'sun/nio/fs/WindowsException'> (0x00000000ff6f4f00) thrown at [D:\src\AOSP-openjdk-cygwin\jdk8u\hotspot\src\share\vm\prims\jni.cpp, line 710]

Events (10 events):
Event: 4.241 Thread 0x0000000002e5e000 Uncommon trap: trap_request=0xffffff65 fr.pc=0x0000000003347d68
Event: 4.241 Thread 0x0000000002e5e000 DEOPT PACKING pc=0x0000000003347d68 sp=0x0000000002f5ed20
Event: 4.241 Thread 0x0000000002e5e000 DEOPT UNPACKING pc=0x00000000030a557b sp=0x0000000002f5ebd8 mode 2
Event: 4.255 Thread 0x0000000002e5e000 Uncommon trap: trap_request=0xffffff65 fr.pc=0x0000000003259b38
Event: 4.255 Thread 0x0000000002e5e000 DEOPT PACKING pc=0x0000000003259b38 sp=0x0000000002f5e7c0
Event: 4.255 Thread 0x0000000002e5e000 DEOPT UNPACKING pc=0x00000000030a557b sp=0x0000000002f5e788 mode 2
Event: 4.260 Executing VM operation: EnableBiasedLocking
Event: 4.260 Executing VM operation: EnableBiasedLocking done
Event: 4.307 Thread 0x0000000002e5e000 DEOPT PACKING pc=0x00000000032112c7 sp=0x0000000002f5eb60
Event: 4.307 Thread 0x0000000002e5e000 DEOPT UNPACKING pc=0x00000000030a75d0 sp=0x0000000002f5e890 mode 0


Dynamic libraries:
0x00007ff64a260000 - 0x00007ff64a291000 	C:\Program Files\Android\Android Studio\jre\bin\java.exe
0x00007fffcecc0000 - 0x00007fffceeb0000 	C:\WINDOWS\SYSTEM32\ntdll.dll
0x00007fffcdab0000 - 0x00007fffcdb62000 	C:\WINDOWS\System32\KERNEL32.DLL
0x00007fffcc720000 - 0x00007fffcc9c3000 	C:\WINDOWS\System32\KERNELBASE.dll
0x00007fffce270000 - 0x00007fffce313000 	C:\WINDOWS\System32\ADVAPI32.dll
0x00007fffcd1a0000 - 0x00007fffcd23e000 	C:\WINDOWS\System32\msvcrt.dll
0x00007fffccf80000 - 0x00007fffcd017000 	C:\WINDOWS\System32\sechost.dll
0x00007fffceb60000 - 0x00007fffcec80000 	C:\WINDOWS\System32\RPCRT4.dll
0x00007fffcd700000 - 0x00007fffcd894000 	C:\WINDOWS\System32\USER32.dll
0x00007fffcc6f0000 - 0x00007fffcc711000 	C:\WINDOWS\System32\win32u.dll
0x00007fffce380000 - 0x00007fffce3a6000 	C:\WINDOWS\System32\GDI32.dll
0x00007fffcc550000 - 0x00007fffcc6e4000 	C:\WINDOWS\System32\gdi32full.dll
0x00007fffcc4b0000 - 0x00007fffcc54e000 	C:\WINDOWS\System32\msvcp_win.dll
0x00007fffcc9d0000 - 0x00007fffccaca000 	C:\WINDOWS\System32\ucrtbase.dll
0x00007fffb8d80000 - 0x00007fffb9005000 	C:\WINDOWS\WinSxS\amd64_microsoft.windows.common-controls_6595b64144ccf1df_6.0.18362.657_none_e6c5b579130e3898\COMCTL32.dll
0x00007fffcd240000 - 0x00007fffcd576000 	C:\WINDOWS\System32\combase.dll
0x00007fffcc430000 - 0x00007fffcc4b0000 	C:\WINDOWS\System32\bcryptPrimitives.dll
0x00007fffcced0000 - 0x00007fffccefe000 	C:\WINDOWS\System32\IMM32.DLL
0x000000006cb50000 - 0x000000006cc22000 	C:\WINDOWS\System32\KERNEL32.DLL
0x000000006b760000 - 0x000000006bfa6000 	C:\Program Files\Android\Android Studio\jre\jre\bin\server\jvm.dll
0x00007fffcdb70000 - 0x00007fffcdb78000 	C:\WINDOWS\System32\PSAPI.DLL
0x00007fffb0450000 - 0x00007fffb0459000 	C:\WINDOWS\SYSTEM32\WSOCK32.dll
0x00007fffcd690000 - 0x00007fffcd6ff000 	C:\WINDOWS\System32\WS2_32.dll
0x00007fffc97d0000 - 0x00007fffc97f4000 	C:\WINDOWS\SYSTEM32\WINMM.dll
0x00007fffbb8e0000 - 0x00007fffbb8ea000 	C:\WINDOWS\SYSTEM32\VERSION.dll
0x00007fffc97a0000 - 0x00007fffc97cd000 	C:\WINDOWS\System32\ADVAPI32.dll
0x00007fffccc20000 - 0x00007fffccc6a000 	C:\WINDOWS\System32\win32u.dll
0x00007fffc5000000 - 0x00007fffc500f000 	C:\WINDOWS\System32\gdi32full.dll
0x00007fffb0ac0000 - 0x00007fffb0ae9000 	C:\WINDOWS\System32\ucrtbase.dll
0x00007fffb0aa0000 - 0x00007fffb0ab6000 	C:\WINDOWS\System32\combase.dll
0x00007fffcdb80000 - 0x00007fffce265000 	C:\WINDOWS\System32\IMM32.DLL
0x00007fffceab0000 - 0x00007fffceb59000 	C:\Program Files\Android\Android Studio\jre\jre\bin\server\jvm.dll
0x00007fffcbcb0000 - 0x00007fffcc42f000 	C:\WINDOWS\System32\windows.storage.dll
0x00007fffcbc30000 - 0x00007fffcbc4f000 	C:\WINDOWS\System32\WS2_32.dll
0x00007fffcbbc0000 - 0x00007fffcbc0a000 	C:\WINDOWS\SYSTEM32\WINMM.dll
0x00007fffcbb90000 - 0x00007fffcbba0000 	C:\WINDOWS\System32\UMPDC.dll
0x00007fffce320000 - 0x00007fffce372000 	C:\WINDOWS\System32\cfgmgr32.dll
0x00007fffcbba0000 - 0x00007fffcbbb1000 	C:\WINDOWS\System32\kernel.appcore.dll
0x00007fffccc70000 - 0x00007fffccc87000 	C:\WINDOWS\System32\cryptsp.dll
0x00007fffcaf10000 - 0x00007fffcaf43000 	C:\Program Files\Android\Android Studio\jre\jre\bin\java.dll
0x00007fffccd40000 - 0x00007fffccd66000 	C:\WINDOWS\System32\bcrypt.dll
0x00007fffcbab0000 - 0x00007fffcbad5000 	C:\WINDOWS\System32\KERNELBASE.dll
0x00007fffcb5d0000 - 0x00007fffcb5dc000 	C:\WINDOWS\SYSTEM32\CRYPTBASE.dll
0x00007fffb0a80000 - 0x00007fffb0a9a000 	C:\WINDOWS\System32\RPCRT4.dll
0x00007fffcb400000 - 0x00007fffcb467000 	C:\WINDOWS\System32\GDI32.dll
0x00007fffcb0b0000 - 0x00007fffcb0ea000 	C:\WINDOWS\System32\ucrtbase.dll
0x00007fffcd580000 - 0x00007fffcd588000 	C:\WINDOWS\System32\NSI.dll
0x00007fffc47c0000 - 0x00007fffc47d6000 	C:\WINDOWS\System32\bcryptPrimitives.dll
0x00007fffc5440000 - 0x00007fffc545c000 	C:\Program Files\Android\Android Studio\jre\jre\bin\msvcr100.dll
0x00007fffcb140000 - 0x00007fffcb20a000 	C:\WINDOWS\SYSTEM32\WSOCK32.dll
0x00007fffb0a60000 - 0x00007fffb0a71000 	C:\WINDOWS\SYSTEM32\WINMM.dll

VM Arguments:
jvm_args: -Djava.awt.headless=true -Xmx64M -Dfile.encoding=windows-1252 -Duser.country=IN -Duser.language=en -Duser.variant 
java_command: com.google.devtools.build.android.desugar.Desugar --input G:\IP\2020\RunningProject\tamasvideoapp_05_Feb\app\build\intermediates\transforms\stackFramesFixer\debug\53.jar --output G:\IP\2020\RunningProject\tamasvideoapp_05_Feb\app\build\intermediates\transforms\desugar\debug\55.jar --input G:\IP\2020\RunningProject\tamasvideoapp_05_Feb\app\build\intermediates\transforms\stackFramesFixer\debug\66.jar --output G:\IP\2020\RunningProject\tamasvideoapp_05_Feb\app\build\intermediates\transforms\desugar\debug\68.jar --input G:\IP\2020\RunningProject\tamasvideoapp_05_Feb\app\build\intermediates\transforms\stackFramesFixer\debug\58.jar --output G:\IP\2020\RunningProject\tamasvideoapp_05_Feb\app\build\intermediates\transforms\desugar\debug\60.jar --input G:\IP\2020\RunningProject\tamasvideoapp_05_Feb\app\build\intermediates\transforms\stackFramesFixer\debug\49.jar --output G:\IP\2020\RunningProject\tamasvideoapp_05_Feb\app\build\intermediates\transforms\desugar\debug\51.jar --input G:\IP\2020\RunningProject\tamasvideoapp_05_Feb\app\build\intermediates\transforms\stackFramesFixer\debug\74.jar --output G:\IP\2020\RunningProject\tamasvideoapp_05_Feb\app\build\intermediates\transforms\desugar\debug\76.jar --input G:\IP\2020\RunningProject\tamasvideoapp_05_Feb\app\build\intermediates\transforms\stackFramesFixer\debug\106.jar --output G:\IP\2020\RunningProject\tamasvideoapp_05_Feb\app\build\intermediates\transforms\desugar\debug\108.jar --input G:\IP\2020\RunningProject\tamasvideoapp_05_Feb\app\build\intermediates\transforms\stackFramesFixer\debug\19.jar --output G:\IP\2020\RunningProject\tamasvideoapp_05_Feb\app\build\intermediates\transforms\desugar\debug\21.jar --input G:\IP\2020\RunningProject\tamasvideoapp_05_Feb\app\build\intermediates\transforms\stackFramesFixer\debug\45.jar --output G:\IP\2020\RunningProject\tamasvideoapp_05_Feb\app\build\intermediates\transforms\desugar\debug\47.jar --input G:\IP\2020\RunningProject\tamasvideoapp_05_Feb\app\build\intermediat
java_class_path (initial): C:\Users\lenovo\AppData\Local\Temp\desugar_deploy.jar8962144235624688641
Launcher Type: SUN_STANDARD

Environment Variables:
JAVA_HOME=C:\Program Files (x86)\Java\jre1.8.0_161\lib\rt.jar
PATH=C:\ProgramData\Boxstarter;C:\ProgramData\Oracle\Java\javapath;C:\Program Files (x86)\Lenovo\FusionEngine;C:\Windows\system32;C:\Windows;C:\Windows\System32\Wbem;C:\Windows\System32\WindowsPowerShell\v1.0\;C:\Program Files (x86)\Common Files\lenovo\easyplussdk\bin;C:\Program Files (x86)\NVIDIA Corporation\PhysX\Common;C:\WINDOWS\system32;C:\WINDOWS;C:\WINDOWS\System32\Wbem;C:\WINDOWS\System32\WindowsPowerShell\v1.0\;C:\Program Files\TortoiseGit\bin;C:\Program Files (x86)\Microsoft SQL Server\110\Tools\Binn\ManagementStudio\;C:\Program Files (x86)\Microsoft SQL Server\110\Tools\Binn\;C:\Program Files (x86)\Microsoft SQL Server\110\DTS\Binn\;C:\WINDOWS\System32\OpenSSH\;C:\Program Files\nodejs\;C:\ProgramData\chocolatey\bin;C:\Program Files\Microsoft SQL Server\110\Tools\Binn\;C:\Program Files\Microsoft SQL Server\110\DTS\Binn\;C:\Program Files\Git\cmd;C:\xampp\php;C:\ProgramData\ComposerSetup\bin;C:\WINDOWS\system32;C:\WINDOWS;C:\WINDOWS\System32\Wbem;C:\WINDOWS\System32\WindowsPowerShell\v1.0\;C:\WINDOWS\System32\OpenSSH\;C:\xampp\mysql\bin;%USERPROFILE%\AppData\Local\Microsoft\WindowsApps;
USERNAME=lenovo
OS=Windows_NT
PROCESSOR_IDENTIFIER=Intel64 Family 6 Model 78 Stepping 3, GenuineIntel



---------------  S Y S T E M  ---------------

OS: Windows 10.0 , 64 bit Build 18362 (10.0.18362.329)

CPU:total 4 (initial active 4) (2 cores per cpu, 2 threads per core) family 6 model 78 stepping 3, cmov, cx8, fxsr, mmx, sse, sse2, sse3, ssse3, sse4.1, sse4.2, popcnt, avx, avx2, aes, clmul, erms, 3dnowpref, lzcnt, ht, tsc, tscinvbit, bmi1, bmi2, adx

Memory: 4k page, physical 8177720k(967680k free), swap 10020920k(7976k free)

vm_info: OpenJDK 64-Bit Server VM (25.202-b03) for windows-amd64 JRE (1.8.0_202-release-1483-b03), built by "builder" with MS VC++ 10.0 (VS2010)

time: Sat Mar 07 17:31:02 2020
timezone: India Standard Time
elapsed time: 4 seconds (0d 0h 0m 4s)

