#
# There is insufficient memory for the Java Runtime Environment to continue.
# Native memory allocation (malloc) failed to allocate 777856 bytes for Chunk::new
# Possible reasons:
#   The system is out of physical RAM or swap space
#   The process is running with CompressedOops enabled, and the Java Heap may be blocking the growth of the native heap
# Possible solutions:
#   Reduce memory load on the system
#   Increase physical memory or swap space
#   Check if swap backing store is full
#   Decrease Java heap size (-Xmx/-Xms)
#   Decrease number of Java threads
#   Decrease Java thread stack sizes (-Xss)
#   Set larger code cache with -XX:ReservedCodeCacheSize=
#   JVM is running with Unscaled Compressed Oops mode in which the Java heap is
#     placed in the first 4GB address space. The Java Heap base address is the
#     maximum limit for the native heap growth. Please use -XX:HeapBaseMinAddress
#     to set the Java Heap base and to place the Java Heap above 4GB virtual address.
# This output file may be truncated or incomplete.
#
#  Out of Memory Error (allocation.cpp:389), pid=2156, tid=0x00000000000027b8
#
# JRE version: OpenJDK Runtime Environment (8.0_202-b03) (build 1.8.0_202-release-1483-b03)
# Java VM: OpenJDK 64-Bit Server VM (25.202-b03 mixed mode windows-amd64 compressed oops)
# Failed to write core dump. Minidumps are not enabled by default on client versions of Windows
#

---------------  T H R E A D  ---------------

Current thread (0x0000000012fad000):  JavaThread "C2 CompilerThread1" daemon [_thread_in_native, id=10168, stack(0x00000000146f0000,0x00000000147f0000)]

Stack: [0x00000000146f0000,0x00000000147f0000]
[error occurred during error reporting (printing stack bounds), id 0xc0000005]

Native frames: (J=compiled Java code, j=interpreted, Vv=VM code, C=native code)


Current CompileTask:
C2:   4307  971 %     4       org.objectweb.asm.ClassReader::readCode @ 74 (3575 bytes)


---------------  P R O C E S S  ---------------

Java Threads: ( => current thread )
  0x000000001481a000 JavaThread "Service Thread" daemon [_thread_blocked, id=15004, stack(0x0000000014cf0000,0x0000000014df0000)]
  0x00000000147f8800 JavaThread "C1 CompilerThread2" daemon [_thread_blocked, id=2472, stack(0x0000000014bf0000,0x0000000014cf0000)]
=>0x0000000012fad000 JavaThread "C2 CompilerThread1" daemon [_thread_in_native, id=10168, stack(0x00000000146f0000,0x00000000147f0000)]
  0x0000000012fa8800 JavaThread "C2 CompilerThread0" daemon [_thread_blocked, id=8264, stack(0x00000000145f0000,0x00000000146f0000)]
  0x0000000012fa7000 JavaThread "Attach Listener" daemon [_thread_blocked, id=11320, stack(0x00000000144f0000,0x00000000145f0000)]
  0x0000000012fa5800 JavaThread "Signal Dispatcher" daemon [_thread_blocked, id=12428, stack(0x00000000143f0000,0x00000000144f0000)]
  0x0000000012f92800 JavaThread "Finalizer" daemon [_thread_blocked, id=15248, stack(0x00000000141f0000,0x00000000142f0000)]
  0x0000000012f89000 JavaThread "Reference Handler" daemon [_thread_blocked, id=1788, stack(0x00000000140f0000,0x00000000141f0000)]
  0x0000000002a3e000 JavaThread "main" [_thread_in_Java, id=17644, stack(0x0000000002a40000,0x0000000002b40000)]

Other Threads:
  0x0000000012f68000 VMThread [stack: 0x0000000013ff0000,0x00000000140f0000] [id=14212]
  0x000000001481c800 WatcherThread [stack: 0x0000000014df0000,0x0000000014ef0000] [id=13692]

VM state:not at safepoint (normal execution)

VM Mutex/Monitor currently owned by a thread: None

heap address: 0x00000000fc000000, size: 64 MB, Compressed Oops mode: 32-bit
Narrow klass base: 0x0000000000000000, Narrow klass shift: 3
Compressed class space size: 1073741824 Address: 0x0000000100000000

Heap:
 PSYoungGen      total 18944K, used 7238K [0x00000000feb00000, 0x0000000100000000, 0x0000000100000000)
  eden space 16384K, 28% used [0x00000000feb00000,0x00000000fef97d10,0x00000000ffb00000)
  from space 2560K, 99% used [0x00000000ffb00000,0x00000000ffd79b70,0x00000000ffd80000)
  to   space 2560K, 0% used [0x00000000ffd80000,0x00000000ffd80000,0x0000000100000000)
 ParOldGen       total 17920K, used 6545K [0x00000000fc000000, 0x00000000fd180000, 0x00000000feb00000)
  object space 17920K, 36% used [0x00000000fc000000,0x00000000fc664418,0x00000000fd180000)
 Metaspace       used 7579K, capacity 7816K, committed 7936K, reserved 1058816K
  class space    used 860K, capacity 970K, committed 1024K, reserved 1048576K

Card table byte_map: [0x0000000002990000,0x00000000029c0000] byte_map_base: 0x00000000021b0000

Marking Bits: (ParMarkBitMap*) 0x000000006bf29f30
 Begin Bits: [0x0000000012400000, 0x0000000012500000)
 End Bits:   [0x0000000012500000, 0x0000000012600000)

Polling page: 0x0000000002840000

CodeCache: size=245760Kb used=3773Kb max_used=3784Kb free=241986Kb
 bounds [0x0000000002c40000, 0x0000000003000000, 0x0000000011c40000]
 total_blobs=1335 nmethods=1004 adapters=245
 compilation: enabled

Compilation events (10 events):
Event: 4.292 Thread 0x00000000147f8800 nmethod 1002 0x0000000002fe8450 code [0x0000000002fe85a0, 0x0000000002fe86b0]
Event: 4.295 Thread 0x00000000147f8800 1003       3       org.objectweb.asm.Type::getArgumentsAndReturnSizes (151 bytes)
Event: 4.296 Thread 0x00000000147f8800 nmethod 1003 0x0000000002ff0950 code [0x0000000002ff0b80, 0x0000000002ff1918]
Event: 4.296 Thread 0x0000000012fa8800 nmethod 999 0x0000000002ff3b10 code [0x0000000002ff3c80, 0x0000000002ff4238]
Event: 4.296 Thread 0x0000000012fa8800 1000       4       org.objectweb.asm.Label::resolve (214 bytes)
Event: 4.297 Thread 0x00000000147f8800 1004       3       java.util.Vector::elementData (7 bytes)
Event: 4.297 Thread 0x00000000147f8800 nmethod 1004 0x0000000002ff3750 code [0x0000000002ff38a0, 0x0000000002ff3a10]
Event: 4.297 Thread 0x00000000147f8800 1005       3       java.nio.Buffer::limit (62 bytes)
Event: 4.297 Thread 0x00000000147f8800 nmethod 1005 0x0000000002ff3210 code [0x0000000002ff3380, 0x0000000002ff3688]
Event: 4.301 Thread 0x0000000012fa8800 nmethod 1000 0x0000000002fe6850 code [0x0000000002fe69a0, 0x0000000002fe6cb8]

GC Heap History (8 events):
Event: 2.662 GC heap before
{Heap before GC invocations=1 (full 0):
 PSYoungGen      total 18944K, used 5306K [0x00000000feb00000, 0x0000000100000000, 0x0000000100000000)
  eden space 16384K, 32% used [0x00000000feb00000,0x00000000ff02eae0,0x00000000ffb00000)
  from space 2560K, 0% used [0x00000000ffd80000,0x00000000ffd80000,0x0000000100000000)
  to   space 2560K, 0% used [0x00000000ffb00000,0x00000000ffb00000,0x00000000ffd80000)
 ParOldGen       total 44032K, used 0K [0x00000000fc000000, 0x00000000feb00000, 0x00000000feb00000)
  object space 44032K, 0% used [0x00000000fc000000,0x00000000fc000000,0x00000000feb00000)
 Metaspace       used 5694K, capacity 5866K, committed 5888K, reserved 1060864K
  class space    used 664K, capacity 749K, committed 768K, reserved 1048576K
Event: 2.671 GC heap after
Heap after GC invocations=1 (full 0):
 PSYoungGen      total 18944K, used 1461K [0x00000000feb00000, 0x0000000100000000, 0x0000000100000000)
  eden space 16384K, 0% used [0x00000000feb00000,0x00000000feb00000,0x00000000ffb00000)
  from space 2560K, 57% used [0x00000000ffb00000,0x00000000ffc6d490,0x00000000ffd80000)
  to   space 2560K, 0% used [0x00000000ffd80000,0x00000000ffd80000,0x0000000100000000)
 ParOldGen       total 44032K, used 8K [0x00000000fc000000, 0x00000000feb00000, 0x00000000feb00000)
  object space 44032K, 0% used [0x00000000fc000000,0x00000000fc002000,0x00000000feb00000)
 Metaspace       used 5694K, capacity 5866K, committed 5888K, reserved 1060864K
  class space    used 664K, capacity 749K, committed 768K, reserved 1048576K
}
Event: 2.671 GC heap before
{Heap before GC invocations=2 (full 1):
 PSYoungGen      total 18944K, used 1461K [0x00000000feb00000, 0x0000000100000000, 0x0000000100000000)
  eden space 16384K, 0% used [0x00000000feb00000,0x00000000feb00000,0x00000000ffb00000)
  from space 2560K, 57% used [0x00000000ffb00000,0x00000000ffc6d490,0x00000000ffd80000)
  to   space 2560K, 0% used [0x00000000ffd80000,0x00000000ffd80000,0x0000000100000000)
 ParOldGen       total 44032K, used 8K [0x00000000fc000000, 0x00000000feb00000, 0x00000000feb00000)
  object space 44032K, 0% used [0x00000000fc000000,0x00000000fc002000,0x00000000feb00000)
 Metaspace       used 5694K, capacity 5866K, committed 5888K, reserved 1060864K
  class space    used 664K, capacity 749K, committed 768K, reserved 1048576K
Event: 2.688 GC heap after
Heap after GC invocations=2 (full 1):
 PSYoungGen      total 18944K, used 0K [0x00000000feb00000, 0x0000000100000000, 0x0000000100000000)
  eden space 16384K, 0% used [0x00000000feb00000,0x00000000feb00000,0x00000000ffb00000)
  from space 2560K, 0% used [0x00000000ffb00000,0x00000000ffb00000,0x00000000ffd80000)
  to   space 2560K, 0% used [0x00000000ffd80000,0x00000000ffd80000,0x0000000100000000)
 ParOldGen       total 17920K, used 1390K [0x00000000fc000000, 0x00000000fd180000, 0x00000000feb00000)
  object space 17920K, 7% used [0x00000000fc000000,0x00000000fc15b8c0,0x00000000fd180000)
 Metaspace       used 5694K, capacity 5866K, committed 5888K, reserved 1058816K
  class space    used 664K, capacity 749K, committed 768K, reserved 1048576K
}
Event: 3.101 GC heap before
{Heap before GC invocations=3 (full 1):
 PSYoungGen      total 18944K, used 16384K [0x00000000feb00000, 0x0000000100000000, 0x0000000100000000)
  eden space 16384K, 100% used [0x00000000feb00000,0x00000000ffb00000,0x00000000ffb00000)
  from space 2560K, 0% used [0x00000000ffb00000,0x00000000ffb00000,0x00000000ffd80000)
  to   space 2560K, 0% used [0x00000000ffd80000,0x00000000ffd80000,0x0000000100000000)
 ParOldGen       total 17920K, used 1390K [0x00000000fc000000, 0x00000000fd180000, 0x00000000feb00000)
  object space 17920K, 7% used [0x00000000fc000000,0x00000000fc15b8c0,0x00000000fd180000)
 Metaspace       used 6660K, capacity 6874K, committed 7040K, reserved 1058816K
  class space    used 785K, capacity 871K, committed 896K, reserved 1048576K
Event: 3.110 GC heap after
Heap after GC invocations=3 (full 1):
 PSYoungGen      total 18944K, used 2528K [0x00000000feb00000, 0x0000000100000000, 0x0000000100000000)
  eden space 16384K, 0% used [0x00000000feb00000,0x00000000feb00000,0x00000000ffb00000)
  from space 2560K, 98% used [0x00000000ffd80000,0x00000000ffff8010,0x0000000100000000)
  to   space 2560K, 0% used [0x00000000ffb00000,0x00000000ffb00000,0x00000000ffd80000)
 ParOldGen       total 17920K, used 3078K [0x00000000fc000000, 0x00000000fd180000, 0x00000000feb00000)
  object space 17920K, 17% used [0x00000000fc000000,0x00000000fc3019c0,0x00000000fd180000)
 Metaspace       used 6660K, capacity 6874K, committed 7040K, reserved 1058816K
  class space    used 785K, capacity 871K, committed 896K, reserved 1048576K
}
Event: 4.092 GC heap before
{Heap before GC invocations=4 (full 1):
 PSYoungGen      total 18944K, used 18912K [0x00000000feb00000, 0x0000000100000000, 0x0000000100000000)
  eden space 16384K, 100% used [0x00000000feb00000,0x00000000ffb00000,0x00000000ffb00000)
  from space 2560K, 98% used [0x00000000ffd80000,0x00000000ffff8010,0x0000000100000000)
  to   space 2560K, 0% used [0x00000000ffb00000,0x00000000ffb00000,0x00000000ffd80000)
 ParOldGen       total 17920K, used 3078K [0x00000000fc000000, 0x00000000fd180000, 0x00000000feb00000)
  object space 17920K, 17% used [0x00000000fc000000,0x00000000fc3019c0,0x00000000fd180000)
 Metaspace       used 7431K, capacity 7688K, committed 7936K, reserved 1058816K
  class space    used 860K, capacity 970K, committed 1024K, reserved 1048576K
Event: 4.102 GC heap after
Heap after GC invocations=4 (full 1):
 PSYoungGen      total 18944K, used 2534K [0x00000000feb00000, 0x0000000100000000, 0x0000000100000000)
  eden space 16384K, 0% used [0x00000000feb00000,0x00000000feb00000,0x00000000ffb00000)
  from space 2560K, 99% used [0x00000000ffb00000,0x00000000ffd79b70,0x00000000ffd80000)
  to   space 2560K, 0% used [0x00000000ffd80000,0x00000000ffd80000,0x0000000100000000)
 ParOldGen       total 17920K, used 6545K [0x00000000fc000000, 0x00000000fd180000, 0x00000000feb00000)
  object space 17920K, 36% used [0x00000000fc000000,0x00000000fc664418,0x00000000fd180000)
 Metaspace       used 7431K, capacity 7688K, committed 7936K, reserved 1058816K
  class space    used 860K, capacity 970K, committed 1024K, reserved 1048576K
}

Deoptimization events (7 events):
Event: 3.029 Thread 0x0000000002a3e000 Uncommon trap: reason=unstable_if action=reinterpret pc=0x0000000002e5fdc8 method=java.lang.String.startsWith(Ljava/lang/String;I)Z @ 25
Event: 3.811 Thread 0x0000000002a3e000 Uncommon trap: reason=unstable_if action=reinterpret pc=0x0000000002e908dc method=java.util.zip.ZipEntry.setExtra0([BZ)V @ 279
Event: 3.925 Thread 0x0000000002a3e000 Uncommon trap: reason=unstable_if action=reinterpret pc=0x0000000002e385b8 method=java.lang.String.<init>([CII)V @ 18
Event: 4.179 Thread 0x0000000002a3e000 Uncommon trap: reason=unstable_if action=reinterpret pc=0x0000000002f3bfc8 method=org.objectweb.asm.ClassReader.readUTF(II[C)Ljava/lang/String; @ 77
Event: 4.190 Thread 0x0000000002a3e000 Uncommon trap: reason=unstable_if action=reinterpret pc=0x0000000002f337ec method=org.objectweb.asm.ByteVector.putUTF8(Ljava/lang/String;)Lorg/objectweb/asm/ByteVector; @ 98
Event: 4.225 Thread 0x0000000002a3e000 Uncommon trap: reason=unstable_if action=reinterpret pc=0x0000000002f93124 method=org.objectweb.asm.Item.isEqualTo(Lorg/objectweb/asm/Item;)Z @ 345
Event: 4.293 Thread 0x0000000002a3e000 Uncommon trap: reason=unstable_if action=reinterpret pc=0x0000000002fe582c method=org.objectweb.asm.Type.getArgumentsAndReturnSizes(Ljava/lang/String;)I @ 130

Classes redefined (0 events):
No events

Internal exceptions (10 events):
Event: 3.567 Thread 0x0000000002a3e000 Exception <a 'sun/nio/fs/WindowsException'> (0x00000000fede6f78) thrown at [D:\src\AOSP-openjdk-cygwin\jdk8u\hotspot\src\share\vm\prims\jni.cpp, line 710]
Event: 3.693 Thread 0x0000000002a3e000 Exception <a 'sun/nio/fs/WindowsException'> (0x00000000fedebf28) thrown at [D:\src\AOSP-openjdk-cygwin\jdk8u\hotspot\src\share\vm\prims\jni.cpp, line 710]
Event: 3.862 Thread 0x0000000002a3e000 Exception <a 'sun/nio/fs/WindowsException'> (0x00000000ff8c04e0) thrown at [D:\src\AOSP-openjdk-cygwin\jdk8u\hotspot\src\share\vm\prims\jni.cpp, line 710]
Event: 3.862 Thread 0x0000000002a3e000 Exception <a 'sun/nio/fs/WindowsException'> (0x00000000ff8c0a88) thrown at [D:\src\AOSP-openjdk-cygwin\jdk8u\hotspot\src\share\vm\prims\jni.cpp, line 710]
Event: 4.079 Thread 0x0000000002a3e000 Exception <a 'sun/nio/fs/WindowsException'> (0x00000000ffa99398) thrown at [D:\src\AOSP-openjdk-cygwin\jdk8u\hotspot\src\share\vm\prims\jni.cpp, line 710]
Event: 4.079 Thread 0x0000000002a3e000 Exception <a 'sun/nio/fs/WindowsException'> (0x00000000ffa998c0) thrown at [D:\src\AOSP-openjdk-cygwin\jdk8u\hotspot\src\share\vm\prims\jni.cpp, line 710]
Event: 4.245 Thread 0x0000000002a3e000 Exception <a 'sun/nio/fs/WindowsException'> (0x00000000fed794c8) thrown at [D:\src\AOSP-openjdk-cygwin\jdk8u\hotspot\src\share\vm\prims\jni.cpp, line 710]
Event: 4.245 Thread 0x0000000002a3e000 Exception <a 'sun/nio/fs/WindowsException'> (0x00000000fed799f0) thrown at [D:\src\AOSP-openjdk-cygwin\jdk8u\hotspot\src\share\vm\prims\jni.cpp, line 710]
Event: 4.299 Thread 0x0000000002a3e000 Exception <a 'sun/nio/fs/WindowsException'> (0x00000000fef5fe30) thrown at [D:\src\AOSP-openjdk-cygwin\jdk8u\hotspot\src\share\vm\prims\jni.cpp, line 710]
Event: 4.299 Thread 0x0000000002a3e000 Exception <a 'sun/nio/fs/WindowsException'> (0x00000000fef60358) thrown at [D:\src\AOSP-openjdk-cygwin\jdk8u\hotspot\src\share\vm\prims\jni.cpp, line 710]

Events (10 events):
Event: 4.179 Thread 0x0000000002a3e000 DEOPT UNPACKING pc=0x0000000002c8557b sp=0x0000000002b3e928 mode 2
Event: 4.190 Thread 0x0000000002a3e000 Uncommon trap: trap_request=0xffffff65 fr.pc=0x0000000002f337ec
Event: 4.190 Thread 0x0000000002a3e000 DEOPT PACKING pc=0x0000000002f337ec sp=0x0000000002b3e9b0
Event: 4.190 Thread 0x0000000002a3e000 DEOPT UNPACKING pc=0x0000000002c8557b sp=0x0000000002b3e938 mode 2
Event: 4.225 Thread 0x0000000002a3e000 Uncommon trap: trap_request=0xffffff65 fr.pc=0x0000000002f93124
Event: 4.225 Thread 0x0000000002a3e000 DEOPT PACKING pc=0x0000000002f93124 sp=0x0000000002b3e860
Event: 4.225 Thread 0x0000000002a3e000 DEOPT UNPACKING pc=0x0000000002c8557b sp=0x0000000002b3e7f8 mode 2
Event: 4.293 Thread 0x0000000002a3e000 Uncommon trap: trap_request=0xffffff65 fr.pc=0x0000000002fe582c
Event: 4.293 Thread 0x0000000002a3e000 DEOPT PACKING pc=0x0000000002fe582c sp=0x0000000002b3e820
Event: 4.293 Thread 0x0000000002a3e000 DEOPT UNPACKING pc=0x0000000002c8557b sp=0x0000000002b3e7b0 mode 2


Dynamic libraries:
0x00007ff64a260000 - 0x00007ff64a291000 	C:\Program Files\Android\Android Studio\jre\bin\java.exe
0x00007fffcecc0000 - 0x00007fffceeb0000 	C:\WINDOWS\SYSTEM32\ntdll.dll
0x00007fffcdab0000 - 0x00007fffcdb62000 	C:\WINDOWS\System32\KERNEL32.DLL
0x00007fffcc720000 - 0x00007fffcc9c3000 	C:\WINDOWS\System32\KERNELBASE.dll
0x00007fffce270000 - 0x00007fffce313000 	C:\WINDOWS\System32\ADVAPI32.dll
0x00007fffcd1a0000 - 0x00007fffcd23e000 	C:\WINDOWS\System32\msvcrt.dll
0x00007fffccf80000 - 0x00007fffcd017000 	C:\WINDOWS\System32\sechost.dll
0x00007fffceb60000 - 0x00007fffcec80000 	C:\WINDOWS\System32\RPCRT4.dll
0x00007fffcd700000 - 0x00007fffcd894000 	C:\WINDOWS\System32\USER32.dll
0x00007fffcc6f0000 - 0x00007fffcc711000 	C:\WINDOWS\System32\win32u.dll
0x00007fffce380000 - 0x00007fffce3a6000 	C:\WINDOWS\System32\GDI32.dll
0x00007fffcc550000 - 0x00007fffcc6e4000 	C:\WINDOWS\System32\gdi32full.dll
0x00007fffcc4b0000 - 0x00007fffcc54e000 	C:\WINDOWS\System32\msvcp_win.dll
0x00007fffcc9d0000 - 0x00007fffccaca000 	C:\WINDOWS\System32\ucrtbase.dll
0x00007fffb8d80000 - 0x00007fffb9005000 	C:\WINDOWS\WinSxS\amd64_microsoft.windows.common-controls_6595b64144ccf1df_6.0.18362.657_none_e6c5b579130e3898\COMCTL32.dll
0x00007fffcd240000 - 0x00007fffcd576000 	C:\WINDOWS\System32\combase.dll
0x00007fffcc430000 - 0x00007fffcc4b0000 	C:\WINDOWS\System32\bcryptPrimitives.dll
0x00007fffcced0000 - 0x00007fffccefe000 	C:\WINDOWS\System32\IMM32.DLL
0x000000006cb50000 - 0x000000006cc22000 	C:\Program Files\Android\Android Studio\jre\jre\bin\msvcr100.dll
0x000000006b760000 - 0x000000006bfa6000 	C:\Program Files\Android\Android Studio\jre\jre\bin\server\jvm.dll
0x00007fffcdb70000 - 0x00007fffcdb78000 	C:\WINDOWS\System32\PSAPI.DLL
0x00007fffb0450000 - 0x00007fffb0459000 	C:\WINDOWS\SYSTEM32\WSOCK32.dll
0x00007fffcd690000 - 0x00007fffcd6ff000 	C:\WINDOWS\System32\WS2_32.dll
0x00007fffc97d0000 - 0x00007fffc97f4000 	C:\WINDOWS\SYSTEM32\WINMM.dll
0x00007fffbb8e0000 - 0x00007fffbb8ea000 	C:\WINDOWS\SYSTEM32\VERSION.dll
0x00007fffc97a0000 - 0x00007fffc97cd000 	C:\WINDOWS\SYSTEM32\winmmbase.dll
0x00007fffccc20000 - 0x00007fffccc6a000 	C:\WINDOWS\System32\cfgmgr32.dll
0x00007fffc5000000 - 0x00007fffc500f000 	C:\Program Files\Android\Android Studio\jre\jre\bin\verify.dll
0x00007fffb0ac0000 - 0x00007fffb0ae9000 	C:\Program Files\Android\Android Studio\jre\jre\bin\java.dll
0x00007fffb0aa0000 - 0x00007fffb0ab6000 	C:\Program Files\Android\Android Studio\jre\jre\bin\zip.dll
0x00007fffcdb80000 - 0x00007fffce265000 	C:\WINDOWS\System32\SHELL32.dll
0x00007fffceab0000 - 0x00007fffceb59000 	C:\WINDOWS\System32\shcore.dll
0x00007fffcbcb0000 - 0x00007fffcc42f000 	C:\WINDOWS\System32\windows.storage.dll
0x00007fffcbc30000 - 0x00007fffcbc4f000 	C:\WINDOWS\System32\profapi.dll
0x00007fffcbbc0000 - 0x00007fffcbc0a000 	C:\WINDOWS\System32\powrprof.dll
0x00007fffcbb90000 - 0x00007fffcbba0000 	C:\WINDOWS\System32\UMPDC.dll
0x00007fffce320000 - 0x00007fffce372000 	C:\WINDOWS\System32\shlwapi.dll
0x00007fffcbba0000 - 0x00007fffcbbb1000 	C:\WINDOWS\System32\kernel.appcore.dll
0x00007fffccc70000 - 0x00007fffccc87000 	C:\WINDOWS\System32\cryptsp.dll
0x00007fffcaf10000 - 0x00007fffcaf43000 	C:\WINDOWS\system32\rsaenh.dll
0x00007fffccd40000 - 0x00007fffccd66000 	C:\WINDOWS\System32\bcrypt.dll
0x00007fffcbab0000 - 0x00007fffcbad5000 	C:\WINDOWS\SYSTEM32\USERENV.dll
0x00007fffcb5d0000 - 0x00007fffcb5dc000 	C:\WINDOWS\SYSTEM32\CRYPTBASE.dll
0x00007fffb0a80000 - 0x00007fffb0a9a000 	C:\Program Files\Android\Android Studio\jre\jre\bin\net.dll
0x00007fffcb400000 - 0x00007fffcb467000 	C:\WINDOWS\system32\mswsock.dll
0x00007fffcb0b0000 - 0x00007fffcb0ea000 	C:\WINDOWS\SYSTEM32\IPHLPAPI.DLL
0x00007fffcd580000 - 0x00007fffcd588000 	C:\WINDOWS\System32\NSI.dll
0x00007fffc47c0000 - 0x00007fffc47d6000 	C:\WINDOWS\SYSTEM32\dhcpcsvc6.DLL
0x00007fffc5440000 - 0x00007fffc545c000 	C:\WINDOWS\SYSTEM32\dhcpcsvc.DLL
0x00007fffcb140000 - 0x00007fffcb20a000 	C:\WINDOWS\SYSTEM32\DNSAPI.dll
0x00007fffb0a60000 - 0x00007fffb0a71000 	C:\Program Files\Android\Android Studio\jre\jre\bin\nio.dll

VM Arguments:
jvm_args: -Djava.awt.headless=true -Xmx64M -Dfile.encoding=windows-1252 -Duser.country=IN -Duser.language=en -Duser.variant 
java_command: com.google.devtools.build.android.desugar.Desugar --input G:\IP\2020\RunningProject\tamasvideoapp_05_Feb\app\build\intermediates\transforms\stackFramesFixer\debug\96.jar --output G:\IP\2020\RunningProject\tamasvideoapp_05_Feb\app\build\intermediates\transforms\desugar\debug\98.jar --input G:\IP\2020\RunningProject\tamasvideoapp_05_Feb\app\build\intermediates\transforms\stackFramesFixer\debug\110.jar --output G:\IP\2020\RunningProject\tamasvideoapp_05_Feb\app\build\intermediates\transforms\desugar\debug\112.jar --input G:\IP\2020\RunningProject\tamasvideoapp_05_Feb\app\build\intermediates\transforms\stackFramesFixer\debug\83.jar --output G:\IP\2020\RunningProject\tamasvideoapp_05_Feb\app\build\intermediates\transforms\desugar\debug\85.jar --input G:\IP\2020\RunningProject\tamasvideoapp_05_Feb\app\build\intermediates\transforms\stackFramesFixer\debug\91.jar --output G:\IP\2020\RunningProject\tamasvideoapp_05_Feb\app\build\intermediates\transforms\desugar\debug\93.jar --input G:\IP\2020\RunningProject\tamasvideoapp_05_Feb\app\build\intermediates\transforms\stackFramesFixer\debug\36.jar --output G:\IP\2020\RunningProject\tamasvideoapp_05_Feb\app\build\intermediates\transforms\desugar\debug\38.jar --input G:\IP\2020\RunningProject\tamasvideoapp_05_Feb\app\build\intermediates\transforms\stackFramesFixer\debug\88.jar --output G:\IP\2020\RunningProject\tamasvideoapp_05_Feb\app\build\intermediates\transforms\desugar\debug\90.jar --input G:\IP\2020\RunningProject\tamasvideoapp_05_Feb\app\build\intermediates\transforms\stackFramesFixer\debug\107.jar --output G:\IP\2020\RunningProject\tamasvideoapp_05_Feb\app\build\intermediates\transforms\desugar\debug\109.jar --input G:\IP\2020\RunningProject\tamasvideoapp_05_Feb\app\build\intermediates\transforms\stackFramesFixer\debug\75.jar --output G:\IP\2020\RunningProject\tamasvideoapp_05_Feb\app\build\intermediates\transforms\desugar\debug\77.jar --input G:\IP\2020\RunningProject\tamasvideoapp_05_Feb\app\build\intermedi
java_class_path (initial): C:\Users\lenovo\AppData\Local\Temp\desugar_deploy.jar8962144235624688641
Launcher Type: SUN_STANDARD

Environment Variables:
JAVA_HOME=C:\Program Files (x86)\Java\jre1.8.0_161\lib\rt.jar
PATH=C:\ProgramData\Boxstarter;C:\ProgramData\Oracle\Java\javapath;C:\Program Files (x86)\Lenovo\FusionEngine;C:\Windows\system32;C:\Windows;C:\Windows\System32\Wbem;C:\Windows\System32\WindowsPowerShell\v1.0\;C:\Program Files (x86)\Common Files\lenovo\easyplussdk\bin;C:\Program Files (x86)\NVIDIA Corporation\PhysX\Common;C:\WINDOWS\system32;C:\WINDOWS;C:\WINDOWS\System32\Wbem;C:\WINDOWS\System32\WindowsPowerShell\v1.0\;C:\Program Files\TortoiseGit\bin;C:\Program Files (x86)\Microsoft SQL Server\110\Tools\Binn\ManagementStudio\;C:\Program Files (x86)\Microsoft SQL Server\110\Tools\Binn\;C:\Program Files (x86)\Microsoft SQL Server\110\DTS\Binn\;C:\WINDOWS\System32\OpenSSH\;C:\Program Files\nodejs\;C:\ProgramData\chocolatey\bin;C:\Program Files\Microsoft SQL Server\110\Tools\Binn\;C:\Program Files\Microsoft SQL Server\110\DTS\Binn\;C:\Program Files\Git\cmd;C:\xampp\php;C:\ProgramData\ComposerSetup\bin;C:\WINDOWS\system32;C:\WINDOWS;C:\WINDOWS\System32\Wbem;C:\WINDOWS\System32\WindowsPowerShell\v1.0\;C:\WINDOWS\System32\OpenSSH\;C:\xampp\mysql\bin;%USERPROFILE%\AppData\Local\Microsoft\WindowsApps;
USERNAME=lenovo
OS=Windows_NT
PROCESSOR_IDENTIFIER=Intel64 Family 6 Model 78 Stepping 3, GenuineIntel



---------------  S Y S T E M  ---------------

OS: Windows 10.0 , 64 bit Build 18362 (10.0.18362.329)

CPU:total 4 (initial active 4) (2 cores per cpu, 2 threads per core) family 6 model 78 stepping 3, cmov, cx8, fxsr, mmx, sse, sse2, sse3, ssse3, sse4.1, sse4.2, popcnt, avx, avx2, aes, clmul, erms, 3dnowpref, lzcnt, ht, tsc, tscinvbit, bmi1, bmi2, adx

Memory: 4k page, physical 8177720k(963564k free), swap 10020920k(5460k free)

vm_info: OpenJDK 64-Bit Server VM (25.202-b03) for windows-amd64 JRE (1.8.0_202-release-1483-b03), built by "builder" with MS VC++ 10.0 (VS2010)

time: Sat Mar 07 17:31:02 2020
timezone: India Standard Time
elapsed time: 4 seconds (0d 0h 0m 4s)

