#
# There is insufficient memory for the Java Runtime Environment to continue.
# Native memory allocation (malloc) failed to allocate 751536 bytes for Chunk::new
# Possible reasons:
#   The system is out of physical RAM or swap space
#   The process is running with CompressedOops enabled, and the Java Heap may be blocking the growth of the native heap
# Possible solutions:
#   Reduce memory load on the system
#   Increase physical memory or swap space
#   Check if swap backing store is full
#   Decrease Java heap size (-Xmx/-Xms)
#   Decrease number of Java threads
#   Decrease Java thread stack sizes (-Xss)
#   Set larger code cache with -XX:ReservedCodeCacheSize=
#   JVM is running with Unscaled Compressed Oops mode in which the Java heap is
#     placed in the first 4GB address space. The Java Heap base address is the
#     maximum limit for the native heap growth. Please use -XX:HeapBaseMinAddress
#     to set the Java Heap base and to place the Java Heap above 4GB virtual address.
# This output file may be truncated or incomplete.
#
#  Out of Memory Error (allocation.cpp:389), pid=16200, tid=0x0000000000002960
#
# JRE version: OpenJDK Runtime Environment (8.0_202-b03) (build 1.8.0_202-release-1483-b03)
# Java VM: OpenJDK 64-Bit Server VM (25.202-b03 mixed mode windows-amd64 compressed oops)
# Failed to write core dump. Minidumps are not enabled by default on client versions of Windows
#

---------------  T H R E A D  ---------------

Current thread (0x000000001361a000):  JavaThread "C2 CompilerThread0" daemon [_thread_in_native, id=10592, stack(0x0000000014c80000,0x0000000014d80000)]

Stack: [0x0000000014c80000,0x0000000014d80000]
[error occurred during error reporting (printing stack bounds), id 0xc0000005]

Native frames: (J=compiled Java code, j=interpreted, Vv=VM code, C=native code)


Current CompileTask:
C2:   3127  914       4       org.objectweb.asm.ClassReader::readCode (3575 bytes)


---------------  P R O C E S S  ---------------

Java Threads: ( => current thread )
  0x0000000014f99800 JavaThread "Service Thread" daemon [_thread_blocked, id=12448, stack(0x0000000015380000,0x0000000015480000)]
  0x0000000013620800 JavaThread "C1 CompilerThread2" daemon [_thread_blocked, id=4444, stack(0x0000000014e80000,0x0000000014f80000)]
  0x0000000013624800 JavaThread "C2 CompilerThread1" daemon [_thread_blocked, id=6928, stack(0x0000000014d80000,0x0000000014e80000)]
=>0x000000001361a000 JavaThread "C2 CompilerThread0" daemon [_thread_in_native, id=10592, stack(0x0000000014c80000,0x0000000014d80000)]
  0x0000000013618800 JavaThread "Attach Listener" daemon [_thread_blocked, id=7548, stack(0x0000000014b80000,0x0000000014c80000)]
  0x0000000013617800 JavaThread "Signal Dispatcher" daemon [_thread_blocked, id=1632, stack(0x0000000014a80000,0x0000000014b80000)]
  0x0000000013605000 JavaThread "Finalizer" daemon [_thread_blocked, id=17212, stack(0x0000000014880000,0x0000000014980000)]
  0x00000000032ad800 JavaThread "Reference Handler" daemon [_thread_blocked, id=12212, stack(0x0000000014780000,0x0000000014880000)]
  0x00000000031ae000 JavaThread "main" [_thread_in_native, id=15760, stack(0x0000000003020000,0x0000000003120000)]

Other Threads:
  0x00000000135d7800 VMThread [stack: 0x0000000014680000,0x0000000014780000] [id=12836]
  0x0000000014f9a000 WatcherThread [stack: 0x0000000015480000,0x0000000015580000] [id=16328]

VM state:not at safepoint (normal execution)

VM Mutex/Monitor currently owned by a thread: None

heap address: 0x00000000fc000000, size: 64 MB, Compressed Oops mode: 32-bit
Narrow klass base: 0x0000000000000000, Narrow klass shift: 3
Compressed class space size: 1073741824 Address: 0x0000000100000000

Heap:
 PSYoungGen      total 18944K, used 10219K [0x00000000feb00000, 0x0000000100000000, 0x0000000100000000)
  eden space 16384K, 46% used [0x00000000feb00000,0x00000000ff27b930,0x00000000ffb00000)
  from space 2560K, 99% used [0x00000000ffd80000,0x00000000fffff338,0x0000000100000000)
  to   space 2560K, 0% used [0x00000000ffb00000,0x00000000ffb00000,0x00000000ffd80000)
 ParOldGen       total 44032K, used 5049K [0x00000000fc000000, 0x00000000feb00000, 0x00000000feb00000)
  object space 44032K, 11% used [0x00000000fc000000,0x00000000fc4ee5b0,0x00000000feb00000)
 Metaspace       used 7518K, capacity 7816K, committed 7936K, reserved 1056768K
  class space    used 859K, capacity 970K, committed 1024K, reserved 1048576K

Card table byte_map: [0x00000000016d0000,0x0000000001700000] byte_map_base: 0x0000000000ef0000

Marking Bits: (ParMarkBitMap*) 0x000000006bf29f30
 Begin Bits: [0x0000000012a70000, 0x0000000012b70000)
 End Bits:   [0x0000000012b70000, 0x0000000012c70000)

Polling page: 0x00000000016a0000

CodeCache: size=245760Kb used=3477Kb max_used=3477Kb free=242282Kb
 bounds [0x00000000032b0000, 0x0000000003620000, 0x00000000122b0000]
 total_blobs=1253 nmethods=921 adapters=245
 compilation: enabled

Compilation events (10 events):
Event: 3.072 Thread 0x0000000013620800  921       3       org.objectweb.asm.MethodWriter::visitEnd (1 bytes)
Event: 3.072 Thread 0x0000000013620800 nmethod 921 0x00000000035d31d0 code [0x00000000035d3320, 0x00000000035d3470]
Event: 3.072 Thread 0x0000000013620800  919       3       com.google.devtools.build.android.desugar.DefaultMethodClassFixer::recordIfInstanceMethod (41 bytes)
Event: 3.073 Thread 0x0000000013620800 nmethod 919 0x0000000003611850 code [0x0000000003611a80, 0x0000000003612798]
Event: 3.073 Thread 0x0000000013620800  907   !   3       java.util.zip.ZipFile::getInputStream (304 bytes)
Event: 3.075 Thread 0x0000000013620800 nmethod 907 0x0000000003612d50 code [0x0000000003612fe0, 0x00000000036141b8]
Event: 3.075 Thread 0x0000000013620800  913       3       org.objectweb.asm.MethodWriter::visitJumpInsn (494 bytes)
Event: 3.076 Thread 0x0000000013620800 nmethod 913 0x0000000003614d90 code [0x00000000036150a0, 0x0000000003616268]
Event: 3.076 Thread 0x0000000013620800  910       3       org.objectweb.asm.ByteVector::enlarge (51 bytes)
Event: 3.077 Thread 0x0000000013620800 nmethod 910 0x0000000003616b10 code [0x0000000003616c80, 0x0000000003616fa8]

GC Heap History (4 events):
Event: 2.104 GC heap before
{Heap before GC invocations=1 (full 0):
 PSYoungGen      total 18944K, used 16384K [0x00000000feb00000, 0x0000000100000000, 0x0000000100000000)
  eden space 16384K, 100% used [0x00000000feb00000,0x00000000ffb00000,0x00000000ffb00000)
  from space 2560K, 0% used [0x00000000ffd80000,0x00000000ffd80000,0x0000000100000000)
  to   space 2560K, 0% used [0x00000000ffb00000,0x00000000ffb00000,0x00000000ffd80000)
 ParOldGen       total 44032K, used 0K [0x00000000fc000000, 0x00000000feb00000, 0x00000000feb00000)
  object space 44032K, 0% used [0x00000000fc000000,0x00000000fc000000,0x00000000feb00000)
 Metaspace       used 6651K, capacity 6874K, committed 7040K, reserved 1056768K
  class space    used 785K, capacity 871K, committed 896K, reserved 1048576K
Event: 2.109 GC heap after
Heap after GC invocations=1 (full 0):
 PSYoungGen      total 18944K, used 2545K [0x00000000feb00000, 0x0000000100000000, 0x0000000100000000)
  eden space 16384K, 0% used [0x00000000feb00000,0x00000000feb00000,0x00000000ffb00000)
  from space 2560K, 99% used [0x00000000ffb00000,0x00000000ffd7c658,0x00000000ffd80000)
  to   space 2560K, 0% used [0x00000000ffd80000,0x00000000ffd80000,0x0000000100000000)
 ParOldGen       total 44032K, used 1195K [0x00000000fc000000, 0x00000000feb00000, 0x00000000feb00000)
  object space 44032K, 2% used [0x00000000fc000000,0x00000000fc12af70,0x00000000feb00000)
 Metaspace       used 6651K, capacity 6874K, committed 7040K, reserved 1056768K
  class space    used 785K, capacity 871K, committed 896K, reserved 1048576K
}
Event: 2.622 GC heap before
{Heap before GC invocations=2 (full 0):
 PSYoungGen      total 18944K, used 18929K [0x00000000feb00000, 0x0000000100000000, 0x0000000100000000)
  eden space 16384K, 100% used [0x00000000feb00000,0x00000000ffb00000,0x00000000ffb00000)
  from space 2560K, 99% used [0x00000000ffb00000,0x00000000ffd7c658,0x00000000ffd80000)
  to   space 2560K, 0% used [0x00000000ffd80000,0x00000000ffd80000,0x0000000100000000)
 ParOldGen       total 44032K, used 1195K [0x00000000fc000000, 0x00000000feb00000, 0x00000000feb00000)
  object space 44032K, 2% used [0x00000000fc000000,0x00000000fc12af70,0x00000000feb00000)
 Metaspace       used 6821K, capacity 7016K, committed 7040K, reserved 1056768K
  class space    used 799K, capacity 874K, committed 896K, reserved 1048576K
Event: 2.631 GC heap after
Heap after GC invocations=2 (full 0):
 PSYoungGen      total 18944K, used 2556K [0x00000000feb00000, 0x0000000100000000, 0x0000000100000000)
  eden space 16384K, 0% used [0x00000000feb00000,0x00000000feb00000,0x00000000ffb00000)
  from space 2560K, 99% used [0x00000000ffd80000,0x00000000fffff338,0x0000000100000000)
  to   space 2560K, 0% used [0x00000000ffb00000,0x00000000ffb00000,0x00000000ffd80000)
 ParOldGen       total 44032K, used 5049K [0x00000000fc000000, 0x00000000feb00000, 0x00000000feb00000)
  object space 44032K, 11% used [0x00000000fc000000,0x00000000fc4ee5b0,0x00000000feb00000)
 Metaspace       used 6821K, capacity 7016K, committed 7040K, reserved 1056768K
  class space    used 799K, capacity 874K, committed 896K, reserved 1048576K
}

Deoptimization events (6 events):
Event: 2.069 Thread 0x00000000031ae000 Uncommon trap: reason=unstable_if action=reinterpret pc=0x00000000034bf408 method=java.lang.String.startsWith(Ljava/lang/String;I)Z @ 25
Event: 2.092 Thread 0x00000000031ae000 Uncommon trap: reason=unstable_if action=reinterpret pc=0x00000000034f502c method=java.util.zip.ZipCoder.decoder()Ljava/nio/charset/CharsetDecoder; @ 4
Event: 2.095 Thread 0x00000000031ae000 Uncommon trap: reason=unstable_if action=reinterpret pc=0x00000000034ef71c method=java.util.zip.ZipFile$ZipEntryIterator.hasNext()Z @ 25
Event: 2.571 Thread 0x00000000031ae000 Uncommon trap: reason=unstable_if action=reinterpret pc=0x00000000034f6d5c method=java.util.zip.ZipEntry.setExtra0([BZ)V @ 279
Event: 2.798 Thread 0x00000000031ae000 Uncommon trap: reason=unstable_if action=reinterpret pc=0x000000000349b838 method=java.lang.String.<init>([CII)V @ 18
Event: 2.999 Thread 0x00000000031ae000 Uncommon trap: reason=unstable_if action=reinterpret pc=0x000000000359bfa4 method=org.objectweb.asm.ClassReader.readUTF8(I[C)Ljava/lang/String; @ 11

Classes redefined (0 events):
No events

Internal exceptions (10 events):
Event: 2.409 Thread 0x00000000031ae000 Exception <a 'sun/nio/fs/WindowsException'> (0x00000000ff2c2338) thrown at [D:\src\AOSP-openjdk-cygwin\jdk8u\hotspot\src\share\vm\prims\jni.cpp, line 710]
Event: 2.410 Thread 0x00000000031ae000 Exception <a 'sun/nio/fs/WindowsException'> (0x00000000ff2c2918) thrown at [D:\src\AOSP-openjdk-cygwin\jdk8u\hotspot\src\share\vm\prims\jni.cpp, line 710]
Event: 2.410 Thread 0x00000000031ae000 Exception <a 'sun/nio/fs/WindowsException'> (0x00000000ff2c30e8) thrown at [D:\src\AOSP-openjdk-cygwin\jdk8u\hotspot\src\share\vm\prims\jni.cpp, line 710]
Event: 2.427 Thread 0x00000000031ae000 Exception <a 'sun/nio/fs/WindowsException'> (0x00000000ff2c8098) thrown at [D:\src\AOSP-openjdk-cygwin\jdk8u\hotspot\src\share\vm\prims\jni.cpp, line 710]
Event: 2.664 Thread 0x00000000031ae000 Exception <a 'sun/nio/fs/WindowsException'> (0x00000000fed9c888) thrown at [D:\src\AOSP-openjdk-cygwin\jdk8u\hotspot\src\share\vm\prims\jni.cpp, line 710]
Event: 2.664 Thread 0x00000000031ae000 Exception <a 'sun/nio/fs/WindowsException'> (0x00000000fed9ce30) thrown at [D:\src\AOSP-openjdk-cygwin\jdk8u\hotspot\src\share\vm\prims\jni.cpp, line 710]
Event: 2.851 Thread 0x00000000031ae000 Exception <a 'sun/nio/fs/WindowsException'> (0x00000000fef8e840) thrown at [D:\src\AOSP-openjdk-cygwin\jdk8u\hotspot\src\share\vm\prims\jni.cpp, line 710]
Event: 2.851 Thread 0x00000000031ae000 Exception <a 'sun/nio/fs/WindowsException'> (0x00000000fef8ed68) thrown at [D:\src\AOSP-openjdk-cygwin\jdk8u\hotspot\src\share\vm\prims\jni.cpp, line 710]
Event: 2.889 Thread 0x00000000031ae000 Exception <a 'sun/nio/fs/WindowsException'> (0x00000000feffab08) thrown at [D:\src\AOSP-openjdk-cygwin\jdk8u\hotspot\src\share\vm\prims\jni.cpp, line 710]
Event: 2.890 Thread 0x00000000031ae000 Exception <a 'sun/nio/fs/WindowsException'> (0x00000000feffb030) thrown at [D:\src\AOSP-openjdk-cygwin\jdk8u\hotspot\src\share\vm\prims\jni.cpp, line 710]

Events (10 events):
Event: 2.821 loading class org/objectweb/asm/Edge done
Event: 2.825 loading class java/util/Vector$Itr
Event: 2.850 loading class java/util/Vector$Itr done
Event: 2.853 loading class org/objectweb/asm/Handler
Event: 2.853 loading class org/objectweb/asm/Handler done
Event: 2.866 loading class org/objectweb/asm/Opcodes
Event: 2.866 loading class org/objectweb/asm/Opcodes done
Event: 2.999 Thread 0x00000000031ae000 Uncommon trap: trap_request=0xffffff65 fr.pc=0x000000000359bfa4
Event: 2.999 Thread 0x00000000031ae000 DEOPT PACKING pc=0x000000000359bfa4 sp=0x000000000311ede0
Event: 2.999 Thread 0x00000000031ae000 DEOPT UNPACKING pc=0x00000000032f557b sp=0x000000000311edc8 mode 2


Dynamic libraries:
0x00007ff64a260000 - 0x00007ff64a291000 	C:\Program Files\Android\Android Studio\jre\bin\java.exe
0x00007fffcecc0000 - 0x00007fffceeb0000 	C:\WINDOWS\SYSTEM32\ntdll.dll
0x00007fffcdab0000 - 0x00007fffcdb62000 	C:\WINDOWS\System32\KERNEL32.DLL
0x00007fffcc720000 - 0x00007fffcc9c3000 	C:\WINDOWS\System32\KERNELBASE.dll
0x00007fffce270000 - 0x00007fffce313000 	C:\WINDOWS\System32\ADVAPI32.dll
0x00007fffcd1a0000 - 0x00007fffcd23e000 	C:\WINDOWS\System32\msvcrt.dll
0x00007fffccf80000 - 0x00007fffcd017000 	C:\WINDOWS\System32\sechost.dll
0x00007fffceb60000 - 0x00007fffcec80000 	C:\WINDOWS\System32\RPCRT4.dll
0x00007fffcd700000 - 0x00007fffcd894000 	C:\WINDOWS\System32\USER32.dll
0x00007fffcc6f0000 - 0x00007fffcc711000 	C:\WINDOWS\System32\win32u.dll
0x00007fffce380000 - 0x00007fffce3a6000 	C:\WINDOWS\System32\GDI32.dll
0x00007fffcc550000 - 0x00007fffcc6e4000 	C:\WINDOWS\System32\gdi32full.dll
0x00007fffcc4b0000 - 0x00007fffcc54e000 	C:\WINDOWS\System32\msvcp_win.dll
0x00007fffcc9d0000 - 0x00007fffccaca000 	C:\WINDOWS\System32\ucrtbase.dll
0x00007fffb8d80000 - 0x00007fffb9005000 	C:\WINDOWS\WinSxS\amd64_microsoft.windows.common-controls_6595b64144ccf1df_6.0.18362.657_none_e6c5b579130e3898\COMCTL32.dll
0x00007fffcd240000 - 0x00007fffcd576000 	C:\WINDOWS\System32\combase.dll
0x00007fffcc430000 - 0x00007fffcc4b0000 	C:\WINDOWS\System32\bcryptPrimitives.dll
0x00007fffcced0000 - 0x00007fffccefe000 	C:\WINDOWS\System32\IMM32.DLL
0x000000006cb50000 - 0x000000006cc22000 	C:\Program Files\Android\Android Studio\jre\jre\bin\msvcr100.dll
0x000000006b760000 - 0x000000006bfa6000 	C:\Program Files\Android\Android Studio\jre\jre\bin\server\jvm.dll
0x00007fffcdb70000 - 0x00007fffcdb78000 	C:\WINDOWS\System32\PSAPI.DLL
0x00007fffb0450000 - 0x00007fffb0459000 	C:\WINDOWS\SYSTEM32\WSOCK32.dll
0x00007fffc97d0000 - 0x00007fffc97f4000 	C:\WINDOWS\SYSTEM32\WINMM.dll
0x00007fffcd690000 - 0x00007fffcd6ff000 	C:\WINDOWS\System32\WS2_32.dll
0x00007fffbb8e0000 - 0x00007fffbb8ea000 	C:\WINDOWS\SYSTEM32\VERSION.dll
0x00007fffc97a0000 - 0x00007fffc97cd000 	C:\WINDOWS\SYSTEM32\winmmbase.dll
0x00007fffccc20000 - 0x00007fffccc6a000 	C:\WINDOWS\System32\cfgmgr32.dll
0x00007fffc5000000 - 0x00007fffc500f000 	C:\Program Files\Android\Android Studio\jre\jre\bin\verify.dll
0x00007fffb0ac0000 - 0x00007fffb0ae9000 	C:\Program Files\Android\Android Studio\jre\jre\bin\java.dll
0x00007fffb0aa0000 - 0x00007fffb0ab6000 	C:\Program Files\Android\Android Studio\jre\jre\bin\zip.dll
0x00007fffcdb80000 - 0x00007fffce265000 	C:\WINDOWS\System32\SHELL32.dll
0x00007fffceab0000 - 0x00007fffceb59000 	C:\WINDOWS\System32\shcore.dll
0x00007fffcbcb0000 - 0x00007fffcc42f000 	C:\WINDOWS\System32\windows.storage.dll
0x00007fffcbc30000 - 0x00007fffcbc4f000 	C:\WINDOWS\System32\profapi.dll
0x00007fffcbbc0000 - 0x00007fffcbc0a000 	C:\WINDOWS\System32\powrprof.dll
0x00007fffcbb90000 - 0x00007fffcbba0000 	C:\WINDOWS\System32\UMPDC.dll
0x00007fffce320000 - 0x00007fffce372000 	C:\WINDOWS\System32\shlwapi.dll
0x00007fffcbba0000 - 0x00007fffcbbb1000 	C:\WINDOWS\System32\kernel.appcore.dll
0x00007fffccc70000 - 0x00007fffccc87000 	C:\WINDOWS\System32\cryptsp.dll
0x00007fffcaf10000 - 0x00007fffcaf43000 	C:\WINDOWS\system32\rsaenh.dll
0x00007fffccd40000 - 0x00007fffccd66000 	C:\WINDOWS\System32\bcrypt.dll
0x00007fffcbab0000 - 0x00007fffcbad5000 	C:\WINDOWS\SYSTEM32\USERENV.dll
0x00007fffcb5d0000 - 0x00007fffcb5dc000 	C:\WINDOWS\SYSTEM32\CRYPTBASE.dll
0x00007fffb0a80000 - 0x00007fffb0a9a000 	C:\Program Files\Android\Android Studio\jre\jre\bin\net.dll
0x00007fffcb400000 - 0x00007fffcb467000 	C:\WINDOWS\system32\mswsock.dll
0x00007fffcb0b0000 - 0x00007fffcb0ea000 	C:\WINDOWS\SYSTEM32\IPHLPAPI.DLL
0x00007fffcd580000 - 0x00007fffcd588000 	C:\WINDOWS\System32\NSI.dll
0x00007fffc47c0000 - 0x00007fffc47d6000 	C:\WINDOWS\SYSTEM32\dhcpcsvc6.DLL
0x00007fffc5440000 - 0x00007fffc545c000 	C:\WINDOWS\SYSTEM32\dhcpcsvc.DLL
0x00007fffcb140000 - 0x00007fffcb20a000 	C:\WINDOWS\SYSTEM32\DNSAPI.dll
0x00007fffb0a60000 - 0x00007fffb0a71000 	C:\Program Files\Android\Android Studio\jre\jre\bin\nio.dll

VM Arguments:
jvm_args: -Djava.awt.headless=true -Xmx64M -Dfile.encoding=windows-1252 -Duser.country=IN -Duser.language=en -Duser.variant 
java_command: com.google.devtools.build.android.desugar.Desugar --input G:\IP\2020\RunningProject\tamasvideoapp_05_Feb\app\build\intermediates\transforms\stackFramesFixer\debug\96.jar --output G:\IP\2020\RunningProject\tamasvideoapp_05_Feb\app\build\intermediates\transforms\desugar\debug\98.jar --input G:\IP\2020\RunningProject\tamasvideoapp_05_Feb\app\build\intermediates\transforms\stackFramesFixer\debug\28.jar --output G:\IP\2020\RunningProject\tamasvideoapp_05_Feb\app\build\intermediates\transforms\desugar\debug\30.jar --input G:\IP\2020\RunningProject\tamasvideoapp_05_Feb\app\build\intermediates\transforms\stackFramesFixer\debug\53.jar --output G:\IP\2020\RunningProject\tamasvideoapp_05_Feb\app\build\intermediates\transforms\desugar\debug\55.jar --input G:\IP\2020\RunningProject\tamasvideoapp_05_Feb\app\build\intermediates\transforms\stackFramesFixer\debug\58.jar --output G:\IP\2020\RunningProject\tamasvideoapp_05_Feb\app\build\intermediates\transforms\desugar\debug\60.jar --input G:\IP\2020\RunningProject\tamasvideoapp_05_Feb\app\build\intermediates\transforms\stackFramesFixer\debug\66.jar --output G:\IP\2020\RunningProject\tamasvideoapp_05_Feb\app\build\intermediates\transforms\desugar\debug\68.jar --input G:\IP\2020\RunningProject\tamasvideoapp_05_Feb\app\build\intermediates\transforms\stackFramesFixer\debug\91.jar --output G:\IP\2020\RunningProject\tamasvideoapp_05_Feb\app\build\intermediates\transforms\desugar\debug\93.jar --input G:\IP\2020\RunningProject\tamasvideoapp_05_Feb\app\build\intermediates\transforms\stackFramesFixer\debug\8.jar --output G:\IP\2020\RunningProject\tamasvideoapp_05_Feb\app\build\intermediates\transforms\desugar\debug\10.jar --input G:\IP\2020\RunningProject\tamasvideoapp_05_Feb\app\build\intermediates\transforms\stackFramesFixer\debug\36.jar --output G:\IP\2020\RunningProject\tamasvideoapp_05_Feb\app\build\intermediates\transforms\desugar\debug\38.jar --input G:\IP\2020\RunningProject\tamasvideoapp_05_Feb\app\build\intermediates\
java_class_path (initial): C:\Users\lenovo\AppData\Local\Temp\desugar_deploy.jar8962144235624688641
Launcher Type: SUN_STANDARD

Environment Variables:
JAVA_HOME=C:\Program Files (x86)\Java\jre1.8.0_161\lib\rt.jar
PATH=C:\ProgramData\Boxstarter;C:\ProgramData\Oracle\Java\javapath;C:\Program Files (x86)\Lenovo\FusionEngine;C:\Windows\system32;C:\Windows;C:\Windows\System32\Wbem;C:\Windows\System32\WindowsPowerShell\v1.0\;C:\Program Files (x86)\Common Files\lenovo\easyplussdk\bin;C:\Program Files (x86)\NVIDIA Corporation\PhysX\Common;C:\WINDOWS\system32;C:\WINDOWS;C:\WINDOWS\System32\Wbem;C:\WINDOWS\System32\WindowsPowerShell\v1.0\;C:\Program Files\TortoiseGit\bin;C:\Program Files (x86)\Microsoft SQL Server\110\Tools\Binn\ManagementStudio\;C:\Program Files (x86)\Microsoft SQL Server\110\Tools\Binn\;C:\Program Files (x86)\Microsoft SQL Server\110\DTS\Binn\;C:\WINDOWS\System32\OpenSSH\;C:\Program Files\nodejs\;C:\ProgramData\chocolatey\bin;C:\Program Files\Microsoft SQL Server\110\Tools\Binn\;C:\Program Files\Microsoft SQL Server\110\DTS\Binn\;C:\Program Files\Git\cmd;C:\xampp\php;C:\ProgramData\ComposerSetup\bin;C:\WINDOWS\system32;C:\WINDOWS;C:\WINDOWS\System32\Wbem;C:\WINDOWS\System32\WindowsPowerShell\v1.0\;C:\WINDOWS\System32\OpenSSH\;C:\xampp\mysql\bin;%USERPROFILE%\AppData\Local\Microsoft\WindowsApps;
USERNAME=lenovo
OS=Windows_NT
PROCESSOR_IDENTIFIER=Intel64 Family 6 Model 78 Stepping 3, GenuineIntel



---------------  S Y S T E M  ---------------

OS: Windows 10.0 , 64 bit Build 18362 (10.0.18362.329)

CPU:total 4 (initial active 4) (2 cores per cpu, 2 threads per core) family 6 model 78 stepping 3, cmov, cx8, fxsr, mmx, sse, sse2, sse3, ssse3, sse4.1, sse4.2, popcnt, avx, avx2, aes, clmul, erms, 3dnowpref, lzcnt, ht, tsc, tscinvbit, bmi1, bmi2, adx

Memory: 4k page, physical 8177720k(1044284k free), swap 10020920k(3064k free)

vm_info: OpenJDK 64-Bit Server VM (25.202-b03) for windows-amd64 JRE (1.8.0_202-release-1483-b03), built by "builder" with MS VC++ 10.0 (VS2010)

time: Sat Mar 07 17:29:09 2020
timezone: India Standard Time
elapsed time: 3 seconds (0d 0h 0m 3s)

